running egg_info
writing ../build/movement_controller/movement_controller.egg-info/PKG-INFO
writing dependency_links to ../build/movement_controller/movement_controller.egg-info/dependency_links.txt
writing entry points to ../build/movement_controller/movement_controller.egg-info/entry_points.txt
writing requirements to ../build/movement_controller/movement_controller.egg-info/requires.txt
writing top-level names to ../build/movement_controller/movement_controller.egg-info/top_level.txt
reading manifest file '../build/movement_controller/movement_controller.egg-info/SOURCES.txt'
adding license file 'LICENSE'
writing manifest file '../build/movement_controller/movement_controller.egg-info/SOURCES.txt'
running build
running build_py
running install
running install_lib
running install_data
running install_egg_info
removing '/home/frans/mega_ws/src/install/movement_controller/lib/python3.12/site-packages/movement_controller-0.0.0-py3.12.egg-info' (and everything under it)
Copying ../build/movement_controller/movement_controller.egg-info to /home/frans/mega_ws/src/install/movement_controller/lib/python3.12/site-packages/movement_controller-0.0.0-py3.12.egg-info
running install_scripts
Installing movement_controller_node script to /home/frans/mega_ws/src/install/movement_controller/lib/movement_controller
writing list of installed files to '/home/frans/mega_ws/src/build/movement_controller/install.log'
