[1.504s] Invoking command in '/home/frans/mega_ws/src/movement_controller': DEBUGINFOD_URLS=https://debuginfod.ubuntu.com PYTHONPATH=/home/frans/mega_ws/src/build/movement_controller/prefix_override:/usr/lib/python3/dist-packages/colcon_core/task/python/colcon_distutils_commands:/home/frans/mega_ws/src/install/movement_controller/lib/python3.12/site-packages:${PYTHONPATH} /usr/bin/python3 -W ignore:setup.py install is deprecated -W ignore:easy_install command is deprecated setup.py egg_info --egg-base ../build/movement_controller build --build-base /home/frans/mega_ws/src/build/movement_controller/build install --record /home/frans/mega_ws/src/build/movement_controller/install.log --single-version-externally-managed install_data
[1.810s] running egg_info
[1.833s] writing ../build/movement_controller/movement_controller.egg-info/PKG-INFO
[1.833s] writing dependency_links to ../build/movement_controller/movement_controller.egg-info/dependency_links.txt
[1.833s] writing entry points to ../build/movement_controller/movement_controller.egg-info/entry_points.txt
[1.834s] writing requirements to ../build/movement_controller/movement_controller.egg-info/requires.txt
[1.834s] writing top-level names to ../build/movement_controller/movement_controller.egg-info/top_level.txt
[1.878s] reading manifest file '../build/movement_controller/movement_controller.egg-info/SOURCES.txt'
[1.879s] adding license file 'LICENSE'
[1.879s] writing manifest file '../build/movement_controller/movement_controller.egg-info/SOURCES.txt'
[1.880s] running build
[1.880s] running build_py
[1.880s] running install
[1.886s] running install_lib
[1.910s] running install_data
[1.910s] running install_egg_info
[1.933s] removing '/home/frans/mega_ws/src/install/movement_controller/lib/python3.12/site-packages/movement_controller-0.0.0-py3.12.egg-info' (and everything under it)
[1.933s] Copying ../build/movement_controller/movement_controller.egg-info to /home/frans/mega_ws/src/install/movement_controller/lib/python3.12/site-packages/movement_controller-0.0.0-py3.12.egg-info
[1.934s] running install_scripts
[2.075s] Installing movement_controller_node script to /home/frans/mega_ws/src/install/movement_controller/lib/movement_controller
[2.076s] writing list of installed files to '/home/frans/mega_ws/src/build/movement_controller/install.log'
[2.118s] Invoked command in '/home/frans/mega_ws/src/movement_controller' returned '0': DEBUGINFOD_URLS=https://debuginfod.ubuntu.com PYTHONPATH=/home/frans/mega_ws/src/build/movement_controller/prefix_override:/usr/lib/python3/dist-packages/colcon_core/task/python/colcon_distutils_commands:/home/frans/mega_ws/src/install/movement_controller/lib/python3.12/site-packages:${PYTHONPATH} /usr/bin/python3 -W ignore:setup.py install is deprecated -W ignore:easy_install command is deprecated setup.py egg_info --egg-base ../build/movement_controller build --build-base /home/frans/mega_ws/src/build/movement_controller/build install --record /home/frans/mega_ws/src/build/movement_controller/install.log --single-version-externally-managed install_data
