running egg_info
creating ../build/movement_controller/movement_controller.egg-info
writing ../build/movement_controller/movement_controller.egg-info/PKG-INFO
writing dependency_links to ../build/movement_controller/movement_controller.egg-info/dependency_links.txt
writing entry points to ../build/movement_controller/movement_controller.egg-info/entry_points.txt
writing requirements to ../build/movement_controller/movement_controller.egg-info/requires.txt
writing top-level names to ../build/movement_controller/movement_controller.egg-info/top_level.txt
writing manifest file '../build/movement_controller/movement_controller.egg-info/SOURCES.txt'
reading manifest file '../build/movement_controller/movement_controller.egg-info/SOURCES.txt'
adding license file 'LICENSE'
writing manifest file '../build/movement_controller/movement_controller.egg-info/SOURCES.txt'
running build
running build_py
creating /home/frans/mega_ws/src/build/movement_controller/build
creating /home/frans/mega_ws/src/build/movement_controller/build/lib
creating /home/frans/mega_ws/src/build/movement_controller/build/lib/movement_controller
copying movement_controller/__init__.py -> /home/frans/mega_ws/src/build/movement_controller/build/lib/movement_controller
copying movement_controller/movement_controller_node.py -> /home/frans/mega_ws/src/build/movement_controller/build/lib/movement_controller
running install
running install_lib
creating /home/frans/mega_ws/src/install/movement_controller/lib/python3.12/site-packages/movement_controller
copying /home/frans/mega_ws/src/build/movement_controller/build/lib/movement_controller/__init__.py -> /home/frans/mega_ws/src/install/movement_controller/lib/python3.12/site-packages/movement_controller
copying /home/frans/mega_ws/src/build/movement_controller/build/lib/movement_controller/movement_controller_node.py -> /home/frans/mega_ws/src/install/movement_controller/lib/python3.12/site-packages/movement_controller
byte-compiling /home/frans/mega_ws/src/install/movement_controller/lib/python3.12/site-packages/movement_controller/__init__.py to __init__.cpython-312.pyc
byte-compiling /home/frans/mega_ws/src/install/movement_controller/lib/python3.12/site-packages/movement_controller/movement_controller_node.py to movement_controller_node.cpython-312.pyc
running install_data
creating /home/frans/mega_ws/src/install/movement_controller/share/ament_index
creating /home/frans/mega_ws/src/install/movement_controller/share/ament_index/resource_index
creating /home/frans/mega_ws/src/install/movement_controller/share/ament_index/resource_index/packages
copying resource/movement_controller -> /home/frans/mega_ws/src/install/movement_controller/share/ament_index/resource_index/packages
copying package.xml -> /home/frans/mega_ws/src/install/movement_controller/share/movement_controller
creating /home/frans/mega_ws/src/install/movement_controller/share/movement_controller/launch
copying launch/movement_controller_launch.py -> /home/frans/mega_ws/src/install/movement_controller/share/movement_controller/launch
running install_egg_info
Copying ../build/movement_controller/movement_controller.egg-info to /home/frans/mega_ws/src/install/movement_controller/lib/python3.12/site-packages/movement_controller-0.0.0-py3.12.egg-info
running install_scripts
Installing movement_controller_node script to /home/frans/mega_ws/src/install/movement_controller/lib/movement_controller
writing list of installed files to '/home/frans/mega_ws/src/build/movement_controller/install.log'
