[2.648s] Invoking command in '/home/frans/mega_ws/src/error_handler': DEBUGINFOD_URLS=https://debuginfod.ubuntu.com PYTHONPATH=/home/frans/mega_ws/src/build/error_handler/prefix_override:/usr/lib/python3/dist-packages/colcon_core/task/python/colcon_distutils_commands:/home/frans/mega_ws/src/install/error_handler/lib/python3.12/site-packages:${PYTHONPATH} /usr/bin/python3 -W ignore:setup.py install is deprecated -W ignore:easy_install command is deprecated setup.py egg_info --egg-base ../build/error_handler build --build-base /home/frans/mega_ws/src/build/error_handler/build install --record /home/frans/mega_ws/src/build/error_handler/install.log --single-version-externally-managed install_data
[3.101s] running egg_info
[3.140s] writing ../build/error_handler/error_handler.egg-info/PKG-INFO
[3.141s] writing dependency_links to ../build/error_handler/error_handler.egg-info/dependency_links.txt
[3.141s] writing entry points to ../build/error_handler/error_handler.egg-info/entry_points.txt
[3.141s] writing requirements to ../build/error_handler/error_handler.egg-info/requires.txt
[3.142s] writing top-level names to ../build/error_handler/error_handler.egg-info/top_level.txt
[3.223s] reading manifest file '../build/error_handler/error_handler.egg-info/SOURCES.txt'
[3.224s] adding license file 'LICENSE'
[3.225s] writing manifest file '../build/error_handler/error_handler.egg-info/SOURCES.txt'
[3.225s] running build
[3.225s] running build_py
[3.226s] running install
[3.236s] running install_lib
[3.273s] running install_data
[3.273s] running install_egg_info
[3.322s] removing '/home/frans/mega_ws/src/install/error_handler/lib/python3.12/site-packages/error_handler-0.0.0-py3.12.egg-info' (and everything under it)
[3.323s] Copying ../build/error_handler/error_handler.egg-info to /home/frans/mega_ws/src/install/error_handler/lib/python3.12/site-packages/error_handler-0.0.0-py3.12.egg-info
[3.325s] running install_scripts
[3.583s] Installing error_handler_node script to /home/frans/mega_ws/src/install/error_handler/lib/error_handler
[3.583s] writing list of installed files to '/home/frans/mega_ws/src/build/error_handler/install.log'
[3.640s] Invoked command in '/home/frans/mega_ws/src/error_handler' returned '0': DEBUGINFOD_URLS=https://debuginfod.ubuntu.com PYTHONPATH=/home/frans/mega_ws/src/build/error_handler/prefix_override:/usr/lib/python3/dist-packages/colcon_core/task/python/colcon_distutils_commands:/home/frans/mega_ws/src/install/error_handler/lib/python3.12/site-packages:${PYTHONPATH} /usr/bin/python3 -W ignore:setup.py install is deprecated -W ignore:easy_install command is deprecated setup.py egg_info --egg-base ../build/error_handler build --build-base /home/frans/mega_ws/src/build/error_handler/build install --record /home/frans/mega_ws/src/build/error_handler/install.log --single-version-externally-managed install_data
