running egg_info
creating ../build/cube_bringup/cube_bringup.egg-info
writing ../build/cube_bringup/cube_bringup.egg-info/PKG-INFO
writing dependency_links to ../build/cube_bringup/cube_bringup.egg-info/dependency_links.txt
writing requirements to ../build/cube_bringup/cube_bringup.egg-info/requires.txt
writing top-level names to ../build/cube_bringup/cube_bringup.egg-info/top_level.txt
writing manifest file '../build/cube_bringup/cube_bringup.egg-info/SOURCES.txt'
reading manifest file '../build/cube_bringup/cube_bringup.egg-info/SOURCES.txt'
adding license file 'LICENSE'
writing manifest file '../build/cube_bringup/cube_bringup.egg-info/SOURCES.txt'
running build
running build_py
creating /home/frans/mega_ws/src/build/cube_bringup/build
creating /home/frans/mega_ws/src/build/cube_bringup/build/lib
creating /home/frans/mega_ws/src/build/cube_bringup/build/lib/cube_bringup
copying cube_bringup/__init__.py -> /home/frans/mega_ws/src/build/cube_bringup/build/lib/cube_bringup
running install
running install_lib
creating /home/frans/mega_ws/src/install/cube_bringup/lib/python3.12/site-packages/cube_bringup
copying /home/frans/mega_ws/src/build/cube_bringup/build/lib/cube_bringup/__init__.py -> /home/frans/mega_ws/src/install/cube_bringup/lib/python3.12/site-packages/cube_bringup
byte-compiling /home/frans/mega_ws/src/install/cube_bringup/lib/python3.12/site-packages/cube_bringup/__init__.py to __init__.cpython-312.pyc
running install_data
creating /home/frans/mega_ws/src/install/cube_bringup/share/ament_index
creating /home/frans/mega_ws/src/install/cube_bringup/share/ament_index/resource_index
creating /home/frans/mega_ws/src/install/cube_bringup/share/ament_index/resource_index/packages
copying resource/cube_bringup -> /home/frans/mega_ws/src/install/cube_bringup/share/ament_index/resource_index/packages
creating /home/frans/mega_ws/src/install/cube_bringup/share/cube_bringup/launch
copying launch/cube_bringup_launch.py -> /home/frans/mega_ws/src/install/cube_bringup/share/cube_bringup/launch
copying package.xml -> /home/frans/mega_ws/src/install/cube_bringup/share/cube_bringup
running install_egg_info
Copying ../build/cube_bringup/cube_bringup.egg-info to /home/frans/mega_ws/src/install/cube_bringup/lib/python3.12/site-packages/cube_bringup-0.0.0-py3.12.egg-info
running install_scripts
writing list of installed files to '/home/frans/mega_ws/src/build/cube_bringup/install.log'
