running egg_info
writing ../build/movement_planner/movement_planner.egg-info/PKG-INFO
writing dependency_links to ../build/movement_planner/movement_planner.egg-info/dependency_links.txt
writing entry points to ../build/movement_planner/movement_planner.egg-info/entry_points.txt
writing requirements to ../build/movement_planner/movement_planner.egg-info/requires.txt
writing top-level names to ../build/movement_planner/movement_planner.egg-info/top_level.txt
reading manifest file '../build/movement_planner/movement_planner.egg-info/SOURCES.txt'
adding license file 'LICENSE'
writing manifest file '../build/movement_planner/movement_planner.egg-info/SOURCES.txt'
running build
running build_py
running install
running install_lib
running install_data
running install_egg_info
removing '/home/frans/mega_ws/src/install/movement_planner/lib/python3.12/site-packages/movement_planner-0.0.0-py3.12.egg-info' (and everything under it)
Copying ../build/movement_planner/movement_planner.egg-info to /home/frans/mega_ws/src/install/movement_planner/lib/python3.12/site-packages/movement_planner-0.0.0-py3.12.egg-info
running install_scripts
Installing movement_planner_node script to /home/frans/mega_ws/src/install/movement_planner/lib/movement_planner
writing list of installed files to '/home/frans/mega_ws/src/build/movement_planner/install.log'
