[2.582s] Invoking command in '/home/frans/mega_ws/src/camera_pipeline': DEBUGINFOD_URLS=https://debuginfod.ubuntu.com PYTHONPATH=/home/frans/mega_ws/src/build/camera_pipeline/prefix_override:/usr/lib/python3/dist-packages/colcon_core/task/python/colcon_distutils_commands:/home/frans/mega_ws/src/install/camera_pipeline/lib/python3.12/site-packages:${PYTHONPATH} /usr/bin/python3 -W ignore:setup.py install is deprecated -W ignore:easy_install command is deprecated setup.py egg_info --egg-base ../build/camera_pipeline build --build-base /home/frans/mega_ws/src/build/camera_pipeline/build install --record /home/frans/mega_ws/src/build/camera_pipeline/install.log --single-version-externally-managed install_data
[3.045s] running egg_info
[3.082s] writing ../build/camera_pipeline/camera_pipeline.egg-info/PKG-INFO
[3.083s] writing dependency_links to ../build/camera_pipeline/camera_pipeline.egg-info/dependency_links.txt
[3.083s] writing entry points to ../build/camera_pipeline/camera_pipeline.egg-info/entry_points.txt
[3.083s] writing requirements to ../build/camera_pipeline/camera_pipeline.egg-info/requires.txt
[3.084s] writing top-level names to ../build/camera_pipeline/camera_pipeline.egg-info/top_level.txt
[3.201s] reading manifest file '../build/camera_pipeline/camera_pipeline.egg-info/SOURCES.txt'
[3.202s] writing manifest file '../build/camera_pipeline/camera_pipeline.egg-info/SOURCES.txt'
[3.204s] running build
[3.204s] running build_py
[3.204s] copying camera_pipeline/color_detector.py -> /home/frans/mega_ws/src/build/camera_pipeline/build/lib/camera_pipeline
[3.204s] running install
[3.217s] running install_lib
[3.263s] copying /home/frans/mega_ws/src/build/camera_pipeline/build/lib/camera_pipeline/color_detector.py -> /home/frans/mega_ws/src/install/camera_pipeline/lib/python3.12/site-packages/camera_pipeline
[3.264s] byte-compiling /home/frans/mega_ws/src/install/camera_pipeline/lib/python3.12/site-packages/camera_pipeline/color_detector.py to color_detector.cpython-312.pyc
[3.267s] running install_data
[3.267s] running install_egg_info
[3.316s] removing '/home/frans/mega_ws/src/install/camera_pipeline/lib/python3.12/site-packages/camera_pipeline-0.0.0-py3.12.egg-info' (and everything under it)
[3.317s] Copying ../build/camera_pipeline/camera_pipeline.egg-info to /home/frans/mega_ws/src/install/camera_pipeline/lib/python3.12/site-packages/camera_pipeline-0.0.0-py3.12.egg-info
[3.317s] running install_scripts
[3.592s] Installing canny_edge script to /home/frans/mega_ws/src/install/camera_pipeline/lib/camera_pipeline
[3.592s] Installing color_detector script to /home/frans/mega_ws/src/install/camera_pipeline/lib/camera_pipeline
[3.592s] Installing cube_task_controller script to /home/frans/mega_ws/src/install/camera_pipeline/lib/camera_pipeline
[3.593s] Installing gaussian_blur script to /home/frans/mega_ws/src/install/camera_pipeline/lib/camera_pipeline
[3.593s] writing list of installed files to '/home/frans/mega_ws/src/build/camera_pipeline/install.log'
[3.648s] Invoked command in '/home/frans/mega_ws/src/camera_pipeline' returned '0': DEBUGINFOD_URLS=https://debuginfod.ubuntu.com PYTHONPATH=/home/frans/mega_ws/src/build/camera_pipeline/prefix_override:/usr/lib/python3/dist-packages/colcon_core/task/python/colcon_distutils_commands:/home/frans/mega_ws/src/install/camera_pipeline/lib/python3.12/site-packages:${PYTHONPATH} /usr/bin/python3 -W ignore:setup.py install is deprecated -W ignore:easy_install command is deprecated setup.py egg_info --egg-base ../build/camera_pipeline build --build-base /home/frans/mega_ws/src/build/camera_pipeline/build install --record /home/frans/mega_ws/src/build/camera_pipeline/install.log --single-version-externally-managed install_data
