[0.806s] Invoking command in '/home/frans/mega_ws/src/build/custom_cube_msgs': CMAKE_PREFIX_PATH=${CMAKE_PREFIX_PATH}:/home/frans/mega_ws/src/install/cube_bringup:/home/frans/mega_ws/src/install/movement_planner:/home/frans/mega_ws/src/install/movement_controller:/home/frans/mega_ws/src/install/error_handler:/home/frans/mega_ws/src/install/camera_pipeline:/opt/ros/jazzy DEBUGINFOD_URLS=https://debuginfod.ubuntu.com /usr/bin/cmake --build /home/frans/mega_ws/src/build/custom_cube_msgs -- -j8 -l8
[0.862s] [  2%] Built target custom_cube_msgs__rosidl_generator_type_description
[0.875s] [  2%] Built target ament_cmake_python_copy_custom_cube_msgs
[0.891s] [  4%] Built target custom_cube_msgs__cpp
[0.891s] [ 22%] Built target custom_cube_msgs__rosidl_generator_c
[0.932s] [ 31%] Built target custom_cube_msgs__rosidl_typesupport_fastrtps_cpp
[0.936s] [ 50%] Built target custom_cube_msgs__rosidl_typesupport_cpp
[0.936s] [ 50%] Built target custom_cube_msgs__rosidl_typesupport_introspection_c
[0.938s] [ 59%] Built target custom_cube_msgs__rosidl_typesupport_fastrtps_c
[0.939s] [ 68%] Built target custom_cube_msgs__rosidl_typesupport_introspection_cpp
[0.951s] [ 77%] Built target custom_cube_msgs__rosidl_typesupport_c
[0.976s] [ 77%] Built target custom_cube_msgs
[1.002s] [ 79%] Built target custom_cube_msgs__py
[1.031s] [ 86%] Built target custom_cube_msgs__rosidl_generator_py
[1.060s] [ 95%] Built target custom_cube_msgs_s__rosidl_typesupport_fastrtps_c
[1.060s] [ 95%] Built target custom_cube_msgs_s__rosidl_typesupport_introspection_c
[1.061s] [100%] Built target custom_cube_msgs_s__rosidl_typesupport_c
[1.250s] running egg_info
[1.289s] writing custom_cube_msgs.egg-info/PKG-INFO
[1.289s] writing dependency_links to custom_cube_msgs.egg-info/dependency_links.txt
[1.290s] writing top-level names to custom_cube_msgs.egg-info/top_level.txt
[1.401s] reading manifest file 'custom_cube_msgs.egg-info/SOURCES.txt'
[1.401s] writing manifest file 'custom_cube_msgs.egg-info/SOURCES.txt'
[1.442s] [100%] Built target ament_cmake_python_build_custom_cube_msgs_egg
[1.456s] Invoked command in '/home/frans/mega_ws/src/build/custom_cube_msgs' returned '0': CMAKE_PREFIX_PATH=${CMAKE_PREFIX_PATH}:/home/frans/mega_ws/src/install/cube_bringup:/home/frans/mega_ws/src/install/movement_planner:/home/frans/mega_ws/src/install/movement_controller:/home/frans/mega_ws/src/install/error_handler:/home/frans/mega_ws/src/install/camera_pipeline:/opt/ros/jazzy DEBUGINFOD_URLS=https://debuginfod.ubuntu.com /usr/bin/cmake --build /home/frans/mega_ws/src/build/custom_cube_msgs -- -j8 -l8
[1.468s] Invoking command in '/home/frans/mega_ws/src/build/custom_cube_msgs': CMAKE_PREFIX_PATH=${CMAKE_PREFIX_PATH}:/home/frans/mega_ws/src/install/cube_bringup:/home/frans/mega_ws/src/install/movement_planner:/home/frans/mega_ws/src/install/movement_controller:/home/frans/mega_ws/src/install/error_handler:/home/frans/mega_ws/src/install/camera_pipeline:/opt/ros/jazzy DEBUGINFOD_URLS=https://debuginfod.ubuntu.com /usr/bin/cmake --install /home/frans/mega_ws/src/build/custom_cube_msgs
[1.478s] -- Install configuration: ""
[1.478s] -- Up-to-date: /home/frans/mega_ws/src/install/custom_cube_msgs/share/ament_index/resource_index/rosidl_interfaces/custom_cube_msgs
[1.479s] -- Up-to-date: /home/frans/mega_ws/src/install/custom_cube_msgs/share/custom_cube_msgs/msg/CubeDetection.json
[1.479s] -- Up-to-date: /home/frans/mega_ws/src/install/custom_cube_msgs/share/custom_cube_msgs/msg/CubeDetections.json
[1.479s] -- Up-to-date: /home/frans/mega_ws/src/install/custom_cube_msgs/include/custom_cube_msgs/custom_cube_msgs
[1.479s] -- Up-to-date: /home/frans/mega_ws/src/install/custom_cube_msgs/include/custom_cube_msgs/custom_cube_msgs/msg
[1.479s] -- Up-to-date: /home/frans/mega_ws/src/install/custom_cube_msgs/include/custom_cube_msgs/custom_cube_msgs/msg/detail
[1.479s] -- Up-to-date: /home/frans/mega_ws/src/install/custom_cube_msgs/include/custom_cube_msgs/custom_cube_msgs/msg/detail/cube_detections__type_support.c
[1.479s] -- Up-to-date: /home/frans/mega_ws/src/install/custom_cube_msgs/include/custom_cube_msgs/custom_cube_msgs/msg/detail/cube_detections__functions.h
[1.479s] -- Up-to-date: /home/frans/mega_ws/src/install/custom_cube_msgs/include/custom_cube_msgs/custom_cube_msgs/msg/detail/cube_detection__description.c
[1.480s] -- Up-to-date: /home/frans/mega_ws/src/install/custom_cube_msgs/include/custom_cube_msgs/custom_cube_msgs/msg/detail/cube_detections__struct.h
[1.480s] -- Up-to-date: /home/frans/mega_ws/src/install/custom_cube_msgs/include/custom_cube_msgs/custom_cube_msgs/msg/detail/cube_detection__type_support.h
[1.480s] -- Up-to-date: /home/frans/mega_ws/src/install/custom_cube_msgs/include/custom_cube_msgs/custom_cube_msgs/msg/detail/cube_detections__description.c
[1.480s] -- Up-to-date: /home/frans/mega_ws/src/install/custom_cube_msgs/include/custom_cube_msgs/custom_cube_msgs/msg/detail/cube_detection__type_support.c
[1.480s] -- Up-to-date: /home/frans/mega_ws/src/install/custom_cube_msgs/include/custom_cube_msgs/custom_cube_msgs/msg/detail/cube_detection__functions.h
[1.480s] -- Up-to-date: /home/frans/mega_ws/src/install/custom_cube_msgs/include/custom_cube_msgs/custom_cube_msgs/msg/detail/cube_detection__functions.c
[1.480s] -- Up-to-date: /home/frans/mega_ws/src/install/custom_cube_msgs/include/custom_cube_msgs/custom_cube_msgs/msg/detail/cube_detections__functions.c
[1.480s] -- Up-to-date: /home/frans/mega_ws/src/install/custom_cube_msgs/include/custom_cube_msgs/custom_cube_msgs/msg/detail/cube_detections__type_support.h
[1.480s] -- Up-to-date: /home/frans/mega_ws/src/install/custom_cube_msgs/include/custom_cube_msgs/custom_cube_msgs/msg/detail/cube_detection__struct.h
[1.481s] -- Up-to-date: /home/frans/mega_ws/src/install/custom_cube_msgs/include/custom_cube_msgs/custom_cube_msgs/msg/rosidl_generator_c__visibility_control.h
[1.481s] -- Up-to-date: /home/frans/mega_ws/src/install/custom_cube_msgs/include/custom_cube_msgs/custom_cube_msgs/msg/cube_detections.h
[1.481s] -- Up-to-date: /home/frans/mega_ws/src/install/custom_cube_msgs/include/custom_cube_msgs/custom_cube_msgs/msg/cube_detection.h
[1.481s] -- Up-to-date: /home/frans/mega_ws/src/install/custom_cube_msgs/share/custom_cube_msgs/environment/library_path.sh
[1.481s] -- Up-to-date: /home/frans/mega_ws/src/install/custom_cube_msgs/share/custom_cube_msgs/environment/library_path.dsv
[1.482s] -- Up-to-date: /home/frans/mega_ws/src/install/custom_cube_msgs/lib/libcustom_cube_msgs__rosidl_generator_c.so
[1.482s] -- Up-to-date: /home/frans/mega_ws/src/install/custom_cube_msgs/include/custom_cube_msgs/custom_cube_msgs
[1.482s] -- Up-to-date: /home/frans/mega_ws/src/install/custom_cube_msgs/include/custom_cube_msgs/custom_cube_msgs/msg
[1.482s] -- Up-to-date: /home/frans/mega_ws/src/install/custom_cube_msgs/include/custom_cube_msgs/custom_cube_msgs/msg/rosidl_typesupport_fastrtps_c__visibility_control.h
[1.482s] -- Up-to-date: /home/frans/mega_ws/src/install/custom_cube_msgs/include/custom_cube_msgs/custom_cube_msgs/msg/detail
[1.482s] -- Up-to-date: /home/frans/mega_ws/src/install/custom_cube_msgs/include/custom_cube_msgs/custom_cube_msgs/msg/detail/cube_detection__rosidl_typesupport_fastrtps_c.h
[1.482s] -- Up-to-date: /home/frans/mega_ws/src/install/custom_cube_msgs/include/custom_cube_msgs/custom_cube_msgs/msg/detail/cube_detections__rosidl_typesupport_fastrtps_c.h
[1.482s] -- Up-to-date: /home/frans/mega_ws/src/install/custom_cube_msgs/lib/libcustom_cube_msgs__rosidl_typesupport_fastrtps_c.so
[1.483s] -- Up-to-date: /home/frans/mega_ws/src/install/custom_cube_msgs/include/custom_cube_msgs/custom_cube_msgs
[1.483s] -- Up-to-date: /home/frans/mega_ws/src/install/custom_cube_msgs/include/custom_cube_msgs/custom_cube_msgs/msg
[1.483s] -- Up-to-date: /home/frans/mega_ws/src/install/custom_cube_msgs/include/custom_cube_msgs/custom_cube_msgs/msg/detail
[1.483s] -- Up-to-date: /home/frans/mega_ws/src/install/custom_cube_msgs/include/custom_cube_msgs/custom_cube_msgs/msg/detail/cube_detections__type_support.c
[1.483s] -- Up-to-date: /home/frans/mega_ws/src/install/custom_cube_msgs/include/custom_cube_msgs/custom_cube_msgs/msg/detail/cube_detection__type_support.c
[1.483s] -- Up-to-date: /home/frans/mega_ws/src/install/custom_cube_msgs/include/custom_cube_msgs/custom_cube_msgs/msg/detail/cube_detection__rosidl_typesupport_introspection_c.h
[1.483s] -- Up-to-date: /home/frans/mega_ws/src/install/custom_cube_msgs/include/custom_cube_msgs/custom_cube_msgs/msg/detail/cube_detections__rosidl_typesupport_introspection_c.h
[1.483s] -- Up-to-date: /home/frans/mega_ws/src/install/custom_cube_msgs/include/custom_cube_msgs/custom_cube_msgs/msg/rosidl_typesupport_introspection_c__visibility_control.h
[1.484s] -- Up-to-date: /home/frans/mega_ws/src/install/custom_cube_msgs/lib/libcustom_cube_msgs__rosidl_typesupport_introspection_c.so
[1.484s] -- Up-to-date: /home/frans/mega_ws/src/install/custom_cube_msgs/lib/libcustom_cube_msgs__rosidl_typesupport_c.so
[1.484s] -- Up-to-date: /home/frans/mega_ws/src/install/custom_cube_msgs/include/custom_cube_msgs/custom_cube_msgs
[1.484s] -- Up-to-date: /home/frans/mega_ws/src/install/custom_cube_msgs/include/custom_cube_msgs/custom_cube_msgs/msg
[1.484s] -- Up-to-date: /home/frans/mega_ws/src/install/custom_cube_msgs/include/custom_cube_msgs/custom_cube_msgs/msg/detail
[1.484s] -- Up-to-date: /home/frans/mega_ws/src/install/custom_cube_msgs/include/custom_cube_msgs/custom_cube_msgs/msg/detail/cube_detection__builder.hpp
[1.484s] -- Up-to-date: /home/frans/mega_ws/src/install/custom_cube_msgs/include/custom_cube_msgs/custom_cube_msgs/msg/detail/cube_detection__type_support.hpp
[1.484s] -- Up-to-date: /home/frans/mega_ws/src/install/custom_cube_msgs/include/custom_cube_msgs/custom_cube_msgs/msg/detail/cube_detections__struct.hpp
[1.484s] -- Up-to-date: /home/frans/mega_ws/src/install/custom_cube_msgs/include/custom_cube_msgs/custom_cube_msgs/msg/detail/cube_detections__type_support.hpp
[1.484s] -- Up-to-date: /home/frans/mega_ws/src/install/custom_cube_msgs/include/custom_cube_msgs/custom_cube_msgs/msg/detail/cube_detection__struct.hpp
[1.485s] -- Up-to-date: /home/frans/mega_ws/src/install/custom_cube_msgs/include/custom_cube_msgs/custom_cube_msgs/msg/detail/cube_detection__traits.hpp
[1.485s] -- Up-to-date: /home/frans/mega_ws/src/install/custom_cube_msgs/include/custom_cube_msgs/custom_cube_msgs/msg/detail/cube_detections__builder.hpp
[1.485s] -- Up-to-date: /home/frans/mega_ws/src/install/custom_cube_msgs/include/custom_cube_msgs/custom_cube_msgs/msg/detail/cube_detections__traits.hpp
[1.485s] -- Up-to-date: /home/frans/mega_ws/src/install/custom_cube_msgs/include/custom_cube_msgs/custom_cube_msgs/msg/rosidl_generator_cpp__visibility_control.hpp
[1.485s] -- Up-to-date: /home/frans/mega_ws/src/install/custom_cube_msgs/include/custom_cube_msgs/custom_cube_msgs/msg/cube_detections.hpp
[1.485s] -- Up-to-date: /home/frans/mega_ws/src/install/custom_cube_msgs/include/custom_cube_msgs/custom_cube_msgs/msg/cube_detection.hpp
[1.485s] -- Up-to-date: /home/frans/mega_ws/src/install/custom_cube_msgs/include/custom_cube_msgs/custom_cube_msgs
[1.485s] -- Up-to-date: /home/frans/mega_ws/src/install/custom_cube_msgs/include/custom_cube_msgs/custom_cube_msgs/msg
[1.485s] -- Up-to-date: /home/frans/mega_ws/src/install/custom_cube_msgs/include/custom_cube_msgs/custom_cube_msgs/msg/detail
[1.486s] -- Up-to-date: /home/frans/mega_ws/src/install/custom_cube_msgs/include/custom_cube_msgs/custom_cube_msgs/msg/detail/cube_detections__rosidl_typesupport_fastrtps_cpp.hpp
[1.486s] -- Up-to-date: /home/frans/mega_ws/src/install/custom_cube_msgs/include/custom_cube_msgs/custom_cube_msgs/msg/detail/dds_fastrtps
[1.486s] -- Up-to-date: /home/frans/mega_ws/src/install/custom_cube_msgs/include/custom_cube_msgs/custom_cube_msgs/msg/detail/cube_detection__rosidl_typesupport_fastrtps_cpp.hpp
[1.487s] -- Up-to-date: /home/frans/mega_ws/src/install/custom_cube_msgs/include/custom_cube_msgs/custom_cube_msgs/msg/rosidl_typesupport_fastrtps_cpp__visibility_control.h
[1.487s] -- Up-to-date: /home/frans/mega_ws/src/install/custom_cube_msgs/lib/libcustom_cube_msgs__rosidl_typesupport_fastrtps_cpp.so
[1.487s] -- Up-to-date: /home/frans/mega_ws/src/install/custom_cube_msgs/include/custom_cube_msgs/custom_cube_msgs
[1.487s] -- Up-to-date: /home/frans/mega_ws/src/install/custom_cube_msgs/include/custom_cube_msgs/custom_cube_msgs/msg
[1.487s] -- Up-to-date: /home/frans/mega_ws/src/install/custom_cube_msgs/include/custom_cube_msgs/custom_cube_msgs/msg/detail
[1.487s] -- Up-to-date: /home/frans/mega_ws/src/install/custom_cube_msgs/include/custom_cube_msgs/custom_cube_msgs/msg/detail/cube_detection__type_support.cpp
[1.487s] -- Up-to-date: /home/frans/mega_ws/src/install/custom_cube_msgs/include/custom_cube_msgs/custom_cube_msgs/msg/detail/cube_detections__type_support.cpp
[1.487s] -- Up-to-date: /home/frans/mega_ws/src/install/custom_cube_msgs/include/custom_cube_msgs/custom_cube_msgs/msg/detail/cube_detections__rosidl_typesupport_introspection_cpp.hpp
[1.487s] -- Up-to-date: /home/frans/mega_ws/src/install/custom_cube_msgs/include/custom_cube_msgs/custom_cube_msgs/msg/detail/cube_detection__rosidl_typesupport_introspection_cpp.hpp
[1.487s] -- Up-to-date: /home/frans/mega_ws/src/install/custom_cube_msgs/lib/libcustom_cube_msgs__rosidl_typesupport_introspection_cpp.so
[1.487s] -- Up-to-date: /home/frans/mega_ws/src/install/custom_cube_msgs/lib/libcustom_cube_msgs__rosidl_typesupport_cpp.so
[1.488s] -- Up-to-date: /home/frans/mega_ws/src/install/custom_cube_msgs/share/custom_cube_msgs/environment/pythonpath.sh
[1.488s] -- Up-to-date: /home/frans/mega_ws/src/install/custom_cube_msgs/share/custom_cube_msgs/environment/pythonpath.dsv
[1.488s] -- Up-to-date: /home/frans/mega_ws/src/install/custom_cube_msgs/lib/python3.12/site-packages/custom_cube_msgs-0.0.0-py3.12.egg-info
[1.488s] -- Installing: /home/frans/mega_ws/src/install/custom_cube_msgs/lib/python3.12/site-packages/custom_cube_msgs-0.0.0-py3.12.egg-info/top_level.txt
[1.488s] -- Installing: /home/frans/mega_ws/src/install/custom_cube_msgs/lib/python3.12/site-packages/custom_cube_msgs-0.0.0-py3.12.egg-info/dependency_links.txt
[1.488s] -- Installing: /home/frans/mega_ws/src/install/custom_cube_msgs/lib/python3.12/site-packages/custom_cube_msgs-0.0.0-py3.12.egg-info/SOURCES.txt
[1.488s] -- Installing: /home/frans/mega_ws/src/install/custom_cube_msgs/lib/python3.12/site-packages/custom_cube_msgs-0.0.0-py3.12.egg-info/PKG-INFO
[1.488s] -- Up-to-date: /home/frans/mega_ws/src/install/custom_cube_msgs/lib/python3.12/site-packages/custom_cube_msgs
[1.489s] -- Up-to-date: /home/frans/mega_ws/src/install/custom_cube_msgs/lib/python3.12/site-packages/custom_cube_msgs/_custom_cube_msgs_s.ep.rosidl_typesupport_fastrtps_c.c
[1.489s] -- Up-to-date: /home/frans/mega_ws/src/install/custom_cube_msgs/lib/python3.12/site-packages/custom_cube_msgs/__init__.py
[1.489s] -- Up-to-date: /home/frans/mega_ws/src/install/custom_cube_msgs/lib/python3.12/site-packages/custom_cube_msgs/msg
[1.489s] -- Up-to-date: /home/frans/mega_ws/src/install/custom_cube_msgs/lib/python3.12/site-packages/custom_cube_msgs/msg/__init__.py
[1.489s] -- Up-to-date: /home/frans/mega_ws/src/install/custom_cube_msgs/lib/python3.12/site-packages/custom_cube_msgs/msg/_cube_detections.py
[1.489s] -- Up-to-date: /home/frans/mega_ws/src/install/custom_cube_msgs/lib/python3.12/site-packages/custom_cube_msgs/msg/_cube_detection.py
[1.489s] -- Up-to-date: /home/frans/mega_ws/src/install/custom_cube_msgs/lib/python3.12/site-packages/custom_cube_msgs/msg/_cube_detections_s.c
[1.489s] -- Up-to-date: /home/frans/mega_ws/src/install/custom_cube_msgs/lib/python3.12/site-packages/custom_cube_msgs/msg/_cube_detection_s.c
[1.490s] -- Up-to-date: /home/frans/mega_ws/src/install/custom_cube_msgs/lib/python3.12/site-packages/custom_cube_msgs/custom_cube_msgs_s__rosidl_typesupport_c.so
[1.490s] -- Up-to-date: /home/frans/mega_ws/src/install/custom_cube_msgs/lib/python3.12/site-packages/custom_cube_msgs/custom_cube_msgs_s__rosidl_typesupport_introspection_c.so
[1.490s] -- Up-to-date: /home/frans/mega_ws/src/install/custom_cube_msgs/lib/python3.12/site-packages/custom_cube_msgs/_custom_cube_msgs_s.ep.rosidl_typesupport_introspection_c.c
[1.490s] -- Up-to-date: /home/frans/mega_ws/src/install/custom_cube_msgs/lib/python3.12/site-packages/custom_cube_msgs/custom_cube_msgs_s__rosidl_typesupport_fastrtps_c.so
[1.490s] -- Up-to-date: /home/frans/mega_ws/src/install/custom_cube_msgs/lib/python3.12/site-packages/custom_cube_msgs/_custom_cube_msgs_s.ep.rosidl_typesupport_c.c
[1.533s] Listing '/home/frans/mega_ws/src/install/custom_cube_msgs/lib/python3.12/site-packages/custom_cube_msgs'...
[1.533s] Listing '/home/frans/mega_ws/src/install/custom_cube_msgs/lib/python3.12/site-packages/custom_cube_msgs/msg'...
[1.541s] -- Up-to-date: /home/frans/mega_ws/src/install/custom_cube_msgs/lib/python3.12/site-packages/custom_cube_msgs/custom_cube_msgs_s__rosidl_typesupport_fastrtps_c.so
[1.541s] -- Up-to-date: /home/frans/mega_ws/src/install/custom_cube_msgs/lib/python3.12/site-packages/custom_cube_msgs/custom_cube_msgs_s__rosidl_typesupport_introspection_c.so
[1.541s] -- Up-to-date: /home/frans/mega_ws/src/install/custom_cube_msgs/lib/python3.12/site-packages/custom_cube_msgs/custom_cube_msgs_s__rosidl_typesupport_c.so
[1.541s] -- Up-to-date: /home/frans/mega_ws/src/install/custom_cube_msgs/lib/libcustom_cube_msgs__rosidl_generator_py.so
[1.542s] -- Up-to-date: /home/frans/mega_ws/src/install/custom_cube_msgs/share/custom_cube_msgs/msg/CubeDetection.idl
[1.542s] -- Up-to-date: /home/frans/mega_ws/src/install/custom_cube_msgs/share/custom_cube_msgs/msg/CubeDetections.idl
[1.542s] -- Up-to-date: /home/frans/mega_ws/src/install/custom_cube_msgs/share/custom_cube_msgs/msg/CubeDetection.msg
[1.542s] -- Up-to-date: /home/frans/mega_ws/src/install/custom_cube_msgs/share/custom_cube_msgs/msg/CubeDetections.msg
[1.542s] -- Up-to-date: /home/frans/mega_ws/src/install/custom_cube_msgs/share/ament_index/resource_index/package_run_dependencies/custom_cube_msgs
[1.543s] -- Up-to-date: /home/frans/mega_ws/src/install/custom_cube_msgs/share/ament_index/resource_index/parent_prefix_path/custom_cube_msgs
[1.543s] -- Up-to-date: /home/frans/mega_ws/src/install/custom_cube_msgs/share/custom_cube_msgs/environment/ament_prefix_path.sh
[1.543s] -- Up-to-date: /home/frans/mega_ws/src/install/custom_cube_msgs/share/custom_cube_msgs/environment/ament_prefix_path.dsv
[1.543s] -- Up-to-date: /home/frans/mega_ws/src/install/custom_cube_msgs/share/custom_cube_msgs/environment/path.sh
[1.543s] -- Up-to-date: /home/frans/mega_ws/src/install/custom_cube_msgs/share/custom_cube_msgs/environment/path.dsv
[1.543s] -- Up-to-date: /home/frans/mega_ws/src/install/custom_cube_msgs/share/custom_cube_msgs/local_setup.bash
[1.543s] -- Up-to-date: /home/frans/mega_ws/src/install/custom_cube_msgs/share/custom_cube_msgs/local_setup.sh
[1.543s] -- Up-to-date: /home/frans/mega_ws/src/install/custom_cube_msgs/share/custom_cube_msgs/local_setup.zsh
[1.544s] -- Up-to-date: /home/frans/mega_ws/src/install/custom_cube_msgs/share/custom_cube_msgs/local_setup.dsv
[1.544s] -- Installing: /home/frans/mega_ws/src/install/custom_cube_msgs/share/custom_cube_msgs/package.dsv
[1.544s] -- Up-to-date: /home/frans/mega_ws/src/install/custom_cube_msgs/share/ament_index/resource_index/packages/custom_cube_msgs
[1.544s] -- Up-to-date: /home/frans/mega_ws/src/install/custom_cube_msgs/share/custom_cube_msgs/cmake/export_custom_cube_msgs__rosidl_generator_cExport.cmake
[1.544s] -- Up-to-date: /home/frans/mega_ws/src/install/custom_cube_msgs/share/custom_cube_msgs/cmake/export_custom_cube_msgs__rosidl_generator_cExport-noconfig.cmake
[1.544s] -- Up-to-date: /home/frans/mega_ws/src/install/custom_cube_msgs/share/custom_cube_msgs/cmake/export_custom_cube_msgs__rosidl_typesupport_fastrtps_cExport.cmake
[1.544s] -- Up-to-date: /home/frans/mega_ws/src/install/custom_cube_msgs/share/custom_cube_msgs/cmake/export_custom_cube_msgs__rosidl_typesupport_fastrtps_cExport-noconfig.cmake
[1.544s] -- Up-to-date: /home/frans/mega_ws/src/install/custom_cube_msgs/share/custom_cube_msgs/cmake/custom_cube_msgs__rosidl_typesupport_introspection_cExport.cmake
[1.545s] -- Up-to-date: /home/frans/mega_ws/src/install/custom_cube_msgs/share/custom_cube_msgs/cmake/custom_cube_msgs__rosidl_typesupport_introspection_cExport-noconfig.cmake
[1.545s] -- Up-to-date: /home/frans/mega_ws/src/install/custom_cube_msgs/share/custom_cube_msgs/cmake/custom_cube_msgs__rosidl_typesupport_cExport.cmake
[1.545s] -- Up-to-date: /home/frans/mega_ws/src/install/custom_cube_msgs/share/custom_cube_msgs/cmake/custom_cube_msgs__rosidl_typesupport_cExport-noconfig.cmake
[1.545s] -- Up-to-date: /home/frans/mega_ws/src/install/custom_cube_msgs/share/custom_cube_msgs/cmake/export_custom_cube_msgs__rosidl_generator_cppExport.cmake
[1.545s] -- Up-to-date: /home/frans/mega_ws/src/install/custom_cube_msgs/share/custom_cube_msgs/cmake/export_custom_cube_msgs__rosidl_typesupport_fastrtps_cppExport.cmake
[1.545s] -- Up-to-date: /home/frans/mega_ws/src/install/custom_cube_msgs/share/custom_cube_msgs/cmake/export_custom_cube_msgs__rosidl_typesupport_fastrtps_cppExport-noconfig.cmake
[1.545s] -- Up-to-date: /home/frans/mega_ws/src/install/custom_cube_msgs/share/custom_cube_msgs/cmake/custom_cube_msgs__rosidl_typesupport_introspection_cppExport.cmake
[1.546s] -- Up-to-date: /home/frans/mega_ws/src/install/custom_cube_msgs/share/custom_cube_msgs/cmake/custom_cube_msgs__rosidl_typesupport_introspection_cppExport-noconfig.cmake
[1.546s] -- Up-to-date: /home/frans/mega_ws/src/install/custom_cube_msgs/share/custom_cube_msgs/cmake/custom_cube_msgs__rosidl_typesupport_cppExport.cmake
[1.546s] -- Up-to-date: /home/frans/mega_ws/src/install/custom_cube_msgs/share/custom_cube_msgs/cmake/custom_cube_msgs__rosidl_typesupport_cppExport-noconfig.cmake
[1.546s] -- Up-to-date: /home/frans/mega_ws/src/install/custom_cube_msgs/share/custom_cube_msgs/cmake/export_custom_cube_msgs__rosidl_generator_pyExport.cmake
[1.546s] -- Up-to-date: /home/frans/mega_ws/src/install/custom_cube_msgs/share/custom_cube_msgs/cmake/export_custom_cube_msgs__rosidl_generator_pyExport-noconfig.cmake
[1.546s] -- Up-to-date: /home/frans/mega_ws/src/install/custom_cube_msgs/share/custom_cube_msgs/cmake/rosidl_cmake-extras.cmake
[1.546s] -- Up-to-date: /home/frans/mega_ws/src/install/custom_cube_msgs/share/custom_cube_msgs/cmake/ament_cmake_export_dependencies-extras.cmake
[1.546s] -- Up-to-date: /home/frans/mega_ws/src/install/custom_cube_msgs/share/custom_cube_msgs/cmake/ament_cmake_export_include_directories-extras.cmake
[1.546s] -- Up-to-date: /home/frans/mega_ws/src/install/custom_cube_msgs/share/custom_cube_msgs/cmake/ament_cmake_export_libraries-extras.cmake
[1.546s] -- Up-to-date: /home/frans/mega_ws/src/install/custom_cube_msgs/share/custom_cube_msgs/cmake/ament_cmake_export_targets-extras.cmake
[1.546s] -- Up-to-date: /home/frans/mega_ws/src/install/custom_cube_msgs/share/custom_cube_msgs/cmake/rosidl_cmake_export_typesupport_targets-extras.cmake
[1.547s] -- Up-to-date: /home/frans/mega_ws/src/install/custom_cube_msgs/share/custom_cube_msgs/cmake/rosidl_cmake_export_typesupport_libraries-extras.cmake
[1.547s] -- Up-to-date: /home/frans/mega_ws/src/install/custom_cube_msgs/share/custom_cube_msgs/cmake/custom_cube_msgsConfig.cmake
[1.547s] -- Up-to-date: /home/frans/mega_ws/src/install/custom_cube_msgs/share/custom_cube_msgs/cmake/custom_cube_msgsConfig-version.cmake
[1.547s] -- Up-to-date: /home/frans/mega_ws/src/install/custom_cube_msgs/share/custom_cube_msgs/package.xml
[1.548s] Invoked command in '/home/frans/mega_ws/src/build/custom_cube_msgs' returned '0': CMAKE_PREFIX_PATH=${CMAKE_PREFIX_PATH}:/home/frans/mega_ws/src/install/cube_bringup:/home/frans/mega_ws/src/install/movement_planner:/home/frans/mega_ws/src/install/movement_controller:/home/frans/mega_ws/src/install/error_handler:/home/frans/mega_ws/src/install/camera_pipeline:/opt/ros/jazzy DEBUGINFOD_URLS=https://debuginfod.ubuntu.com /usr/bin/cmake --install /home/frans/mega_ws/src/build/custom_cube_msgs
