[1.684s] Invoking command in '/home/frans/mega_ws/src/error_handler': DEBUGINFOD_URLS=https://debuginfod.ubuntu.com PYTHONPATH=/home/frans/mega_ws/src/build/error_handler/prefix_override:/usr/lib/python3/dist-packages/colcon_core/task/python/colcon_distutils_commands:/home/frans/mega_ws/src/install/error_handler/lib/python3.12/site-packages:${PYTHONPATH} /usr/bin/python3 -W ignore:setup.py install is deprecated -W ignore:easy_install command is deprecated setup.py egg_info --egg-base ../build/error_handler build --build-base /home/frans/mega_ws/src/build/error_handler/build install --record /home/frans/mega_ws/src/build/error_handler/install.log --single-version-externally-managed install_data
[1.992s] running egg_info
[2.027s] writing ../build/error_handler/error_handler.egg-info/PKG-INFO
[2.028s] writing dependency_links to ../build/error_handler/error_handler.egg-info/dependency_links.txt
[2.028s] writing entry points to ../build/error_handler/error_handler.egg-info/entry_points.txt
[2.028s] writing requirements to ../build/error_handler/error_handler.egg-info/requires.txt
[2.028s] writing top-level names to ../build/error_handler/error_handler.egg-info/top_level.txt
[2.085s] reading manifest file '../build/error_handler/error_handler.egg-info/SOURCES.txt'
[2.086s] adding license file 'LICENSE'
[2.086s] writing manifest file '../build/error_handler/error_handler.egg-info/SOURCES.txt'
[2.087s] running build
[2.087s] running build_py
[2.087s] copying error_handler/error_handler_node.py -> /home/frans/mega_ws/src/build/error_handler/build/lib/error_handler
[2.087s] running install
[2.097s] running install_lib
[2.129s] copying /home/frans/mega_ws/src/build/error_handler/build/lib/error_handler/error_handler_node.py -> /home/frans/mega_ws/src/install/error_handler/lib/python3.12/site-packages/error_handler
[2.129s] byte-compiling /home/frans/mega_ws/src/install/error_handler/lib/python3.12/site-packages/error_handler/error_handler_node.py to error_handler_node.cpython-312.pyc
[2.130s] running install_data
[2.130s] running install_egg_info
[2.153s] removing '/home/frans/mega_ws/src/install/error_handler/lib/python3.12/site-packages/error_handler-0.0.0-py3.12.egg-info' (and everything under it)
[2.153s] Copying ../build/error_handler/error_handler.egg-info to /home/frans/mega_ws/src/install/error_handler/lib/python3.12/site-packages/error_handler-0.0.0-py3.12.egg-info
[2.154s] running install_scripts
[2.300s] Installing error_handler_node script to /home/frans/mega_ws/src/install/error_handler/lib/error_handler
[2.300s] writing list of installed files to '/home/frans/mega_ws/src/build/error_handler/install.log'
[2.327s] Invoked command in '/home/frans/mega_ws/src/error_handler' returned '0': DEBUGINFOD_URLS=https://debuginfod.ubuntu.com PYTHONPATH=/home/frans/mega_ws/src/build/error_handler/prefix_override:/usr/lib/python3/dist-packages/colcon_core/task/python/colcon_distutils_commands:/home/frans/mega_ws/src/install/error_handler/lib/python3.12/site-packages:${PYTHONPATH} /usr/bin/python3 -W ignore:setup.py install is deprecated -W ignore:easy_install command is deprecated setup.py egg_info --egg-base ../build/error_handler build --build-base /home/frans/mega_ws/src/build/error_handler/build install --record /home/frans/mega_ws/src/build/error_handler/install.log --single-version-externally-managed install_data
