[0.721s] Invoking command in '/home/frans/mega_ws/src/cube_bringup': AMENT_PREFIX_PATH=/home/frans/mega_ws/src/install/movement_planner:/home/frans/mega_ws/src/install/movement_controller:/home/frans/mega_ws/src/install/error_handler:/home/frans/mega_ws/src/install/camera_pipeline:/home/frans/mega_ws/src/install/cube_bringup:/home/frans/mega_ws/src/install/custom_cube_msgs:/opt/ros/jazzy DEBUGINFOD_URLS=https://debuginfod.ubuntu.com PYTHONPATH=/home/frans/mega_ws/src/build/cube_bringup/prefix_override:/usr/lib/python3/dist-packages/colcon_core/task/python/colcon_distutils_commands:/home/frans/mega_ws/src/install/cube_bringup/lib/python3.12/site-packages:/home/frans/mega_ws/src/install/movement_planner/lib/python3.12/site-packages:/home/frans/mega_ws/src/install/movement_controller/lib/python3.12/site-packages:/home/frans/mega_ws/src/install/error_handler/lib/python3.12/site-packages:/home/frans/mega_ws/src/install/camera_pipeline/lib/python3.12/site-packages:/home/frans/mega_ws/src/install/cube_bringup/lib/python3.12/site-packages:/home/frans/mega_ws/src/install/custom_cube_msgs/lib/python3.12/site-packages:/opt/ros/jazzy/lib/python3.12/site-packages /usr/bin/python3 -W ignore:setup.py install is deprecated -W ignore:easy_install command is deprecated setup.py egg_info --egg-base ../build/cube_bringup build --build-base /home/frans/mega_ws/src/build/cube_bringup/build install --record /home/frans/mega_ws/src/build/cube_bringup/install.log --single-version-externally-managed install_data
[0.966s] running egg_info
[0.984s] writing ../build/cube_bringup/cube_bringup.egg-info/PKG-INFO
[0.985s] writing dependency_links to ../build/cube_bringup/cube_bringup.egg-info/dependency_links.txt
[0.985s] writing requirements to ../build/cube_bringup/cube_bringup.egg-info/requires.txt
[0.985s] writing top-level names to ../build/cube_bringup/cube_bringup.egg-info/top_level.txt
[1.024s] reading manifest file '../build/cube_bringup/cube_bringup.egg-info/SOURCES.txt'
[1.024s] adding license file 'LICENSE'
[1.024s] writing manifest file '../build/cube_bringup/cube_bringup.egg-info/SOURCES.txt'
[1.024s] running build
[1.024s] running build_py
[1.025s] running install
[1.030s] running install_lib
[1.050s] running install_data
[1.050s] copying launch/cube_bringup_launch.py -> /home/frans/mega_ws/src/install/cube_bringup/share/cube_bringup/launch
[1.050s] running install_egg_info
[1.071s] removing '/home/frans/mega_ws/src/install/cube_bringup/lib/python3.12/site-packages/cube_bringup-0.0.0-py3.12.egg-info' (and everything under it)
[1.071s] Copying ../build/cube_bringup/cube_bringup.egg-info to /home/frans/mega_ws/src/install/cube_bringup/lib/python3.12/site-packages/cube_bringup-0.0.0-py3.12.egg-info
[1.072s] running install_scripts
[1.193s] writing list of installed files to '/home/frans/mega_ws/src/build/cube_bringup/install.log'
[1.216s] Invoked command in '/home/frans/mega_ws/src/cube_bringup' returned '0': AMENT_PREFIX_PATH=/home/frans/mega_ws/src/install/movement_planner:/home/frans/mega_ws/src/install/movement_controller:/home/frans/mega_ws/src/install/error_handler:/home/frans/mega_ws/src/install/camera_pipeline:/home/frans/mega_ws/src/install/cube_bringup:/home/frans/mega_ws/src/install/custom_cube_msgs:/opt/ros/jazzy DEBUGINFOD_URLS=https://debuginfod.ubuntu.com PYTHONPATH=/home/frans/mega_ws/src/build/cube_bringup/prefix_override:/usr/lib/python3/dist-packages/colcon_core/task/python/colcon_distutils_commands:/home/frans/mega_ws/src/install/cube_bringup/lib/python3.12/site-packages:/home/frans/mega_ws/src/install/movement_planner/lib/python3.12/site-packages:/home/frans/mega_ws/src/install/movement_controller/lib/python3.12/site-packages:/home/frans/mega_ws/src/install/error_handler/lib/python3.12/site-packages:/home/frans/mega_ws/src/install/camera_pipeline/lib/python3.12/site-packages:/home/frans/mega_ws/src/install/cube_bringup/lib/python3.12/site-packages:/home/frans/mega_ws/src/install/custom_cube_msgs/lib/python3.12/site-packages:/opt/ros/jazzy/lib/python3.12/site-packages /usr/bin/python3 -W ignore:setup.py install is deprecated -W ignore:easy_install command is deprecated setup.py egg_info --egg-base ../build/cube_bringup build --build-base /home/frans/mega_ws/src/build/cube_bringup/build install --record /home/frans/mega_ws/src/build/cube_bringup/install.log --single-version-externally-managed install_data
