running egg_info
writing ../build/cube_bringup/cube_bringup.egg-info/PKG-INFO
writing dependency_links to ../build/cube_bringup/cube_bringup.egg-info/dependency_links.txt
writing requirements to ../build/cube_bringup/cube_bringup.egg-info/requires.txt
writing top-level names to ../build/cube_bringup/cube_bringup.egg-info/top_level.txt
reading manifest file '../build/cube_bringup/cube_bringup.egg-info/SOURCES.txt'
adding license file 'LICENSE'
writing manifest file '../build/cube_bringup/cube_bringup.egg-info/SOURCES.txt'
running build
running build_py
running install
running install_lib
running install_data
copying launch/cube_bringup_launch.py -> /home/frans/mega_ws/src/install/cube_bringup/share/cube_bringup/launch
copying package.xml -> /home/frans/mega_ws/src/install/cube_bringup/share/cube_bringup
running install_egg_info
removing '/home/frans/mega_ws/src/install/cube_bringup/lib/python3.12/site-packages/cube_bringup-0.0.0-py3.12.egg-info' (and everything under it)
Copying ../build/cube_bringup/cube_bringup.egg-info to /home/frans/mega_ws/src/install/cube_bringup/lib/python3.12/site-packages/cube_bringup-0.0.0-py3.12.egg-info
running install_scripts
writing list of installed files to '/home/frans/mega_ws/src/build/cube_bringup/install.log'
