[1.071s] Invoking command in '/home/frans/mega_ws/src/error_handler': DEBUGINFOD_URLS=https://debuginfod.ubuntu.com PYTHONPATH=/home/frans/mega_ws/src/build/error_handler/prefix_override:/usr/lib/python3/dist-packages/colcon_core/task/python/colcon_distutils_commands:/home/frans/mega_ws/src/install/error_handler/lib/python3.12/site-packages:${PYTHONPATH} /usr/bin/python3 -W ignore:setup.py install is deprecated -W ignore:easy_install command is deprecated setup.py egg_info --egg-base ../build/error_handler build --build-base /home/frans/mega_ws/src/build/error_handler/build install --record /home/frans/mega_ws/src/build/error_handler/install.log --single-version-externally-managed install_data
[1.322s] running egg_info
[1.342s] writing ../build/error_handler/error_handler.egg-info/PKG-INFO
[1.342s] writing dependency_links to ../build/error_handler/error_handler.egg-info/dependency_links.txt
[1.342s] writing entry points to ../build/error_handler/error_handler.egg-info/entry_points.txt
[1.342s] writing requirements to ../build/error_handler/error_handler.egg-info/requires.txt
[1.343s] writing top-level names to ../build/error_handler/error_handler.egg-info/top_level.txt
[1.382s] reading manifest file '../build/error_handler/error_handler.egg-info/SOURCES.txt'
[1.383s] adding license file 'LICENSE'
[1.383s] writing manifest file '../build/error_handler/error_handler.egg-info/SOURCES.txt'
[1.383s] running build
[1.383s] running build_py
[1.384s] copying error_handler/error_handler_node.py -> /home/frans/mega_ws/src/build/error_handler/build/lib/error_handler
[1.384s] running install
[1.390s] running install_lib
[1.410s] copying /home/frans/mega_ws/src/build/error_handler/build/lib/error_handler/error_handler_node.py -> /home/frans/mega_ws/src/install/error_handler/lib/python3.12/site-packages/error_handler
[1.410s] byte-compiling /home/frans/mega_ws/src/install/error_handler/lib/python3.12/site-packages/error_handler/error_handler_node.py to error_handler_node.cpython-312.pyc
[1.411s] running install_data
[1.411s] running install_egg_info
[1.433s] removing '/home/frans/mega_ws/src/install/error_handler/lib/python3.12/site-packages/error_handler-0.0.0-py3.12.egg-info' (and everything under it)
[1.433s] Copying ../build/error_handler/error_handler.egg-info to /home/frans/mega_ws/src/install/error_handler/lib/python3.12/site-packages/error_handler-0.0.0-py3.12.egg-info
[1.434s] running install_scripts
[1.559s] Installing error_handler_node script to /home/frans/mega_ws/src/install/error_handler/lib/error_handler
[1.560s] writing list of installed files to '/home/frans/mega_ws/src/build/error_handler/install.log'
[1.591s] Invoked command in '/home/frans/mega_ws/src/error_handler' returned '0': DEBUGINFOD_URLS=https://debuginfod.ubuntu.com PYTHONPATH=/home/frans/mega_ws/src/build/error_handler/prefix_override:/usr/lib/python3/dist-packages/colcon_core/task/python/colcon_distutils_commands:/home/frans/mega_ws/src/install/error_handler/lib/python3.12/site-packages:${PYTHONPATH} /usr/bin/python3 -W ignore:setup.py install is deprecated -W ignore:easy_install command is deprecated setup.py egg_info --egg-base ../build/error_handler build --build-base /home/frans/mega_ws/src/build/error_handler/build install --record /home/frans/mega_ws/src/build/error_handler/install.log --single-version-externally-managed install_data
