-- The C compiler identification is GNU 13.3.0
-- The CXX compiler identification is GNU 13.3.0
-- Detecting C compiler ABI info
-- Detecting C compiler ABI info - done
-- Check for working C compiler: /usr/bin/cc - skipped
-- Detecting C compile features
-- Detecting C compile features - done
-- Detecting CXX compiler ABI info
-- Detecting CXX compiler ABI info - done
-- Check for working CXX compiler: /usr/bin/c++ - skipped
-- Detecting CXX compile features
-- Detecting CXX compile features - done
-- Found ament_cmake: 2.5.4 (/opt/ros/jazzy/share/ament_cmake/cmake)
-- Found Python3: /usr/bin/python3 (found version "3.12.3") found components: Interpreter 
-- Found rosidl_default_generators: 1.6.0 (/opt/ros/jazzy/share/rosidl_default_generators/cmake)
-- Using all available rosidl_typesupport_c: rosidl_typesupport_fastrtps_c;rosidl_typesupport_introspection_c
-- Using all available rosidl_typesupport_cpp: rosidl_typesupport_fastrtps_cpp;rosidl_typesupport_introspection_cpp
-- Found rosidl_adapter: 4.6.5 (/opt/ros/jazzy/share/rosidl_adapter/cmake)
-- Found std_msgs: 5.3.6 (/opt/ros/jazzy/share/std_msgs/cmake)
-- Found ament_cmake_ros: 0.12.0 (/opt/ros/jazzy/share/ament_cmake_ros/cmake)
-- Using all available rosidl_typesupport_c: rosidl_typesupport_fastrtps_c;rosidl_typesupport_introspection_c
-- Using all available rosidl_typesupport_cpp: rosidl_typesupport_fastrtps_cpp;rosidl_typesupport_introspection_cpp
-- Found python_cmake_module: 0.11.1 (/opt/ros/jazzy/share/python_cmake_module/cmake)
-- Found PythonExtra: /usr/bin/python3  
-- Found Python3: /usr/bin/python3 (found version "3.12.3") found components: Interpreter Development NumPy Development.Module Development.Embed 
-- Found ament_lint_auto: 0.17.2 (/opt/ros/jazzy/share/ament_lint_auto/cmake)
-- Added test 'lint_cmake' to check CMake code style
-- Added test 'xmllint' to check XML markup files
-- Configuring done (4.9s)
-- Generating done (0.0s)
-- Build files have been written to: /home/frans/mega_ws/src/build/custom_cube_msgs
[  2%] [34m[1mGenerating type hashes for ROS interfaces[0m
[  2%] Built target ament_cmake_python_copy_custom_cube_msgs
[  2%] Built target custom_cube_msgs__rosidl_generator_type_description
[  4%] [34m[1mGenerating C code for ROS interfaces[0m
running egg_info
creating custom_cube_msgs.egg-info
[  6%] [34m[1mGenerating C++ code for ROS interfaces[0m
writing custom_cube_msgs.egg-info/PKG-INFO
writing dependency_links to custom_cube_msgs.egg-info/dependency_links.txt
writing top-level names to custom_cube_msgs.egg-info/top_level.txt
writing manifest file 'custom_cube_msgs.egg-info/SOURCES.txt'
reading manifest file 'custom_cube_msgs.egg-info/SOURCES.txt'
writing manifest file 'custom_cube_msgs.egg-info/SOURCES.txt'
[  6%] Built target ament_cmake_python_build_custom_cube_msgs_egg
[  6%] Built target custom_cube_msgs__cpp
[ 11%] [32mBuilding C object CMakeFiles/custom_cube_msgs__rosidl_generator_c.dir/rosidl_generator_c/custom_cube_msgs/msg/detail/cube_detection__functions.c.o[0m
[ 11%] [32mBuilding C object CMakeFiles/custom_cube_msgs__rosidl_generator_c.dir/rosidl_generator_c/custom_cube_msgs/msg/detail/cube_detection__type_support.c.o[0m
[ 13%] [32mBuilding C object CMakeFiles/custom_cube_msgs__rosidl_generator_c.dir/rosidl_generator_c/custom_cube_msgs/msg/detail/cube_detection__description.c.o[0m
[ 15%] [32mBuilding C object CMakeFiles/custom_cube_msgs__rosidl_generator_c.dir/rosidl_generator_c/custom_cube_msgs/msg/detail/cube_detections__functions.c.o[0m
[ 18%] [32mBuilding C object CMakeFiles/custom_cube_msgs__rosidl_generator_c.dir/rosidl_generator_c/custom_cube_msgs/msg/detail/cube_detections__description.c.o[0m
[ 20%] [32mBuilding C object CMakeFiles/custom_cube_msgs__rosidl_generator_c.dir/rosidl_generator_c/custom_cube_msgs/msg/detail/cube_detections__type_support.c.o[0m
[ 22%] [32m[1mLinking C shared library libcustom_cube_msgs__rosidl_generator_c.so[0m
[ 22%] Built target custom_cube_msgs__rosidl_generator_c
[ 27%] [34m[1mGenerating C++ introspection for ROS interfaces[0m
[ 27%] [34m[1mGenerating C++ type support dispatch for ROS interfaces[0m
[ 34%] [34m[1mGenerating C type support for eProsima Fast-RTPS[0m
[ 34%] [34m[1mGenerating C type support dispatch for ROS interfaces[0m
[ 34%] [34m[1mGenerating C++ type support for eProsima Fast-RTPS[0m
[ 36%] [34m[1mGenerating C introspection for ROS interfaces[0m
[ 40%] [32mBuilding CXX object CMakeFiles/custom_cube_msgs__rosidl_typesupport_cpp.dir/rosidl_typesupport_cpp/custom_cube_msgs/msg/cube_detections__type_support.cpp.o[0m
[ 40%] [32mBuilding CXX object CMakeFiles/custom_cube_msgs__rosidl_typesupport_cpp.dir/rosidl_typesupport_cpp/custom_cube_msgs/msg/cube_detection__type_support.cpp.o[0m
[ 45%] [32mBuilding CXX object CMakeFiles/custom_cube_msgs__rosidl_typesupport_fastrtps_cpp.dir/rosidl_typesupport_fastrtps_cpp/custom_cube_msgs/msg/detail/dds_fastrtps/cube_detections__type_support.cpp.o[0m
[ 45%] [32mBuilding CXX object CMakeFiles/custom_cube_msgs__rosidl_typesupport_fastrtps_cpp.dir/rosidl_typesupport_fastrtps_cpp/custom_cube_msgs/msg/detail/dds_fastrtps/cube_detection__type_support.cpp.o[0m
[ 47%] [32mBuilding CXX object CMakeFiles/custom_cube_msgs__rosidl_typesupport_c.dir/rosidl_typesupport_c/custom_cube_msgs/msg/cube_detection__type_support.cpp.o[0m
[ 50%] [32mBuilding CXX object CMakeFiles/custom_cube_msgs__rosidl_typesupport_c.dir/rosidl_typesupport_c/custom_cube_msgs/msg/cube_detections__type_support.cpp.o[0m
[ 52%] [32mBuilding C object CMakeFiles/custom_cube_msgs__rosidl_typesupport_introspection_c.dir/rosidl_typesupport_introspection_c/custom_cube_msgs/msg/detail/cube_detection__type_support.c.o[0m
[ 54%] [32mBuilding CXX object CMakeFiles/custom_cube_msgs__rosidl_typesupport_introspection_cpp.dir/rosidl_typesupport_introspection_cpp/custom_cube_msgs/msg/detail/cube_detection__type_support.cpp.o[0m
[ 56%] [32m[1mLinking CXX shared library libcustom_cube_msgs__rosidl_typesupport_c.so[0m
[ 59%] [32mBuilding C object CMakeFiles/custom_cube_msgs__rosidl_typesupport_introspection_c.dir/rosidl_typesupport_introspection_c/custom_cube_msgs/msg/detail/cube_detections__type_support.c.o[0m
[ 61%] [32mBuilding CXX object CMakeFiles/custom_cube_msgs__rosidl_typesupport_fastrtps_c.dir/rosidl_typesupport_fastrtps_c/custom_cube_msgs/msg/detail/cube_detection__type_support_c.cpp.o[0m
[ 61%] Built target custom_cube_msgs__rosidl_typesupport_c
[ 63%] [32mBuilding CXX object CMakeFiles/custom_cube_msgs__rosidl_typesupport_introspection_cpp.dir/rosidl_typesupport_introspection_cpp/custom_cube_msgs/msg/detail/cube_detections__type_support.cpp.o[0m
[ 65%] [32m[1mLinking C shared library libcustom_cube_msgs__rosidl_typesupport_introspection_c.so[0m
[ 65%] Built target custom_cube_msgs__rosidl_typesupport_introspection_c
[ 68%] [32mBuilding CXX object CMakeFiles/custom_cube_msgs__rosidl_typesupport_fastrtps_c.dir/rosidl_typesupport_fastrtps_c/custom_cube_msgs/msg/detail/cube_detections__type_support_c.cpp.o[0m
[ 70%] [32m[1mLinking CXX shared library libcustom_cube_msgs__rosidl_typesupport_cpp.so[0m
[ 70%] Built target custom_cube_msgs__rosidl_typesupport_cpp
[ 72%] [32m[1mLinking CXX shared library libcustom_cube_msgs__rosidl_typesupport_introspection_cpp.so[0m
[ 75%] [32m[1mLinking CXX shared library libcustom_cube_msgs__rosidl_typesupport_fastrtps_cpp.so[0m
[ 75%] Built target custom_cube_msgs__rosidl_typesupport_introspection_cpp
[ 75%] Built target custom_cube_msgs__rosidl_typesupport_fastrtps_cpp
[ 77%] [32m[1mLinking CXX shared library libcustom_cube_msgs__rosidl_typesupport_fastrtps_c.so[0m
[ 77%] Built target custom_cube_msgs__rosidl_typesupport_fastrtps_c
[ 77%] Built target custom_cube_msgs
[ 79%] [34m[1mGenerating Python code for ROS interfaces[0m
[ 79%] Built target custom_cube_msgs__py
[ 84%] [32mBuilding C object CMakeFiles/custom_cube_msgs__rosidl_generator_py.dir/rosidl_generator_py/custom_cube_msgs/msg/_cube_detections_s.c.o[0m
[ 84%] [32mBuilding C object CMakeFiles/custom_cube_msgs__rosidl_generator_py.dir/rosidl_generator_py/custom_cube_msgs/msg/_cube_detection_s.c.o[0m
[ 86%] [32m[1mLinking C shared library libcustom_cube_msgs__rosidl_generator_py.so[0m
[ 86%] Built target custom_cube_msgs__rosidl_generator_py
[ 90%] [32mBuilding C object CMakeFiles/custom_cube_msgs_s__rosidl_typesupport_fastrtps_c.dir/rosidl_generator_py/custom_cube_msgs/_custom_cube_msgs_s.ep.rosidl_typesupport_fastrtps_c.c.o[0m
[ 90%] [32mBuilding C object CMakeFiles/custom_cube_msgs_s__rosidl_typesupport_introspection_c.dir/rosidl_generator_py/custom_cube_msgs/_custom_cube_msgs_s.ep.rosidl_typesupport_introspection_c.c.o[0m
[ 93%] [32mBuilding C object CMakeFiles/custom_cube_msgs_s__rosidl_typesupport_c.dir/rosidl_generator_py/custom_cube_msgs/_custom_cube_msgs_s.ep.rosidl_typesupport_c.c.o[0m
[ 97%] [32m[1mLinking C shared module rosidl_generator_py/custom_cube_msgs/custom_cube_msgs_s__rosidl_typesupport_introspection_c.so[0m
[ 97%] [32m[1mLinking C shared module rosidl_generator_py/custom_cube_msgs/custom_cube_msgs_s__rosidl_typesupport_c.so[0m
[100%] [32m[1mLinking C shared module rosidl_generator_py/custom_cube_msgs/custom_cube_msgs_s__rosidl_typesupport_fastrtps_c.so[0m
[100%] Built target custom_cube_msgs_s__rosidl_typesupport_c
[100%] Built target custom_cube_msgs_s__rosidl_typesupport_introspection_c
[100%] Built target custom_cube_msgs_s__rosidl_typesupport_fastrtps_c
-- Install configuration: ""
-- Installing: /home/frans/mega_ws/src/install/custom_cube_msgs/share/ament_index/resource_index/rosidl_interfaces/custom_cube_msgs
-- Installing: /home/frans/mega_ws/src/install/custom_cube_msgs/share/custom_cube_msgs/msg/CubeDetection.json
-- Installing: /home/frans/mega_ws/src/install/custom_cube_msgs/share/custom_cube_msgs/msg/CubeDetections.json
-- Installing: /home/frans/mega_ws/src/install/custom_cube_msgs/include/custom_cube_msgs/custom_cube_msgs
-- Installing: /home/frans/mega_ws/src/install/custom_cube_msgs/include/custom_cube_msgs/custom_cube_msgs/msg
-- Installing: /home/frans/mega_ws/src/install/custom_cube_msgs/include/custom_cube_msgs/custom_cube_msgs/msg/detail
-- Installing: /home/frans/mega_ws/src/install/custom_cube_msgs/include/custom_cube_msgs/custom_cube_msgs/msg/detail/cube_detections__type_support.c
-- Installing: /home/frans/mega_ws/src/install/custom_cube_msgs/include/custom_cube_msgs/custom_cube_msgs/msg/detail/cube_detections__functions.h
-- Installing: /home/frans/mega_ws/src/install/custom_cube_msgs/include/custom_cube_msgs/custom_cube_msgs/msg/detail/cube_detection__description.c
-- Installing: /home/frans/mega_ws/src/install/custom_cube_msgs/include/custom_cube_msgs/custom_cube_msgs/msg/detail/cube_detections__struct.h
-- Installing: /home/frans/mega_ws/src/install/custom_cube_msgs/include/custom_cube_msgs/custom_cube_msgs/msg/detail/cube_detection__type_support.h
-- Installing: /home/frans/mega_ws/src/install/custom_cube_msgs/include/custom_cube_msgs/custom_cube_msgs/msg/detail/cube_detections__description.c
-- Installing: /home/frans/mega_ws/src/install/custom_cube_msgs/include/custom_cube_msgs/custom_cube_msgs/msg/detail/cube_detection__type_support.c
-- Installing: /home/frans/mega_ws/src/install/custom_cube_msgs/include/custom_cube_msgs/custom_cube_msgs/msg/detail/cube_detection__functions.h
-- Installing: /home/frans/mega_ws/src/install/custom_cube_msgs/include/custom_cube_msgs/custom_cube_msgs/msg/detail/cube_detection__functions.c
-- Installing: /home/frans/mega_ws/src/install/custom_cube_msgs/include/custom_cube_msgs/custom_cube_msgs/msg/detail/cube_detections__functions.c
-- Installing: /home/frans/mega_ws/src/install/custom_cube_msgs/include/custom_cube_msgs/custom_cube_msgs/msg/detail/cube_detections__type_support.h
-- Installing: /home/frans/mega_ws/src/install/custom_cube_msgs/include/custom_cube_msgs/custom_cube_msgs/msg/detail/cube_detection__struct.h
-- Installing: /home/frans/mega_ws/src/install/custom_cube_msgs/include/custom_cube_msgs/custom_cube_msgs/msg/rosidl_generator_c__visibility_control.h
-- Installing: /home/frans/mega_ws/src/install/custom_cube_msgs/include/custom_cube_msgs/custom_cube_msgs/msg/cube_detections.h
-- Installing: /home/frans/mega_ws/src/install/custom_cube_msgs/include/custom_cube_msgs/custom_cube_msgs/msg/cube_detection.h
-- Installing: /home/frans/mega_ws/src/install/custom_cube_msgs/share/custom_cube_msgs/environment/library_path.sh
-- Installing: /home/frans/mega_ws/src/install/custom_cube_msgs/share/custom_cube_msgs/environment/library_path.dsv
-- Installing: /home/frans/mega_ws/src/install/custom_cube_msgs/lib/libcustom_cube_msgs__rosidl_generator_c.so
-- Set non-toolchain portion of runtime path of "/home/frans/mega_ws/src/install/custom_cube_msgs/lib/libcustom_cube_msgs__rosidl_generator_c.so" to ""
-- Up-to-date: /home/frans/mega_ws/src/install/custom_cube_msgs/include/custom_cube_msgs/custom_cube_msgs
-- Up-to-date: /home/frans/mega_ws/src/install/custom_cube_msgs/include/custom_cube_msgs/custom_cube_msgs/msg
-- Installing: /home/frans/mega_ws/src/install/custom_cube_msgs/include/custom_cube_msgs/custom_cube_msgs/msg/rosidl_typesupport_fastrtps_c__visibility_control.h
-- Up-to-date: /home/frans/mega_ws/src/install/custom_cube_msgs/include/custom_cube_msgs/custom_cube_msgs/msg/detail
-- Installing: /home/frans/mega_ws/src/install/custom_cube_msgs/include/custom_cube_msgs/custom_cube_msgs/msg/detail/cube_detection__rosidl_typesupport_fastrtps_c.h
-- Installing: /home/frans/mega_ws/src/install/custom_cube_msgs/include/custom_cube_msgs/custom_cube_msgs/msg/detail/cube_detections__rosidl_typesupport_fastrtps_c.h
-- Installing: /home/frans/mega_ws/src/install/custom_cube_msgs/lib/libcustom_cube_msgs__rosidl_typesupport_fastrtps_c.so
-- Set non-toolchain portion of runtime path of "/home/frans/mega_ws/src/install/custom_cube_msgs/lib/libcustom_cube_msgs__rosidl_typesupport_fastrtps_c.so" to ""
-- Up-to-date: /home/frans/mega_ws/src/install/custom_cube_msgs/include/custom_cube_msgs/custom_cube_msgs
-- Up-to-date: /home/frans/mega_ws/src/install/custom_cube_msgs/include/custom_cube_msgs/custom_cube_msgs/msg
-- Up-to-date: /home/frans/mega_ws/src/install/custom_cube_msgs/include/custom_cube_msgs/custom_cube_msgs/msg/detail
-- Installing: /home/frans/mega_ws/src/install/custom_cube_msgs/include/custom_cube_msgs/custom_cube_msgs/msg/detail/cube_detections__type_support.c
-- Installing: /home/frans/mega_ws/src/install/custom_cube_msgs/include/custom_cube_msgs/custom_cube_msgs/msg/detail/cube_detection__type_support.c
-- Installing: /home/frans/mega_ws/src/install/custom_cube_msgs/include/custom_cube_msgs/custom_cube_msgs/msg/detail/cube_detection__rosidl_typesupport_introspection_c.h
-- Installing: /home/frans/mega_ws/src/install/custom_cube_msgs/include/custom_cube_msgs/custom_cube_msgs/msg/detail/cube_detections__rosidl_typesupport_introspection_c.h
-- Installing: /home/frans/mega_ws/src/install/custom_cube_msgs/include/custom_cube_msgs/custom_cube_msgs/msg/rosidl_typesupport_introspection_c__visibility_control.h
-- Installing: /home/frans/mega_ws/src/install/custom_cube_msgs/lib/libcustom_cube_msgs__rosidl_typesupport_introspection_c.so
-- Set non-toolchain portion of runtime path of "/home/frans/mega_ws/src/install/custom_cube_msgs/lib/libcustom_cube_msgs__rosidl_typesupport_introspection_c.so" to ""
-- Installing: /home/frans/mega_ws/src/install/custom_cube_msgs/lib/libcustom_cube_msgs__rosidl_typesupport_c.so
-- Set non-toolchain portion of runtime path of "/home/frans/mega_ws/src/install/custom_cube_msgs/lib/libcustom_cube_msgs__rosidl_typesupport_c.so" to ""
-- Up-to-date: /home/frans/mega_ws/src/install/custom_cube_msgs/include/custom_cube_msgs/custom_cube_msgs
-- Up-to-date: /home/frans/mega_ws/src/install/custom_cube_msgs/include/custom_cube_msgs/custom_cube_msgs/msg
-- Up-to-date: /home/frans/mega_ws/src/install/custom_cube_msgs/include/custom_cube_msgs/custom_cube_msgs/msg/detail
-- Installing: /home/frans/mega_ws/src/install/custom_cube_msgs/include/custom_cube_msgs/custom_cube_msgs/msg/detail/cube_detection__builder.hpp
-- Installing: /home/frans/mega_ws/src/install/custom_cube_msgs/include/custom_cube_msgs/custom_cube_msgs/msg/detail/cube_detection__type_support.hpp
-- Installing: /home/frans/mega_ws/src/install/custom_cube_msgs/include/custom_cube_msgs/custom_cube_msgs/msg/detail/cube_detections__struct.hpp
-- Installing: /home/frans/mega_ws/src/install/custom_cube_msgs/include/custom_cube_msgs/custom_cube_msgs/msg/detail/cube_detections__type_support.hpp
-- Installing: /home/frans/mega_ws/src/install/custom_cube_msgs/include/custom_cube_msgs/custom_cube_msgs/msg/detail/cube_detection__struct.hpp
-- Installing: /home/frans/mega_ws/src/install/custom_cube_msgs/include/custom_cube_msgs/custom_cube_msgs/msg/detail/cube_detection__traits.hpp
-- Installing: /home/frans/mega_ws/src/install/custom_cube_msgs/include/custom_cube_msgs/custom_cube_msgs/msg/detail/cube_detections__builder.hpp
-- Installing: /home/frans/mega_ws/src/install/custom_cube_msgs/include/custom_cube_msgs/custom_cube_msgs/msg/detail/cube_detections__traits.hpp
-- Installing: /home/frans/mega_ws/src/install/custom_cube_msgs/include/custom_cube_msgs/custom_cube_msgs/msg/rosidl_generator_cpp__visibility_control.hpp
-- Installing: /home/frans/mega_ws/src/install/custom_cube_msgs/include/custom_cube_msgs/custom_cube_msgs/msg/cube_detections.hpp
-- Installing: /home/frans/mega_ws/src/install/custom_cube_msgs/include/custom_cube_msgs/custom_cube_msgs/msg/cube_detection.hpp
-- Up-to-date: /home/frans/mega_ws/src/install/custom_cube_msgs/include/custom_cube_msgs/custom_cube_msgs
-- Up-to-date: /home/frans/mega_ws/src/install/custom_cube_msgs/include/custom_cube_msgs/custom_cube_msgs/msg
-- Up-to-date: /home/frans/mega_ws/src/install/custom_cube_msgs/include/custom_cube_msgs/custom_cube_msgs/msg/detail
-- Installing: /home/frans/mega_ws/src/install/custom_cube_msgs/include/custom_cube_msgs/custom_cube_msgs/msg/detail/cube_detections__rosidl_typesupport_fastrtps_cpp.hpp
-- Installing: /home/frans/mega_ws/src/install/custom_cube_msgs/include/custom_cube_msgs/custom_cube_msgs/msg/detail/dds_fastrtps
-- Installing: /home/frans/mega_ws/src/install/custom_cube_msgs/include/custom_cube_msgs/custom_cube_msgs/msg/detail/cube_detection__rosidl_typesupport_fastrtps_cpp.hpp
-- Installing: /home/frans/mega_ws/src/install/custom_cube_msgs/include/custom_cube_msgs/custom_cube_msgs/msg/rosidl_typesupport_fastrtps_cpp__visibility_control.h
-- Installing: /home/frans/mega_ws/src/install/custom_cube_msgs/lib/libcustom_cube_msgs__rosidl_typesupport_fastrtps_cpp.so
-- Set non-toolchain portion of runtime path of "/home/frans/mega_ws/src/install/custom_cube_msgs/lib/libcustom_cube_msgs__rosidl_typesupport_fastrtps_cpp.so" to ""
-- Up-to-date: /home/frans/mega_ws/src/install/custom_cube_msgs/include/custom_cube_msgs/custom_cube_msgs
-- Up-to-date: /home/frans/mega_ws/src/install/custom_cube_msgs/include/custom_cube_msgs/custom_cube_msgs/msg
-- Up-to-date: /home/frans/mega_ws/src/install/custom_cube_msgs/include/custom_cube_msgs/custom_cube_msgs/msg/detail
-- Installing: /home/frans/mega_ws/src/install/custom_cube_msgs/include/custom_cube_msgs/custom_cube_msgs/msg/detail/cube_detection__type_support.cpp
-- Installing: /home/frans/mega_ws/src/install/custom_cube_msgs/include/custom_cube_msgs/custom_cube_msgs/msg/detail/cube_detections__type_support.cpp
-- Installing: /home/frans/mega_ws/src/install/custom_cube_msgs/include/custom_cube_msgs/custom_cube_msgs/msg/detail/cube_detections__rosidl_typesupport_introspection_cpp.hpp
-- Installing: /home/frans/mega_ws/src/install/custom_cube_msgs/include/custom_cube_msgs/custom_cube_msgs/msg/detail/cube_detection__rosidl_typesupport_introspection_cpp.hpp
-- Installing: /home/frans/mega_ws/src/install/custom_cube_msgs/lib/libcustom_cube_msgs__rosidl_typesupport_introspection_cpp.so
-- Set non-toolchain portion of runtime path of "/home/frans/mega_ws/src/install/custom_cube_msgs/lib/libcustom_cube_msgs__rosidl_typesupport_introspection_cpp.so" to ""
-- Installing: /home/frans/mega_ws/src/install/custom_cube_msgs/lib/libcustom_cube_msgs__rosidl_typesupport_cpp.so
-- Set non-toolchain portion of runtime path of "/home/frans/mega_ws/src/install/custom_cube_msgs/lib/libcustom_cube_msgs__rosidl_typesupport_cpp.so" to ""
-- Installing: /home/frans/mega_ws/src/install/custom_cube_msgs/share/custom_cube_msgs/environment/pythonpath.sh
-- Installing: /home/frans/mega_ws/src/install/custom_cube_msgs/share/custom_cube_msgs/environment/pythonpath.dsv
-- Installing: /home/frans/mega_ws/src/install/custom_cube_msgs/lib/python3.12/site-packages/custom_cube_msgs-0.0.0-py3.12.egg-info
-- Installing: /home/frans/mega_ws/src/install/custom_cube_msgs/lib/python3.12/site-packages/custom_cube_msgs-0.0.0-py3.12.egg-info/top_level.txt
-- Installing: /home/frans/mega_ws/src/install/custom_cube_msgs/lib/python3.12/site-packages/custom_cube_msgs-0.0.0-py3.12.egg-info/dependency_links.txt
-- Installing: /home/frans/mega_ws/src/install/custom_cube_msgs/lib/python3.12/site-packages/custom_cube_msgs-0.0.0-py3.12.egg-info/SOURCES.txt
-- Installing: /home/frans/mega_ws/src/install/custom_cube_msgs/lib/python3.12/site-packages/custom_cube_msgs-0.0.0-py3.12.egg-info/PKG-INFO
-- Installing: /home/frans/mega_ws/src/install/custom_cube_msgs/lib/python3.12/site-packages/custom_cube_msgs
-- Installing: /home/frans/mega_ws/src/install/custom_cube_msgs/lib/python3.12/site-packages/custom_cube_msgs/_custom_cube_msgs_s.ep.rosidl_typesupport_fastrtps_c.c
-- Installing: /home/frans/mega_ws/src/install/custom_cube_msgs/lib/python3.12/site-packages/custom_cube_msgs/__init__.py
-- Installing: /home/frans/mega_ws/src/install/custom_cube_msgs/lib/python3.12/site-packages/custom_cube_msgs/msg
-- Installing: /home/frans/mega_ws/src/install/custom_cube_msgs/lib/python3.12/site-packages/custom_cube_msgs/msg/__init__.py
-- Installing: /home/frans/mega_ws/src/install/custom_cube_msgs/lib/python3.12/site-packages/custom_cube_msgs/msg/_cube_detections.py
-- Installing: /home/frans/mega_ws/src/install/custom_cube_msgs/lib/python3.12/site-packages/custom_cube_msgs/msg/_cube_detection.py
-- Installing: /home/frans/mega_ws/src/install/custom_cube_msgs/lib/python3.12/site-packages/custom_cube_msgs/msg/_cube_detections_s.c
-- Installing: /home/frans/mega_ws/src/install/custom_cube_msgs/lib/python3.12/site-packages/custom_cube_msgs/msg/_cube_detection_s.c
-- Installing: /home/frans/mega_ws/src/install/custom_cube_msgs/lib/python3.12/site-packages/custom_cube_msgs/custom_cube_msgs_s__rosidl_typesupport_c.so
-- Installing: /home/frans/mega_ws/src/install/custom_cube_msgs/lib/python3.12/site-packages/custom_cube_msgs/custom_cube_msgs_s__rosidl_typesupport_introspection_c.so
-- Installing: /home/frans/mega_ws/src/install/custom_cube_msgs/lib/python3.12/site-packages/custom_cube_msgs/_custom_cube_msgs_s.ep.rosidl_typesupport_introspection_c.c
-- Installing: /home/frans/mega_ws/src/install/custom_cube_msgs/lib/python3.12/site-packages/custom_cube_msgs/custom_cube_msgs_s__rosidl_typesupport_fastrtps_c.so
-- Installing: /home/frans/mega_ws/src/install/custom_cube_msgs/lib/python3.12/site-packages/custom_cube_msgs/_custom_cube_msgs_s.ep.rosidl_typesupport_c.c
Listing '/home/frans/mega_ws/src/install/custom_cube_msgs/lib/python3.12/site-packages/custom_cube_msgs'...
Compiling '/home/frans/mega_ws/src/install/custom_cube_msgs/lib/python3.12/site-packages/custom_cube_msgs/__init__.py'...
Listing '/home/frans/mega_ws/src/install/custom_cube_msgs/lib/python3.12/site-packages/custom_cube_msgs/msg'...
Compiling '/home/frans/mega_ws/src/install/custom_cube_msgs/lib/python3.12/site-packages/custom_cube_msgs/msg/__init__.py'...
Compiling '/home/frans/mega_ws/src/install/custom_cube_msgs/lib/python3.12/site-packages/custom_cube_msgs/msg/_cube_detection.py'...
Compiling '/home/frans/mega_ws/src/install/custom_cube_msgs/lib/python3.12/site-packages/custom_cube_msgs/msg/_cube_detections.py'...
-- Installing: /home/frans/mega_ws/src/install/custom_cube_msgs/lib/python3.12/site-packages/custom_cube_msgs/custom_cube_msgs_s__rosidl_typesupport_fastrtps_c.so
-- Set non-toolchain portion of runtime path of "/home/frans/mega_ws/src/install/custom_cube_msgs/lib/python3.12/site-packages/custom_cube_msgs/custom_cube_msgs_s__rosidl_typesupport_fastrtps_c.so" to ""
-- Installing: /home/frans/mega_ws/src/install/custom_cube_msgs/lib/python3.12/site-packages/custom_cube_msgs/custom_cube_msgs_s__rosidl_typesupport_introspection_c.so
-- Set non-toolchain portion of runtime path of "/home/frans/mega_ws/src/install/custom_cube_msgs/lib/python3.12/site-packages/custom_cube_msgs/custom_cube_msgs_s__rosidl_typesupport_introspection_c.so" to ""
-- Installing: /home/frans/mega_ws/src/install/custom_cube_msgs/lib/python3.12/site-packages/custom_cube_msgs/custom_cube_msgs_s__rosidl_typesupport_c.so
-- Set non-toolchain portion of runtime path of "/home/frans/mega_ws/src/install/custom_cube_msgs/lib/python3.12/site-packages/custom_cube_msgs/custom_cube_msgs_s__rosidl_typesupport_c.so" to ""
-- Installing: /home/frans/mega_ws/src/install/custom_cube_msgs/lib/libcustom_cube_msgs__rosidl_generator_py.so
-- Set non-toolchain portion of runtime path of "/home/frans/mega_ws/src/install/custom_cube_msgs/lib/libcustom_cube_msgs__rosidl_generator_py.so" to ""
-- Installing: /home/frans/mega_ws/src/install/custom_cube_msgs/share/custom_cube_msgs/msg/CubeDetection.idl
-- Installing: /home/frans/mega_ws/src/install/custom_cube_msgs/share/custom_cube_msgs/msg/CubeDetections.idl
-- Installing: /home/frans/mega_ws/src/install/custom_cube_msgs/share/custom_cube_msgs/msg/CubeDetection.msg
-- Installing: /home/frans/mega_ws/src/install/custom_cube_msgs/share/custom_cube_msgs/msg/CubeDetections.msg
-- Installing: /home/frans/mega_ws/src/install/custom_cube_msgs/share/ament_index/resource_index/package_run_dependencies/custom_cube_msgs
-- Installing: /home/frans/mega_ws/src/install/custom_cube_msgs/share/ament_index/resource_index/parent_prefix_path/custom_cube_msgs
-- Installing: /home/frans/mega_ws/src/install/custom_cube_msgs/share/custom_cube_msgs/environment/ament_prefix_path.sh
-- Installing: /home/frans/mega_ws/src/install/custom_cube_msgs/share/custom_cube_msgs/environment/ament_prefix_path.dsv
-- Installing: /home/frans/mega_ws/src/install/custom_cube_msgs/share/custom_cube_msgs/environment/path.sh
-- Installing: /home/frans/mega_ws/src/install/custom_cube_msgs/share/custom_cube_msgs/environment/path.dsv
-- Installing: /home/frans/mega_ws/src/install/custom_cube_msgs/share/custom_cube_msgs/local_setup.bash
-- Installing: /home/frans/mega_ws/src/install/custom_cube_msgs/share/custom_cube_msgs/local_setup.sh
-- Installing: /home/frans/mega_ws/src/install/custom_cube_msgs/share/custom_cube_msgs/local_setup.zsh
-- Installing: /home/frans/mega_ws/src/install/custom_cube_msgs/share/custom_cube_msgs/local_setup.dsv
-- Installing: /home/frans/mega_ws/src/install/custom_cube_msgs/share/custom_cube_msgs/package.dsv
-- Installing: /home/frans/mega_ws/src/install/custom_cube_msgs/share/ament_index/resource_index/packages/custom_cube_msgs
-- Installing: /home/frans/mega_ws/src/install/custom_cube_msgs/share/custom_cube_msgs/cmake/export_custom_cube_msgs__rosidl_generator_cExport.cmake
-- Installing: /home/frans/mega_ws/src/install/custom_cube_msgs/share/custom_cube_msgs/cmake/export_custom_cube_msgs__rosidl_generator_cExport-noconfig.cmake
-- Installing: /home/frans/mega_ws/src/install/custom_cube_msgs/share/custom_cube_msgs/cmake/export_custom_cube_msgs__rosidl_typesupport_fastrtps_cExport.cmake
-- Installing: /home/frans/mega_ws/src/install/custom_cube_msgs/share/custom_cube_msgs/cmake/export_custom_cube_msgs__rosidl_typesupport_fastrtps_cExport-noconfig.cmake
-- Installing: /home/frans/mega_ws/src/install/custom_cube_msgs/share/custom_cube_msgs/cmake/custom_cube_msgs__rosidl_typesupport_introspection_cExport.cmake
-- Installing: /home/frans/mega_ws/src/install/custom_cube_msgs/share/custom_cube_msgs/cmake/custom_cube_msgs__rosidl_typesupport_introspection_cExport-noconfig.cmake
-- Installing: /home/frans/mega_ws/src/install/custom_cube_msgs/share/custom_cube_msgs/cmake/custom_cube_msgs__rosidl_typesupport_cExport.cmake
-- Installing: /home/frans/mega_ws/src/install/custom_cube_msgs/share/custom_cube_msgs/cmake/custom_cube_msgs__rosidl_typesupport_cExport-noconfig.cmake
-- Installing: /home/frans/mega_ws/src/install/custom_cube_msgs/share/custom_cube_msgs/cmake/export_custom_cube_msgs__rosidl_generator_cppExport.cmake
-- Installing: /home/frans/mega_ws/src/install/custom_cube_msgs/share/custom_cube_msgs/cmake/export_custom_cube_msgs__rosidl_typesupport_fastrtps_cppExport.cmake
-- Installing: /home/frans/mega_ws/src/install/custom_cube_msgs/share/custom_cube_msgs/cmake/export_custom_cube_msgs__rosidl_typesupport_fastrtps_cppExport-noconfig.cmake
-- Installing: /home/frans/mega_ws/src/install/custom_cube_msgs/share/custom_cube_msgs/cmake/custom_cube_msgs__rosidl_typesupport_introspection_cppExport.cmake
-- Installing: /home/frans/mega_ws/src/install/custom_cube_msgs/share/custom_cube_msgs/cmake/custom_cube_msgs__rosidl_typesupport_introspection_cppExport-noconfig.cmake
-- Installing: /home/frans/mega_ws/src/install/custom_cube_msgs/share/custom_cube_msgs/cmake/custom_cube_msgs__rosidl_typesupport_cppExport.cmake
-- Installing: /home/frans/mega_ws/src/install/custom_cube_msgs/share/custom_cube_msgs/cmake/custom_cube_msgs__rosidl_typesupport_cppExport-noconfig.cmake
-- Installing: /home/frans/mega_ws/src/install/custom_cube_msgs/share/custom_cube_msgs/cmake/export_custom_cube_msgs__rosidl_generator_pyExport.cmake
-- Installing: /home/frans/mega_ws/src/install/custom_cube_msgs/share/custom_cube_msgs/cmake/export_custom_cube_msgs__rosidl_generator_pyExport-noconfig.cmake
-- Installing: /home/frans/mega_ws/src/install/custom_cube_msgs/share/custom_cube_msgs/cmake/rosidl_cmake-extras.cmake
-- Installing: /home/frans/mega_ws/src/install/custom_cube_msgs/share/custom_cube_msgs/cmake/ament_cmake_export_dependencies-extras.cmake
-- Installing: /home/frans/mega_ws/src/install/custom_cube_msgs/share/custom_cube_msgs/cmake/ament_cmake_export_include_directories-extras.cmake
-- Installing: /home/frans/mega_ws/src/install/custom_cube_msgs/share/custom_cube_msgs/cmake/ament_cmake_export_libraries-extras.cmake
-- Installing: /home/frans/mega_ws/src/install/custom_cube_msgs/share/custom_cube_msgs/cmake/ament_cmake_export_targets-extras.cmake
-- Installing: /home/frans/mega_ws/src/install/custom_cube_msgs/share/custom_cube_msgs/cmake/rosidl_cmake_export_typesupport_targets-extras.cmake
-- Installing: /home/frans/mega_ws/src/install/custom_cube_msgs/share/custom_cube_msgs/cmake/rosidl_cmake_export_typesupport_libraries-extras.cmake
-- Installing: /home/frans/mega_ws/src/install/custom_cube_msgs/share/custom_cube_msgs/cmake/custom_cube_msgsConfig.cmake
-- Installing: /home/frans/mega_ws/src/install/custom_cube_msgs/share/custom_cube_msgs/cmake/custom_cube_msgsConfig-version.cmake
-- Installing: /home/frans/mega_ws/src/install/custom_cube_msgs/share/custom_cube_msgs/package.xml
