[2.491s] Invoking command in '/home/frans/mega_ws/src/movement_planner': DEBUGINFOD_URLS=https://debuginfod.ubuntu.com PYTHONPATH=/home/frans/mega_ws/src/build/movement_planner/prefix_override:/usr/lib/python3/dist-packages/colcon_core/task/python/colcon_distutils_commands:/home/frans/mega_ws/src/install/movement_planner/lib/python3.12/site-packages:${PYTHONPATH} /usr/bin/python3 -W ignore:setup.py install is deprecated -W ignore:easy_install command is deprecated setup.py egg_info --egg-base ../build/movement_planner build --build-base /home/frans/mega_ws/src/build/movement_planner/build install --record /home/frans/mega_ws/src/build/movement_planner/install.log --single-version-externally-managed install_data
[3.038s] running egg_info
[3.038s] creating ../build/movement_planner/movement_planner.egg-info
[3.077s] writing ../build/movement_planner/movement_planner.egg-info/PKG-INFO
[3.077s] writing dependency_links to ../build/movement_planner/movement_planner.egg-info/dependency_links.txt
[3.077s] writing entry points to ../build/movement_planner/movement_planner.egg-info/entry_points.txt
[3.078s] writing requirements to ../build/movement_planner/movement_planner.egg-info/requires.txt
[3.078s] writing top-level names to ../build/movement_planner/movement_planner.egg-info/top_level.txt
[3.078s] writing manifest file '../build/movement_planner/movement_planner.egg-info/SOURCES.txt'
[3.156s] reading manifest file '../build/movement_planner/movement_planner.egg-info/SOURCES.txt'
[3.156s] adding license file 'LICENSE'
[3.158s] writing manifest file '../build/movement_planner/movement_planner.egg-info/SOURCES.txt'
[3.158s] running build
[3.158s] running build_py
[3.159s] creating /home/frans/mega_ws/src/build/movement_planner/build
[3.159s] creating /home/frans/mega_ws/src/build/movement_planner/build/lib
[3.159s] creating /home/frans/mega_ws/src/build/movement_planner/build/lib/movement_planner
[3.159s] copying movement_planner/__init__.py -> /home/frans/mega_ws/src/build/movement_planner/build/lib/movement_planner
[3.159s] copying movement_planner/movement_planner_node.py -> /home/frans/mega_ws/src/build/movement_planner/build/lib/movement_planner
[3.159s] running install
[3.170s] running install_lib
[3.207s] creating /home/frans/mega_ws/src/install/movement_planner/lib/python3.12/site-packages/movement_planner
[3.207s] copying /home/frans/mega_ws/src/build/movement_planner/build/lib/movement_planner/__init__.py -> /home/frans/mega_ws/src/install/movement_planner/lib/python3.12/site-packages/movement_planner
[3.207s] copying /home/frans/mega_ws/src/build/movement_planner/build/lib/movement_planner/movement_planner_node.py -> /home/frans/mega_ws/src/install/movement_planner/lib/python3.12/site-packages/movement_planner
[3.208s] byte-compiling /home/frans/mega_ws/src/install/movement_planner/lib/python3.12/site-packages/movement_planner/__init__.py to __init__.cpython-312.pyc
[3.208s] byte-compiling /home/frans/mega_ws/src/install/movement_planner/lib/python3.12/site-packages/movement_planner/movement_planner_node.py to movement_planner_node.cpython-312.pyc
[3.209s] running install_data
[3.209s] creating /home/frans/mega_ws/src/install/movement_planner/share/ament_index
[3.210s] creating /home/frans/mega_ws/src/install/movement_planner/share/ament_index/resource_index
[3.210s] creating /home/frans/mega_ws/src/install/movement_planner/share/ament_index/resource_index/packages
[3.210s] copying resource/movement_planner -> /home/frans/mega_ws/src/install/movement_planner/share/ament_index/resource_index/packages
[3.210s] copying package.xml -> /home/frans/mega_ws/src/install/movement_planner/share/movement_planner
[3.211s] creating /home/frans/mega_ws/src/install/movement_planner/share/movement_planner/launch
[3.211s] copying launch/movement_planner_launch.py -> /home/frans/mega_ws/src/install/movement_planner/share/movement_planner/launch
[3.211s] running install_egg_info
[3.253s] Copying ../build/movement_planner/movement_planner.egg-info to /home/frans/mega_ws/src/install/movement_planner/lib/python3.12/site-packages/movement_planner-0.0.0-py3.12.egg-info
[3.254s] running install_scripts
[3.469s] Installing movement_planner_node script to /home/frans/mega_ws/src/install/movement_planner/lib/movement_planner
[3.470s] writing list of installed files to '/home/frans/mega_ws/src/build/movement_planner/install.log'
[3.511s] Invoked command in '/home/frans/mega_ws/src/movement_planner' returned '0': DEBUGINFOD_URLS=https://debuginfod.ubuntu.com PYTHONPATH=/home/frans/mega_ws/src/build/movement_planner/prefix_override:/usr/lib/python3/dist-packages/colcon_core/task/python/colcon_distutils_commands:/home/frans/mega_ws/src/install/movement_planner/lib/python3.12/site-packages:${PYTHONPATH} /usr/bin/python3 -W ignore:setup.py install is deprecated -W ignore:easy_install command is deprecated setup.py egg_info --egg-base ../build/movement_planner build --build-base /home/frans/mega_ws/src/build/movement_planner/build install --record /home/frans/mega_ws/src/build/movement_planner/install.log --single-version-externally-managed install_data
