[1.681s] Invoking command in '/home/frans/mega_ws/src/movement_planner': DEBUGINFOD_URLS=https://debuginfod.ubuntu.com PYTHONPATH=/home/frans/mega_ws/src/build/movement_planner/prefix_override:/usr/lib/python3/dist-packages/colcon_core/task/python/colcon_distutils_commands:/home/frans/mega_ws/src/install/movement_planner/lib/python3.12/site-packages:${PYTHONPATH} /usr/bin/python3 -W ignore:setup.py install is deprecated -W ignore:easy_install command is deprecated setup.py egg_info --egg-base ../build/movement_planner build --build-base /home/frans/mega_ws/src/build/movement_planner/build install --record /home/frans/mega_ws/src/build/movement_planner/install.log --single-version-externally-managed install_data
[1.959s] running egg_info
[1.980s] writing ../build/movement_planner/movement_planner.egg-info/PKG-INFO
[1.980s] writing dependency_links to ../build/movement_planner/movement_planner.egg-info/dependency_links.txt
[1.980s] writing entry points to ../build/movement_planner/movement_planner.egg-info/entry_points.txt
[1.981s] writing requirements to ../build/movement_planner/movement_planner.egg-info/requires.txt
[1.981s] writing top-level names to ../build/movement_planner/movement_planner.egg-info/top_level.txt
[2.027s] reading manifest file '../build/movement_planner/movement_planner.egg-info/SOURCES.txt'
[2.028s] adding license file 'LICENSE'
[2.028s] writing manifest file '../build/movement_planner/movement_planner.egg-info/SOURCES.txt'
[2.028s] running build
[2.029s] running build_py
[2.029s] running install
[2.035s] running install_lib
[2.058s] running install_data
[2.059s] running install_egg_info
[2.085s] removing '/home/frans/mega_ws/src/install/movement_planner/lib/python3.12/site-packages/movement_planner-0.0.0-py3.12.egg-info' (and everything under it)
[2.085s] Copying ../build/movement_planner/movement_planner.egg-info to /home/frans/mega_ws/src/install/movement_planner/lib/python3.12/site-packages/movement_planner-0.0.0-py3.12.egg-info
[2.086s] running install_scripts
[2.226s] Installing movement_planner_node script to /home/frans/mega_ws/src/install/movement_planner/lib/movement_planner
[2.226s] writing list of installed files to '/home/frans/mega_ws/src/build/movement_planner/install.log'
[2.252s] Invoked command in '/home/frans/mega_ws/src/movement_planner' returned '0': DEBUGINFOD_URLS=https://debuginfod.ubuntu.com PYTHONPATH=/home/frans/mega_ws/src/build/movement_planner/prefix_override:/usr/lib/python3/dist-packages/colcon_core/task/python/colcon_distutils_commands:/home/frans/mega_ws/src/install/movement_planner/lib/python3.12/site-packages:${PYTHONPATH} /usr/bin/python3 -W ignore:setup.py install is deprecated -W ignore:easy_install command is deprecated setup.py egg_info --egg-base ../build/movement_planner build --build-base /home/frans/mega_ws/src/build/movement_planner/build install --record /home/frans/mega_ws/src/build/movement_planner/install.log --single-version-externally-managed install_data
