[1.575s] Invoking command in '/home/frans/mega_ws/src/error_handler': DEBUGINFOD_URLS=https://debuginfod.ubuntu.com PYTHONPATH=/home/frans/mega_ws/src/build/error_handler/prefix_override:/usr/lib/python3/dist-packages/colcon_core/task/python/colcon_distutils_commands:/home/frans/mega_ws/src/install/error_handler/lib/python3.12/site-packages:${PYTHONPATH} /usr/bin/python3 -W ignore:setup.py install is deprecated -W ignore:easy_install command is deprecated setup.py egg_info --egg-base ../build/error_handler build --build-base /home/frans/mega_ws/src/build/error_handler/build install --record /home/frans/mega_ws/src/build/error_handler/install.log --single-version-externally-managed install_data
[1.978s] running egg_info
[1.978s] creating ../build/error_handler/error_handler.egg-info
[2.010s] writing ../build/error_handler/error_handler.egg-info/PKG-INFO
[2.010s] writing dependency_links to ../build/error_handler/error_handler.egg-info/dependency_links.txt
[2.010s] writing entry points to ../build/error_handler/error_handler.egg-info/entry_points.txt
[2.010s] writing requirements to ../build/error_handler/error_handler.egg-info/requires.txt
[2.010s] writing top-level names to ../build/error_handler/error_handler.egg-info/top_level.txt
[2.011s] writing manifest file '../build/error_handler/error_handler.egg-info/SOURCES.txt'
[2.076s] reading manifest file '../build/error_handler/error_handler.egg-info/SOURCES.txt'
[2.076s] adding license file 'LICENSE'
[2.076s] writing manifest file '../build/error_handler/error_handler.egg-info/SOURCES.txt'
[2.077s] running build
[2.077s] running build_py
[2.077s] creating /home/frans/mega_ws/src/build/error_handler/build
[2.077s] creating /home/frans/mega_ws/src/build/error_handler/build/lib
[2.077s] creating /home/frans/mega_ws/src/build/error_handler/build/lib/error_handler
[2.077s] copying error_handler/__init__.py -> /home/frans/mega_ws/src/build/error_handler/build/lib/error_handler
[2.077s] running install
[2.086s] running install_lib
[2.119s] creating /home/frans/mega_ws/src/install/error_handler/lib/python3.12/site-packages/error_handler
[2.119s] copying /home/frans/mega_ws/src/build/error_handler/build/lib/error_handler/__init__.py -> /home/frans/mega_ws/src/install/error_handler/lib/python3.12/site-packages/error_handler
[2.119s] byte-compiling /home/frans/mega_ws/src/install/error_handler/lib/python3.12/site-packages/error_handler/__init__.py to __init__.cpython-312.pyc
[2.120s] running install_data
[2.120s] creating /home/frans/mega_ws/src/install/error_handler/share/ament_index
[2.120s] creating /home/frans/mega_ws/src/install/error_handler/share/ament_index/resource_index
[2.120s] creating /home/frans/mega_ws/src/install/error_handler/share/ament_index/resource_index/packages
[2.121s] copying resource/error_handler -> /home/frans/mega_ws/src/install/error_handler/share/ament_index/resource_index/packages
[2.121s] copying package.xml -> /home/frans/mega_ws/src/install/error_handler/share/error_handler
[2.121s] running install_egg_info
[2.155s] Copying ../build/error_handler/error_handler.egg-info to /home/frans/mega_ws/src/install/error_handler/lib/python3.12/site-packages/error_handler-0.0.0-py3.12.egg-info
[2.156s] running install_scripts
[2.357s] Installing error_handler_node script to /home/frans/mega_ws/src/install/error_handler/lib/error_handler
[2.358s] writing list of installed files to '/home/frans/mega_ws/src/build/error_handler/install.log'
[2.388s] Invoked command in '/home/frans/mega_ws/src/error_handler' returned '0': DEBUGINFOD_URLS=https://debuginfod.ubuntu.com PYTHONPATH=/home/frans/mega_ws/src/build/error_handler/prefix_override:/usr/lib/python3/dist-packages/colcon_core/task/python/colcon_distutils_commands:/home/frans/mega_ws/src/install/error_handler/lib/python3.12/site-packages:${PYTHONPATH} /usr/bin/python3 -W ignore:setup.py install is deprecated -W ignore:easy_install command is deprecated setup.py egg_info --egg-base ../build/error_handler build --build-base /home/frans/mega_ws/src/build/error_handler/build install --record /home/frans/mega_ws/src/build/error_handler/install.log --single-version-externally-managed install_data
