[0.166s] DEBUG:colcon:Command line arguments: ['/usr/bin/colcon', 'build']
[0.166s] DEBUG:colcon:Parsed command line arguments: Namespace(log_base=None, log_level=None, verb_name='build', build_base='build', install_base='install', merge_install=False, symlink_install=False, test_result_base=None, continue_on_error=False, executor='parallel', parallel_workers=8, event_handlers=None, ignore_user_meta=False, metas=['./colcon.meta'], base_paths=['.'], packages_ignore=None, packages_ignore_regex=None, paths=None, packages_up_to=None, packages_up_to_regex=None, packages_above=None, packages_above_and_dependencies=None, packages_above_depth=None, packages_select_by_dep=None, packages_skip_by_dep=None, packages_skip_up_to=None, packages_select_build_failed=False, packages_skip_build_finished=False, packages_select_test_failures=False, packages_skip_test_passed=False, packages_select=None, packages_skip=None, packages_select_regex=None, packages_skip_regex=None, packages_start=None, packages_end=None, allow_overriding=[], cmake_args=None, cmake_target=None, cmake_target_skip_unavailable=False, cmake_clean_cache=False, cmake_clean_first=False, cmake_force_configure=False, ament_cmake_args=None, catkin_cmake_args=None, catkin_skip_building_tests=False, mixin_files=None, mixin=None, verb_parser=<colcon_mixin.mixin.mixin_argument.MixinArgumentDecorator object at 0x7e42874a1250>, verb_extension=<colcon_core.verb.build.BuildVerb object at 0x7e42875c5700>, main=<bound method BuildVerb.main of <colcon_core.verb.build.BuildVerb object at 0x7e42875c5700>>, mixin_verb=('build',))
[0.222s] Level 1:colcon.colcon_core.package_discovery:discover_packages(colcon_meta) check parameters
[0.222s] Level 1:colcon.colcon_core.package_discovery:discover_packages(recursive) check parameters
[0.222s] Level 1:colcon.colcon_core.package_discovery:discover_packages(ignore) check parameters
[0.222s] Level 1:colcon.colcon_core.package_discovery:discover_packages(path) check parameters
[0.222s] Level 1:colcon.colcon_core.package_discovery:discover_packages(colcon_meta) discover
[0.222s] Level 1:colcon.colcon_core.package_discovery:discover_packages(recursive) discover
[0.222s] INFO:colcon.colcon_core.package_discovery:Crawling recursively for packages in '/home/frans/mega_ws/src'
[0.222s] Level 1:colcon.colcon_core.package_identification:_identify(.) by extensions ['ignore', 'ignore_ament_install']
[0.222s] Level 1:colcon.colcon_core.package_identification:_identify(.) by extension 'ignore'
[0.223s] Level 1:colcon.colcon_core.package_identification:_identify(.) by extension 'ignore_ament_install'
[0.223s] Level 1:colcon.colcon_core.package_identification:_identify(.) by extensions ['colcon_pkg']
[0.223s] Level 1:colcon.colcon_core.package_identification:_identify(.) by extension 'colcon_pkg'
[0.223s] Level 1:colcon.colcon_core.package_identification:_identify(.) by extensions ['colcon_meta']
[0.223s] Level 1:colcon.colcon_core.package_identification:_identify(.) by extension 'colcon_meta'
[0.223s] Level 1:colcon.colcon_core.package_identification:_identify(.) by extensions ['ros']
[0.223s] Level 1:colcon.colcon_core.package_identification:_identify(.) by extension 'ros'
[0.261s] Level 1:colcon.colcon_core.package_identification:_identify(.) by extensions ['cmake', 'python']
[0.261s] Level 1:colcon.colcon_core.package_identification:_identify(.) by extension 'cmake'
[0.261s] Level 1:colcon.colcon_core.package_identification:_identify(.) by extension 'python'
[0.261s] Level 1:colcon.colcon_core.package_identification:_identify(.) by extensions ['python_setup_py']
[0.261s] Level 1:colcon.colcon_core.package_identification:_identify(.) by extension 'python_setup_py'
[0.261s] Level 1:colcon.colcon_core.package_identification:_identify(build) by extensions ['ignore', 'ignore_ament_install']
[0.261s] Level 1:colcon.colcon_core.package_identification:_identify(build) by extension 'ignore'
[0.261s] Level 1:colcon.colcon_core.package_identification:_identify(build) ignored
[0.261s] Level 1:colcon.colcon_core.package_identification:_identify(camera_pipeline) by extensions ['ignore', 'ignore_ament_install']
[0.262s] Level 1:colcon.colcon_core.package_identification:_identify(camera_pipeline) by extension 'ignore'
[0.262s] Level 1:colcon.colcon_core.package_identification:_identify(camera_pipeline) by extension 'ignore_ament_install'
[0.262s] Level 1:colcon.colcon_core.package_identification:_identify(camera_pipeline) by extensions ['colcon_pkg']
[0.262s] Level 1:colcon.colcon_core.package_identification:_identify(camera_pipeline) by extension 'colcon_pkg'
[0.262s] Level 1:colcon.colcon_core.package_identification:_identify(camera_pipeline) by extensions ['colcon_meta']
[0.262s] Level 1:colcon.colcon_core.package_identification:_identify(camera_pipeline) by extension 'colcon_meta'
[0.262s] Level 1:colcon.colcon_core.package_identification:_identify(camera_pipeline) by extensions ['ros']
[0.262s] Level 1:colcon.colcon_core.package_identification:_identify(camera_pipeline) by extension 'ros'
[0.265s] DEBUG:colcon.colcon_core.package_identification:Package 'camera_pipeline' with type 'ros.ament_python' and name 'camera_pipeline'
[0.266s] Level 1:colcon.colcon_core.package_identification:_identify(custom_cube_msgs) by extensions ['ignore', 'ignore_ament_install']
[0.266s] Level 1:colcon.colcon_core.package_identification:_identify(custom_cube_msgs) by extension 'ignore'
[0.266s] Level 1:colcon.colcon_core.package_identification:_identify(custom_cube_msgs) by extension 'ignore_ament_install'
[0.266s] Level 1:colcon.colcon_core.package_identification:_identify(custom_cube_msgs) by extensions ['colcon_pkg']
[0.266s] Level 1:colcon.colcon_core.package_identification:_identify(custom_cube_msgs) by extension 'colcon_pkg'
[0.266s] Level 1:colcon.colcon_core.package_identification:_identify(custom_cube_msgs) by extensions ['colcon_meta']
[0.266s] Level 1:colcon.colcon_core.package_identification:_identify(custom_cube_msgs) by extension 'colcon_meta'
[0.266s] Level 1:colcon.colcon_core.package_identification:_identify(custom_cube_msgs) by extensions ['ros']
[0.266s] Level 1:colcon.colcon_core.package_identification:_identify(custom_cube_msgs) by extension 'ros'
[0.267s] DEBUG:colcon.colcon_core.package_identification:Package 'custom_cube_msgs' with type 'ros.ament_cmake' and name 'custom_cube_msgs'
[0.267s] Level 1:colcon.colcon_core.package_identification:_identify(error_handler) by extensions ['ignore', 'ignore_ament_install']
[0.267s] Level 1:colcon.colcon_core.package_identification:_identify(error_handler) by extension 'ignore'
[0.267s] Level 1:colcon.colcon_core.package_identification:_identify(error_handler) by extension 'ignore_ament_install'
[0.267s] Level 1:colcon.colcon_core.package_identification:_identify(error_handler) by extensions ['colcon_pkg']
[0.267s] Level 1:colcon.colcon_core.package_identification:_identify(error_handler) by extension 'colcon_pkg'
[0.268s] Level 1:colcon.colcon_core.package_identification:_identify(error_handler) by extensions ['colcon_meta']
[0.268s] Level 1:colcon.colcon_core.package_identification:_identify(error_handler) by extension 'colcon_meta'
[0.268s] Level 1:colcon.colcon_core.package_identification:_identify(error_handler) by extensions ['ros']
[0.268s] Level 1:colcon.colcon_core.package_identification:_identify(error_handler) by extension 'ros'
[0.268s] DEBUG:colcon.colcon_core.package_identification:Package 'error_handler' with type 'ros.ament_python' and name 'error_handler'
[0.268s] Level 1:colcon.colcon_core.package_identification:_identify(install) by extensions ['ignore', 'ignore_ament_install']
[0.268s] Level 1:colcon.colcon_core.package_identification:_identify(install) by extension 'ignore'
[0.269s] Level 1:colcon.colcon_core.package_identification:_identify(install) ignored
[0.269s] Level 1:colcon.colcon_core.package_identification:_identify(log) by extensions ['ignore', 'ignore_ament_install']
[0.269s] Level 1:colcon.colcon_core.package_identification:_identify(log) by extension 'ignore'
[0.269s] Level 1:colcon.colcon_core.package_identification:_identify(log) ignored
[0.269s] Level 1:colcon.colcon_core.package_identification:_identify(movement_controller) by extensions ['ignore', 'ignore_ament_install']
[0.269s] Level 1:colcon.colcon_core.package_identification:_identify(movement_controller) by extension 'ignore'
[0.269s] Level 1:colcon.colcon_core.package_identification:_identify(movement_controller) by extension 'ignore_ament_install'
[0.269s] Level 1:colcon.colcon_core.package_identification:_identify(movement_controller) by extensions ['colcon_pkg']
[0.269s] Level 1:colcon.colcon_core.package_identification:_identify(movement_controller) by extension 'colcon_pkg'
[0.269s] Level 1:colcon.colcon_core.package_identification:_identify(movement_controller) by extensions ['colcon_meta']
[0.269s] Level 1:colcon.colcon_core.package_identification:_identify(movement_controller) by extension 'colcon_meta'
[0.270s] Level 1:colcon.colcon_core.package_identification:_identify(movement_controller) by extensions ['ros']
[0.270s] Level 1:colcon.colcon_core.package_identification:_identify(movement_controller) by extension 'ros'
[0.270s] DEBUG:colcon.colcon_core.package_identification:Package 'movement_controller' with type 'ros.ament_python' and name 'movement_controller'
[0.270s] Level 1:colcon.colcon_core.package_identification:_identify(movement_planner) by extensions ['ignore', 'ignore_ament_install']
[0.271s] Level 1:colcon.colcon_core.package_identification:_identify(movement_planner) by extension 'ignore'
[0.271s] Level 1:colcon.colcon_core.package_identification:_identify(movement_planner) by extension 'ignore_ament_install'
[0.271s] Level 1:colcon.colcon_core.package_identification:_identify(movement_planner) by extensions ['colcon_pkg']
[0.271s] Level 1:colcon.colcon_core.package_identification:_identify(movement_planner) by extension 'colcon_pkg'
[0.271s] Level 1:colcon.colcon_core.package_identification:_identify(movement_planner) by extensions ['colcon_meta']
[0.271s] Level 1:colcon.colcon_core.package_identification:_identify(movement_planner) by extension 'colcon_meta'
[0.271s] Level 1:colcon.colcon_core.package_identification:_identify(movement_planner) by extensions ['ros']
[0.271s] Level 1:colcon.colcon_core.package_identification:_identify(movement_planner) by extension 'ros'
[0.272s] DEBUG:colcon.colcon_core.package_identification:Package 'movement_planner' with type 'ros.ament_python' and name 'movement_planner'
[0.272s] Level 1:colcon.colcon_core.package_discovery:discover_packages(recursive) using defaults
[0.272s] Level 1:colcon.colcon_core.package_discovery:discover_packages(ignore) discover
[0.272s] Level 1:colcon.colcon_core.package_discovery:discover_packages(ignore) using defaults
[0.272s] Level 1:colcon.colcon_core.package_discovery:discover_packages(path) discover
[0.272s] Level 1:colcon.colcon_core.package_discovery:discover_packages(path) using defaults
[0.297s] Level 1:colcon.colcon_core.package_discovery:discover_packages(prefix_path) check parameters
[0.297s] Level 1:colcon.colcon_core.package_discovery:discover_packages(prefix_path) discover
[0.300s] DEBUG:colcon.colcon_installed_package_information.package_discovery:Found 5 installed packages in /home/frans/mega_ws/src/install
[0.302s] DEBUG:colcon.colcon_installed_package_information.package_discovery:Found 369 installed packages in /opt/ros/jazzy
[0.304s] Level 1:colcon.colcon_core.package_discovery:discover_packages(prefix_path) using defaults
[0.384s] Level 5:colcon.colcon_core.verb:set package 'camera_pipeline' build argument 'cmake_args' from command line to 'None'
[0.385s] Level 5:colcon.colcon_core.verb:set package 'camera_pipeline' build argument 'cmake_target' from command line to 'None'
[0.385s] Level 5:colcon.colcon_core.verb:set package 'camera_pipeline' build argument 'cmake_target_skip_unavailable' from command line to 'False'
[0.385s] Level 5:colcon.colcon_core.verb:set package 'camera_pipeline' build argument 'cmake_clean_cache' from command line to 'False'
[0.385s] Level 5:colcon.colcon_core.verb:set package 'camera_pipeline' build argument 'cmake_clean_first' from command line to 'False'
[0.385s] Level 5:colcon.colcon_core.verb:set package 'camera_pipeline' build argument 'cmake_force_configure' from command line to 'False'
[0.385s] Level 5:colcon.colcon_core.verb:set package 'camera_pipeline' build argument 'ament_cmake_args' from command line to 'None'
[0.385s] Level 5:colcon.colcon_core.verb:set package 'camera_pipeline' build argument 'catkin_cmake_args' from command line to 'None'
[0.385s] Level 5:colcon.colcon_core.verb:set package 'camera_pipeline' build argument 'catkin_skip_building_tests' from command line to 'False'
[0.385s] DEBUG:colcon.colcon_core.verb:Building package 'camera_pipeline' with the following arguments: {'ament_cmake_args': None, 'build_base': '/home/frans/mega_ws/src/build/camera_pipeline', 'catkin_cmake_args': None, 'catkin_skip_building_tests': False, 'cmake_args': None, 'cmake_clean_cache': False, 'cmake_clean_first': False, 'cmake_force_configure': False, 'cmake_target': None, 'cmake_target_skip_unavailable': False, 'install_base': '/home/frans/mega_ws/src/install/camera_pipeline', 'merge_install': False, 'path': '/home/frans/mega_ws/src/camera_pipeline', 'symlink_install': False, 'test_result_base': None}
[0.385s] Level 5:colcon.colcon_core.verb:set package 'custom_cube_msgs' build argument 'cmake_args' from command line to 'None'
[0.385s] Level 5:colcon.colcon_core.verb:set package 'custom_cube_msgs' build argument 'cmake_target' from command line to 'None'
[0.385s] Level 5:colcon.colcon_core.verb:set package 'custom_cube_msgs' build argument 'cmake_target_skip_unavailable' from command line to 'False'
[0.385s] Level 5:colcon.colcon_core.verb:set package 'custom_cube_msgs' build argument 'cmake_clean_cache' from command line to 'False'
[0.385s] Level 5:colcon.colcon_core.verb:set package 'custom_cube_msgs' build argument 'cmake_clean_first' from command line to 'False'
[0.386s] Level 5:colcon.colcon_core.verb:set package 'custom_cube_msgs' build argument 'cmake_force_configure' from command line to 'False'
[0.386s] Level 5:colcon.colcon_core.verb:set package 'custom_cube_msgs' build argument 'ament_cmake_args' from command line to 'None'
[0.386s] Level 5:colcon.colcon_core.verb:set package 'custom_cube_msgs' build argument 'catkin_cmake_args' from command line to 'None'
[0.386s] Level 5:colcon.colcon_core.verb:set package 'custom_cube_msgs' build argument 'catkin_skip_building_tests' from command line to 'False'
[0.386s] DEBUG:colcon.colcon_core.verb:Building package 'custom_cube_msgs' with the following arguments: {'ament_cmake_args': None, 'build_base': '/home/frans/mega_ws/src/build/custom_cube_msgs', 'catkin_cmake_args': None, 'catkin_skip_building_tests': False, 'cmake_args': None, 'cmake_clean_cache': False, 'cmake_clean_first': False, 'cmake_force_configure': False, 'cmake_target': None, 'cmake_target_skip_unavailable': False, 'install_base': '/home/frans/mega_ws/src/install/custom_cube_msgs', 'merge_install': False, 'path': '/home/frans/mega_ws/src/custom_cube_msgs', 'symlink_install': False, 'test_result_base': None}
[0.386s] Level 5:colcon.colcon_core.verb:set package 'error_handler' build argument 'cmake_args' from command line to 'None'
[0.386s] Level 5:colcon.colcon_core.verb:set package 'error_handler' build argument 'cmake_target' from command line to 'None'
[0.386s] Level 5:colcon.colcon_core.verb:set package 'error_handler' build argument 'cmake_target_skip_unavailable' from command line to 'False'
[0.386s] Level 5:colcon.colcon_core.verb:set package 'error_handler' build argument 'cmake_clean_cache' from command line to 'False'
[0.386s] Level 5:colcon.colcon_core.verb:set package 'error_handler' build argument 'cmake_clean_first' from command line to 'False'
[0.386s] Level 5:colcon.colcon_core.verb:set package 'error_handler' build argument 'cmake_force_configure' from command line to 'False'
[0.386s] Level 5:colcon.colcon_core.verb:set package 'error_handler' build argument 'ament_cmake_args' from command line to 'None'
[0.386s] Level 5:colcon.colcon_core.verb:set package 'error_handler' build argument 'catkin_cmake_args' from command line to 'None'
[0.386s] Level 5:colcon.colcon_core.verb:set package 'error_handler' build argument 'catkin_skip_building_tests' from command line to 'False'
[0.386s] DEBUG:colcon.colcon_core.verb:Building package 'error_handler' with the following arguments: {'ament_cmake_args': None, 'build_base': '/home/frans/mega_ws/src/build/error_handler', 'catkin_cmake_args': None, 'catkin_skip_building_tests': False, 'cmake_args': None, 'cmake_clean_cache': False, 'cmake_clean_first': False, 'cmake_force_configure': False, 'cmake_target': None, 'cmake_target_skip_unavailable': False, 'install_base': '/home/frans/mega_ws/src/install/error_handler', 'merge_install': False, 'path': '/home/frans/mega_ws/src/error_handler', 'symlink_install': False, 'test_result_base': None}
[0.387s] Level 5:colcon.colcon_core.verb:set package 'movement_controller' build argument 'cmake_args' from command line to 'None'
[0.387s] Level 5:colcon.colcon_core.verb:set package 'movement_controller' build argument 'cmake_target' from command line to 'None'
[0.387s] Level 5:colcon.colcon_core.verb:set package 'movement_controller' build argument 'cmake_target_skip_unavailable' from command line to 'False'
[0.387s] Level 5:colcon.colcon_core.verb:set package 'movement_controller' build argument 'cmake_clean_cache' from command line to 'False'
[0.387s] Level 5:colcon.colcon_core.verb:set package 'movement_controller' build argument 'cmake_clean_first' from command line to 'False'
[0.387s] Level 5:colcon.colcon_core.verb:set package 'movement_controller' build argument 'cmake_force_configure' from command line to 'False'
[0.387s] Level 5:colcon.colcon_core.verb:set package 'movement_controller' build argument 'ament_cmake_args' from command line to 'None'
[0.387s] Level 5:colcon.colcon_core.verb:set package 'movement_controller' build argument 'catkin_cmake_args' from command line to 'None'
[0.387s] Level 5:colcon.colcon_core.verb:set package 'movement_controller' build argument 'catkin_skip_building_tests' from command line to 'False'
[0.387s] DEBUG:colcon.colcon_core.verb:Building package 'movement_controller' with the following arguments: {'ament_cmake_args': None, 'build_base': '/home/frans/mega_ws/src/build/movement_controller', 'catkin_cmake_args': None, 'catkin_skip_building_tests': False, 'cmake_args': None, 'cmake_clean_cache': False, 'cmake_clean_first': False, 'cmake_force_configure': False, 'cmake_target': None, 'cmake_target_skip_unavailable': False, 'install_base': '/home/frans/mega_ws/src/install/movement_controller', 'merge_install': False, 'path': '/home/frans/mega_ws/src/movement_controller', 'symlink_install': False, 'test_result_base': None}
[0.387s] Level 5:colcon.colcon_core.verb:set package 'movement_planner' build argument 'cmake_args' from command line to 'None'
[0.387s] Level 5:colcon.colcon_core.verb:set package 'movement_planner' build argument 'cmake_target' from command line to 'None'
[0.387s] Level 5:colcon.colcon_core.verb:set package 'movement_planner' build argument 'cmake_target_skip_unavailable' from command line to 'False'
[0.387s] Level 5:colcon.colcon_core.verb:set package 'movement_planner' build argument 'cmake_clean_cache' from command line to 'False'
[0.387s] Level 5:colcon.colcon_core.verb:set package 'movement_planner' build argument 'cmake_clean_first' from command line to 'False'
[0.388s] Level 5:colcon.colcon_core.verb:set package 'movement_planner' build argument 'cmake_force_configure' from command line to 'False'
[0.388s] Level 5:colcon.colcon_core.verb:set package 'movement_planner' build argument 'ament_cmake_args' from command line to 'None'
[0.388s] Level 5:colcon.colcon_core.verb:set package 'movement_planner' build argument 'catkin_cmake_args' from command line to 'None'
[0.388s] Level 5:colcon.colcon_core.verb:set package 'movement_planner' build argument 'catkin_skip_building_tests' from command line to 'False'
[0.388s] DEBUG:colcon.colcon_core.verb:Building package 'movement_planner' with the following arguments: {'ament_cmake_args': None, 'build_base': '/home/frans/mega_ws/src/build/movement_planner', 'catkin_cmake_args': None, 'catkin_skip_building_tests': False, 'cmake_args': None, 'cmake_clean_cache': False, 'cmake_clean_first': False, 'cmake_force_configure': False, 'cmake_target': None, 'cmake_target_skip_unavailable': False, 'install_base': '/home/frans/mega_ws/src/install/movement_planner', 'merge_install': False, 'path': '/home/frans/mega_ws/src/movement_planner', 'symlink_install': False, 'test_result_base': None}
[0.388s] INFO:colcon.colcon_core.executor:Executing jobs using 'parallel' executor
[0.389s] DEBUG:colcon.colcon_parallel_executor.executor.parallel:run_until_complete
[0.389s] INFO:colcon.colcon_ros.task.ament_python.build:Building ROS package in '/home/frans/mega_ws/src/camera_pipeline' with build type 'ament_python'
[0.389s] Level 1:colcon.colcon_core.shell:create_environment_hook('camera_pipeline', 'ament_prefix_path')
[0.392s] INFO:colcon.colcon_core.plugin_system:Skipping extension 'colcon_core.shell.bat': Not used on non-Windows systems
[0.392s] INFO:colcon.colcon_core.shell:Creating environment hook '/home/frans/mega_ws/src/install/camera_pipeline/share/camera_pipeline/hook/ament_prefix_path.ps1'
[0.393s] INFO:colcon.colcon_core.shell:Creating environment descriptor '/home/frans/mega_ws/src/install/camera_pipeline/share/camera_pipeline/hook/ament_prefix_path.dsv'
[0.394s] INFO:colcon.colcon_core.shell:Creating environment hook '/home/frans/mega_ws/src/install/camera_pipeline/share/camera_pipeline/hook/ament_prefix_path.sh'
[0.395s] INFO:colcon.colcon_core.shell:Skip shell extension 'powershell' for command environment: Not usable outside of PowerShell
[0.395s] DEBUG:colcon.colcon_core.shell:Skip shell extension 'dsv' for command environment
[0.400s] INFO:colcon.colcon_ros.task.ament_cmake.build:Building ROS package in '/home/frans/mega_ws/src/custom_cube_msgs' with build type 'ament_cmake'
[0.400s] INFO:colcon.colcon_cmake.task.cmake.build:Building CMake package in '/home/frans/mega_ws/src/custom_cube_msgs'
[0.401s] INFO:colcon.colcon_core.shell:Skip shell extension 'powershell' for command environment: Not usable outside of PowerShell
[0.401s] DEBUG:colcon.colcon_core.shell:Skip shell extension 'dsv' for command environment
[0.406s] INFO:colcon.colcon_ros.task.ament_python.build:Building ROS package in '/home/frans/mega_ws/src/error_handler' with build type 'ament_python'
[0.406s] Level 1:colcon.colcon_core.shell:create_environment_hook('error_handler', 'ament_prefix_path')
[0.406s] INFO:colcon.colcon_core.shell:Creating environment hook '/home/frans/mega_ws/src/install/error_handler/share/error_handler/hook/ament_prefix_path.ps1'
[0.407s] INFO:colcon.colcon_core.shell:Creating environment descriptor '/home/frans/mega_ws/src/install/error_handler/share/error_handler/hook/ament_prefix_path.dsv'
[0.408s] INFO:colcon.colcon_core.shell:Creating environment hook '/home/frans/mega_ws/src/install/error_handler/share/error_handler/hook/ament_prefix_path.sh'
[0.408s] INFO:colcon.colcon_core.shell:Skip shell extension 'powershell' for command environment: Not usable outside of PowerShell
[0.408s] DEBUG:colcon.colcon_core.shell:Skip shell extension 'dsv' for command environment
[0.413s] INFO:colcon.colcon_ros.task.ament_python.build:Building ROS package in '/home/frans/mega_ws/src/movement_controller' with build type 'ament_python'
[0.413s] Level 1:colcon.colcon_core.shell:create_environment_hook('movement_controller', 'ament_prefix_path')
[0.413s] INFO:colcon.colcon_core.shell:Creating environment hook '/home/frans/mega_ws/src/install/movement_controller/share/movement_controller/hook/ament_prefix_path.ps1'
[0.414s] INFO:colcon.colcon_core.shell:Creating environment descriptor '/home/frans/mega_ws/src/install/movement_controller/share/movement_controller/hook/ament_prefix_path.dsv'
[0.414s] INFO:colcon.colcon_core.shell:Creating environment hook '/home/frans/mega_ws/src/install/movement_controller/share/movement_controller/hook/ament_prefix_path.sh'
[0.415s] INFO:colcon.colcon_core.shell:Skip shell extension 'powershell' for command environment: Not usable outside of PowerShell
[0.415s] DEBUG:colcon.colcon_core.shell:Skip shell extension 'dsv' for command environment
[0.420s] INFO:colcon.colcon_ros.task.ament_python.build:Building ROS package in '/home/frans/mega_ws/src/movement_planner' with build type 'ament_python'
[0.420s] Level 1:colcon.colcon_core.shell:create_environment_hook('movement_planner', 'ament_prefix_path')
[0.421s] INFO:colcon.colcon_core.shell:Creating environment hook '/home/frans/mega_ws/src/install/movement_planner/share/movement_planner/hook/ament_prefix_path.ps1'
[0.422s] INFO:colcon.colcon_core.shell:Creating environment descriptor '/home/frans/mega_ws/src/install/movement_planner/share/movement_planner/hook/ament_prefix_path.dsv'
[0.422s] INFO:colcon.colcon_core.shell:Creating environment hook '/home/frans/mega_ws/src/install/movement_planner/share/movement_planner/hook/ament_prefix_path.sh'
[0.424s] INFO:colcon.colcon_core.shell:Skip shell extension 'powershell' for command environment: Not usable outside of PowerShell
[0.424s] DEBUG:colcon.colcon_core.shell:Skip shell extension 'dsv' for command environment
[0.765s] INFO:colcon.colcon_core.task.python.build:Building Python package in '/home/frans/mega_ws/src/camera_pipeline'
[0.766s] INFO:colcon.colcon_core.shell:Skip shell extension 'powershell' for command environment: Not usable outside of PowerShell
[0.766s] DEBUG:colcon.colcon_core.shell:Skip shell extension 'dsv' for command environment
[0.779s] DEBUG:colcon.colcon_core.event_handler.log_command:Invoking command in '/home/frans/mega_ws/src/build/custom_cube_msgs': CMAKE_PREFIX_PATH=${CMAKE_PREFIX_PATH}:/home/frans/mega_ws/src/install/movement_planner:/home/frans/mega_ws/src/install/movement_controller:/home/frans/mega_ws/src/install/error_handler:/home/frans/mega_ws/src/install/camera_pipeline:/opt/ros/jazzy DEBUGINFOD_URLS=https://debuginfod.ubuntu.com /usr/bin/cmake --build /home/frans/mega_ws/src/build/custom_cube_msgs -- -j8 -l8
[1.200s] INFO:colcon.colcon_core.task.python.build:Building Python package in '/home/frans/mega_ws/src/error_handler'
[1.201s] INFO:colcon.colcon_core.shell:Skip shell extension 'powershell' for command environment: Not usable outside of PowerShell
[1.201s] DEBUG:colcon.colcon_core.shell:Skip shell extension 'dsv' for command environment
[1.542s] INFO:colcon.colcon_core.task.python.build:Building Python package in '/home/frans/mega_ws/src/movement_controller'
[1.543s] INFO:colcon.colcon_core.shell:Skip shell extension 'powershell' for command environment: Not usable outside of PowerShell
[1.543s] DEBUG:colcon.colcon_core.shell:Skip shell extension 'dsv' for command environment
[1.915s] INFO:colcon.colcon_core.task.python.build:Building Python package in '/home/frans/mega_ws/src/movement_planner'
[1.916s] INFO:colcon.colcon_core.shell:Skip shell extension 'powershell' for command environment: Not usable outside of PowerShell
[1.916s] DEBUG:colcon.colcon_core.shell:Skip shell extension 'dsv' for command environment
[1.922s] DEBUG:colcon.colcon_core.event_handler.log_command:Invoked command in '/home/frans/mega_ws/src/build/custom_cube_msgs' returned '0': CMAKE_PREFIX_PATH=${CMAKE_PREFIX_PATH}:/home/frans/mega_ws/src/install/movement_planner:/home/frans/mega_ws/src/install/movement_controller:/home/frans/mega_ws/src/install/error_handler:/home/frans/mega_ws/src/install/camera_pipeline:/opt/ros/jazzy DEBUGINFOD_URLS=https://debuginfod.ubuntu.com /usr/bin/cmake --build /home/frans/mega_ws/src/build/custom_cube_msgs -- -j8 -l8
[1.935s] DEBUG:colcon.colcon_core.event_handler.log_command:Invoking command in '/home/frans/mega_ws/src/build/custom_cube_msgs': CMAKE_PREFIX_PATH=${CMAKE_PREFIX_PATH}:/home/frans/mega_ws/src/install/movement_planner:/home/frans/mega_ws/src/install/movement_controller:/home/frans/mega_ws/src/install/error_handler:/home/frans/mega_ws/src/install/camera_pipeline:/opt/ros/jazzy DEBUGINFOD_URLS=https://debuginfod.ubuntu.com /usr/bin/cmake --install /home/frans/mega_ws/src/build/custom_cube_msgs
[2.060s] Level 1:colcon.colcon_core.environment:create_environment_scripts_only(custom_cube_msgs)
[2.067s] DEBUG:colcon.colcon_core.event_handler.log_command:Invoked command in '/home/frans/mega_ws/src/build/custom_cube_msgs' returned '0': CMAKE_PREFIX_PATH=${CMAKE_PREFIX_PATH}:/home/frans/mega_ws/src/install/movement_planner:/home/frans/mega_ws/src/install/movement_controller:/home/frans/mega_ws/src/install/error_handler:/home/frans/mega_ws/src/install/camera_pipeline:/opt/ros/jazzy DEBUGINFOD_URLS=https://debuginfod.ubuntu.com /usr/bin/cmake --install /home/frans/mega_ws/src/build/custom_cube_msgs
[2.068s] Level 1:colcon.colcon_core.environment:checking '/home/frans/mega_ws/src/install/custom_cube_msgs' for CMake module files
[2.070s] Level 1:colcon.colcon_core.environment:checking '/home/frans/mega_ws/src/install/custom_cube_msgs' for CMake config files
[2.070s] Level 1:colcon.colcon_core.shell:create_environment_hook('custom_cube_msgs', 'cmake_prefix_path')
[2.071s] INFO:colcon.colcon_core.shell:Creating environment hook '/home/frans/mega_ws/src/install/custom_cube_msgs/share/custom_cube_msgs/hook/cmake_prefix_path.ps1'
[2.072s] INFO:colcon.colcon_core.shell:Creating environment descriptor '/home/frans/mega_ws/src/install/custom_cube_msgs/share/custom_cube_msgs/hook/cmake_prefix_path.dsv'
[2.072s] INFO:colcon.colcon_core.shell:Creating environment hook '/home/frans/mega_ws/src/install/custom_cube_msgs/share/custom_cube_msgs/hook/cmake_prefix_path.sh'
[2.073s] Level 1:colcon.colcon_core.environment:checking '/home/frans/mega_ws/src/install/custom_cube_msgs/lib'
[2.074s] Level 1:colcon.colcon_core.shell:create_environment_hook('custom_cube_msgs', 'ld_library_path_lib')
[2.074s] INFO:colcon.colcon_core.shell:Creating environment hook '/home/frans/mega_ws/src/install/custom_cube_msgs/share/custom_cube_msgs/hook/ld_library_path_lib.ps1'
[2.075s] INFO:colcon.colcon_core.shell:Creating environment descriptor '/home/frans/mega_ws/src/install/custom_cube_msgs/share/custom_cube_msgs/hook/ld_library_path_lib.dsv'
[2.076s] INFO:colcon.colcon_core.shell:Creating environment hook '/home/frans/mega_ws/src/install/custom_cube_msgs/share/custom_cube_msgs/hook/ld_library_path_lib.sh'
[2.076s] Level 1:colcon.colcon_core.environment:checking '/home/frans/mega_ws/src/install/custom_cube_msgs/bin'
[2.076s] Level 1:colcon.colcon_core.environment:checking '/home/frans/mega_ws/src/install/custom_cube_msgs/lib/pkgconfig/custom_cube_msgs.pc'
[2.077s] Level 1:colcon.colcon_core.environment:checking '/home/frans/mega_ws/src/install/custom_cube_msgs/lib/python3.12/site-packages'
[2.077s] Level 1:colcon.colcon_core.shell:create_environment_hook('custom_cube_msgs', 'pythonpath')
[2.078s] INFO:colcon.colcon_core.shell:Creating environment hook '/home/frans/mega_ws/src/install/custom_cube_msgs/share/custom_cube_msgs/hook/pythonpath.ps1'
[2.078s] INFO:colcon.colcon_core.shell:Creating environment descriptor '/home/frans/mega_ws/src/install/custom_cube_msgs/share/custom_cube_msgs/hook/pythonpath.dsv'
[2.079s] INFO:colcon.colcon_core.shell:Creating environment hook '/home/frans/mega_ws/src/install/custom_cube_msgs/share/custom_cube_msgs/hook/pythonpath.sh'
[2.080s] Level 1:colcon.colcon_core.environment:checking '/home/frans/mega_ws/src/install/custom_cube_msgs/bin'
[2.081s] INFO:colcon.colcon_core.shell:Creating package script '/home/frans/mega_ws/src/install/custom_cube_msgs/share/custom_cube_msgs/package.ps1'
[2.083s] INFO:colcon.colcon_core.shell:Creating package descriptor '/home/frans/mega_ws/src/install/custom_cube_msgs/share/custom_cube_msgs/package.dsv'
[2.084s] INFO:colcon.colcon_core.shell:Creating package script '/home/frans/mega_ws/src/install/custom_cube_msgs/share/custom_cube_msgs/package.sh'
[2.085s] INFO:colcon.colcon_core.shell:Creating package script '/home/frans/mega_ws/src/install/custom_cube_msgs/share/custom_cube_msgs/package.bash'
[2.087s] INFO:colcon.colcon_core.shell:Creating package script '/home/frans/mega_ws/src/install/custom_cube_msgs/share/custom_cube_msgs/package.zsh'
[2.088s] Level 1:colcon.colcon_core.environment:create_file_with_runtime_dependencies(/home/frans/mega_ws/src/install/custom_cube_msgs/share/colcon-core/packages/custom_cube_msgs)
[2.089s] Level 1:colcon.colcon_core.environment:create_environment_scripts_only(custom_cube_msgs)
[2.089s] Level 1:colcon.colcon_core.environment:checking '/home/frans/mega_ws/src/install/custom_cube_msgs' for CMake module files
[2.091s] Level 1:colcon.colcon_core.environment:checking '/home/frans/mega_ws/src/install/custom_cube_msgs' for CMake config files
[2.092s] Level 1:colcon.colcon_core.shell:create_environment_hook('custom_cube_msgs', 'cmake_prefix_path')
[2.092s] INFO:colcon.colcon_core.shell:Creating environment hook '/home/frans/mega_ws/src/install/custom_cube_msgs/share/custom_cube_msgs/hook/cmake_prefix_path.ps1'
[2.093s] INFO:colcon.colcon_core.shell:Creating environment descriptor '/home/frans/mega_ws/src/install/custom_cube_msgs/share/custom_cube_msgs/hook/cmake_prefix_path.dsv'
[2.094s] INFO:colcon.colcon_core.shell:Creating environment hook '/home/frans/mega_ws/src/install/custom_cube_msgs/share/custom_cube_msgs/hook/cmake_prefix_path.sh'
[2.095s] Level 1:colcon.colcon_core.environment:checking '/home/frans/mega_ws/src/install/custom_cube_msgs/lib'
[2.095s] Level 1:colcon.colcon_core.shell:create_environment_hook('custom_cube_msgs', 'ld_library_path_lib')
[2.095s] INFO:colcon.colcon_core.shell:Creating environment hook '/home/frans/mega_ws/src/install/custom_cube_msgs/share/custom_cube_msgs/hook/ld_library_path_lib.ps1'
[2.096s] INFO:colcon.colcon_core.shell:Creating environment descriptor '/home/frans/mega_ws/src/install/custom_cube_msgs/share/custom_cube_msgs/hook/ld_library_path_lib.dsv'
[2.097s] INFO:colcon.colcon_core.shell:Creating environment hook '/home/frans/mega_ws/src/install/custom_cube_msgs/share/custom_cube_msgs/hook/ld_library_path_lib.sh'
[2.098s] Level 1:colcon.colcon_core.environment:checking '/home/frans/mega_ws/src/install/custom_cube_msgs/bin'
[2.098s] Level 1:colcon.colcon_core.environment:checking '/home/frans/mega_ws/src/install/custom_cube_msgs/lib/pkgconfig/custom_cube_msgs.pc'
[2.098s] Level 1:colcon.colcon_core.environment:checking '/home/frans/mega_ws/src/install/custom_cube_msgs/lib/python3.12/site-packages'
[2.100s] Level 1:colcon.colcon_core.shell:create_environment_hook('custom_cube_msgs', 'pythonpath')
[2.101s] INFO:colcon.colcon_core.shell:Creating environment hook '/home/frans/mega_ws/src/install/custom_cube_msgs/share/custom_cube_msgs/hook/pythonpath.ps1'
[2.103s] INFO:colcon.colcon_core.shell:Creating environment descriptor '/home/frans/mega_ws/src/install/custom_cube_msgs/share/custom_cube_msgs/hook/pythonpath.dsv'
[2.104s] INFO:colcon.colcon_core.shell:Creating environment hook '/home/frans/mega_ws/src/install/custom_cube_msgs/share/custom_cube_msgs/hook/pythonpath.sh'
[2.105s] Level 1:colcon.colcon_core.environment:checking '/home/frans/mega_ws/src/install/custom_cube_msgs/bin'
[2.106s] INFO:colcon.colcon_core.shell:Creating package script '/home/frans/mega_ws/src/install/custom_cube_msgs/share/custom_cube_msgs/package.ps1'
[2.108s] INFO:colcon.colcon_core.shell:Creating package descriptor '/home/frans/mega_ws/src/install/custom_cube_msgs/share/custom_cube_msgs/package.dsv'
[2.109s] INFO:colcon.colcon_core.shell:Creating package script '/home/frans/mega_ws/src/install/custom_cube_msgs/share/custom_cube_msgs/package.sh'
[2.110s] INFO:colcon.colcon_core.shell:Creating package script '/home/frans/mega_ws/src/install/custom_cube_msgs/share/custom_cube_msgs/package.bash'
[2.111s] INFO:colcon.colcon_core.shell:Creating package script '/home/frans/mega_ws/src/install/custom_cube_msgs/share/custom_cube_msgs/package.zsh'
[2.112s] Level 1:colcon.colcon_core.environment:create_file_with_runtime_dependencies(/home/frans/mega_ws/src/install/custom_cube_msgs/share/colcon-core/packages/custom_cube_msgs)
[2.972s] DEBUG:colcon.colcon_core.event_handler.log_command:Invoking command in '/home/frans/mega_ws/src/camera_pipeline': DEBUGINFOD_URLS=https://debuginfod.ubuntu.com PYTHONPATH=/home/frans/mega_ws/src/build/camera_pipeline/prefix_override:/usr/lib/python3/dist-packages/colcon_core/task/python/colcon_distutils_commands:/home/frans/mega_ws/src/install/camera_pipeline/lib/python3.12/site-packages:${PYTHONPATH} /usr/bin/python3 -W ignore:setup.py install is deprecated -W ignore:easy_install command is deprecated setup.py egg_info --egg-base ../build/camera_pipeline build --build-base /home/frans/mega_ws/src/build/camera_pipeline/build install --record /home/frans/mega_ws/src/build/camera_pipeline/install.log --single-version-externally-managed install_data
[3.010s] DEBUG:colcon.colcon_core.event_handler.log_command:Invoking command in '/home/frans/mega_ws/src/movement_planner': DEBUGINFOD_URLS=https://debuginfod.ubuntu.com PYTHONPATH=/home/frans/mega_ws/src/build/movement_planner/prefix_override:/usr/lib/python3/dist-packages/colcon_core/task/python/colcon_distutils_commands:/home/frans/mega_ws/src/install/movement_planner/lib/python3.12/site-packages:${PYTHONPATH} /usr/bin/python3 -W ignore:setup.py install is deprecated -W ignore:easy_install command is deprecated setup.py egg_info --egg-base ../build/movement_planner build --build-base /home/frans/mega_ws/src/build/movement_planner/build install --record /home/frans/mega_ws/src/build/movement_planner/install.log --single-version-externally-managed install_data
[3.055s] DEBUG:colcon.colcon_core.event_handler.log_command:Invoking command in '/home/frans/mega_ws/src/error_handler': DEBUGINFOD_URLS=https://debuginfod.ubuntu.com PYTHONPATH=/home/frans/mega_ws/src/build/error_handler/prefix_override:/usr/lib/python3/dist-packages/colcon_core/task/python/colcon_distutils_commands:/home/frans/mega_ws/src/install/error_handler/lib/python3.12/site-packages:${PYTHONPATH} /usr/bin/python3 -W ignore:setup.py install is deprecated -W ignore:easy_install command is deprecated setup.py egg_info --egg-base ../build/error_handler build --build-base /home/frans/mega_ws/src/build/error_handler/build install --record /home/frans/mega_ws/src/build/error_handler/install.log --single-version-externally-managed install_data
[3.063s] DEBUG:colcon.colcon_core.event_handler.log_command:Invoking command in '/home/frans/mega_ws/src/movement_controller': DEBUGINFOD_URLS=https://debuginfod.ubuntu.com PYTHONPATH=/home/frans/mega_ws/src/build/movement_controller/prefix_override:/usr/lib/python3/dist-packages/colcon_core/task/python/colcon_distutils_commands:/home/frans/mega_ws/src/install/movement_controller/lib/python3.12/site-packages:${PYTHONPATH} /usr/bin/python3 -W ignore:setup.py install is deprecated -W ignore:easy_install command is deprecated setup.py egg_info --egg-base ../build/movement_controller build --build-base /home/frans/mega_ws/src/build/movement_controller/build install --record /home/frans/mega_ws/src/build/movement_controller/install.log --single-version-externally-managed install_data
[4.017s] Level 1:colcon.colcon_core.environment:checking '/home/frans/mega_ws/src/install/movement_planner' for CMake module files
[4.018s] DEBUG:colcon.colcon_core.event_handler.log_command:Invoked command in '/home/frans/mega_ws/src/movement_planner' returned '0': DEBUGINFOD_URLS=https://debuginfod.ubuntu.com PYTHONPATH=/home/frans/mega_ws/src/build/movement_planner/prefix_override:/usr/lib/python3/dist-packages/colcon_core/task/python/colcon_distutils_commands:/home/frans/mega_ws/src/install/movement_planner/lib/python3.12/site-packages:${PYTHONPATH} /usr/bin/python3 -W ignore:setup.py install is deprecated -W ignore:easy_install command is deprecated setup.py egg_info --egg-base ../build/movement_planner build --build-base /home/frans/mega_ws/src/build/movement_planner/build install --record /home/frans/mega_ws/src/build/movement_planner/install.log --single-version-externally-managed install_data
[4.019s] Level 1:colcon.colcon_core.environment:checking '/home/frans/mega_ws/src/install/movement_planner' for CMake config files
[4.020s] Level 1:colcon.colcon_core.environment:checking '/home/frans/mega_ws/src/install/movement_planner/lib'
[4.020s] Level 1:colcon.colcon_core.environment:checking '/home/frans/mega_ws/src/install/movement_planner/bin'
[4.020s] Level 1:colcon.colcon_core.environment:checking '/home/frans/mega_ws/src/install/movement_planner/lib/pkgconfig/movement_planner.pc'
[4.021s] Level 1:colcon.colcon_core.environment:checking '/home/frans/mega_ws/src/install/movement_planner/lib/python3.12/site-packages'
[4.021s] Level 1:colcon.colcon_core.shell:create_environment_hook('movement_planner', 'pythonpath')
[4.021s] INFO:colcon.colcon_core.shell:Creating environment hook '/home/frans/mega_ws/src/install/movement_planner/share/movement_planner/hook/pythonpath.ps1'
[4.022s] INFO:colcon.colcon_core.shell:Creating environment descriptor '/home/frans/mega_ws/src/install/movement_planner/share/movement_planner/hook/pythonpath.dsv'
[4.023s] INFO:colcon.colcon_core.shell:Creating environment hook '/home/frans/mega_ws/src/install/movement_planner/share/movement_planner/hook/pythonpath.sh'
[4.024s] Level 1:colcon.colcon_core.environment:checking '/home/frans/mega_ws/src/install/movement_planner/bin'
[4.024s] Level 1:colcon.colcon_core.environment:create_environment_scripts_only(movement_planner)
[4.025s] INFO:colcon.colcon_core.shell:Creating package script '/home/frans/mega_ws/src/install/movement_planner/share/movement_planner/package.ps1'
[4.025s] INFO:colcon.colcon_core.shell:Creating package descriptor '/home/frans/mega_ws/src/install/movement_planner/share/movement_planner/package.dsv'
[4.026s] INFO:colcon.colcon_core.shell:Creating package script '/home/frans/mega_ws/src/install/movement_planner/share/movement_planner/package.sh'
[4.027s] INFO:colcon.colcon_core.shell:Creating package script '/home/frans/mega_ws/src/install/movement_planner/share/movement_planner/package.bash'
[4.028s] INFO:colcon.colcon_core.shell:Creating package script '/home/frans/mega_ws/src/install/movement_planner/share/movement_planner/package.zsh'
[4.028s] Level 1:colcon.colcon_core.environment:create_file_with_runtime_dependencies(/home/frans/mega_ws/src/install/movement_planner/share/colcon-core/packages/movement_planner)
[4.037s] Level 1:colcon.colcon_core.environment:checking '/home/frans/mega_ws/src/install/camera_pipeline' for CMake module files
[4.038s] DEBUG:colcon.colcon_core.event_handler.log_command:Invoked command in '/home/frans/mega_ws/src/camera_pipeline' returned '0': DEBUGINFOD_URLS=https://debuginfod.ubuntu.com PYTHONPATH=/home/frans/mega_ws/src/build/camera_pipeline/prefix_override:/usr/lib/python3/dist-packages/colcon_core/task/python/colcon_distutils_commands:/home/frans/mega_ws/src/install/camera_pipeline/lib/python3.12/site-packages:${PYTHONPATH} /usr/bin/python3 -W ignore:setup.py install is deprecated -W ignore:easy_install command is deprecated setup.py egg_info --egg-base ../build/camera_pipeline build --build-base /home/frans/mega_ws/src/build/camera_pipeline/build install --record /home/frans/mega_ws/src/build/camera_pipeline/install.log --single-version-externally-managed install_data
[4.038s] Level 1:colcon.colcon_core.environment:checking '/home/frans/mega_ws/src/install/camera_pipeline' for CMake config files
[4.039s] Level 1:colcon.colcon_core.environment:checking '/home/frans/mega_ws/src/install/camera_pipeline/lib'
[4.039s] Level 1:colcon.colcon_core.environment:checking '/home/frans/mega_ws/src/install/camera_pipeline/bin'
[4.039s] Level 1:colcon.colcon_core.environment:checking '/home/frans/mega_ws/src/install/camera_pipeline/lib/pkgconfig/camera_pipeline.pc'
[4.040s] Level 1:colcon.colcon_core.environment:checking '/home/frans/mega_ws/src/install/camera_pipeline/lib/python3.12/site-packages'
[4.040s] Level 1:colcon.colcon_core.shell:create_environment_hook('camera_pipeline', 'pythonpath')
[4.040s] INFO:colcon.colcon_core.shell:Creating environment hook '/home/frans/mega_ws/src/install/camera_pipeline/share/camera_pipeline/hook/pythonpath.ps1'
[4.041s] INFO:colcon.colcon_core.shell:Creating environment descriptor '/home/frans/mega_ws/src/install/camera_pipeline/share/camera_pipeline/hook/pythonpath.dsv'
[4.041s] INFO:colcon.colcon_core.shell:Creating environment hook '/home/frans/mega_ws/src/install/camera_pipeline/share/camera_pipeline/hook/pythonpath.sh'
[4.042s] Level 1:colcon.colcon_core.environment:checking '/home/frans/mega_ws/src/install/camera_pipeline/bin'
[4.042s] Level 1:colcon.colcon_core.environment:create_environment_scripts_only(camera_pipeline)
[4.042s] INFO:colcon.colcon_core.shell:Creating package script '/home/frans/mega_ws/src/install/camera_pipeline/share/camera_pipeline/package.ps1'
[4.043s] INFO:colcon.colcon_core.shell:Creating package descriptor '/home/frans/mega_ws/src/install/camera_pipeline/share/camera_pipeline/package.dsv'
[4.043s] INFO:colcon.colcon_core.shell:Creating package script '/home/frans/mega_ws/src/install/camera_pipeline/share/camera_pipeline/package.sh'
[4.044s] INFO:colcon.colcon_core.shell:Creating package script '/home/frans/mega_ws/src/install/camera_pipeline/share/camera_pipeline/package.bash'
[4.044s] INFO:colcon.colcon_core.shell:Creating package script '/home/frans/mega_ws/src/install/camera_pipeline/share/camera_pipeline/package.zsh'
[4.045s] Level 1:colcon.colcon_core.environment:create_file_with_runtime_dependencies(/home/frans/mega_ws/src/install/camera_pipeline/share/colcon-core/packages/camera_pipeline)
[4.046s] Level 1:colcon.colcon_core.environment:checking '/home/frans/mega_ws/src/install/error_handler' for CMake module files
[4.047s] DEBUG:colcon.colcon_core.event_handler.log_command:Invoked command in '/home/frans/mega_ws/src/error_handler' returned '0': DEBUGINFOD_URLS=https://debuginfod.ubuntu.com PYTHONPATH=/home/frans/mega_ws/src/build/error_handler/prefix_override:/usr/lib/python3/dist-packages/colcon_core/task/python/colcon_distutils_commands:/home/frans/mega_ws/src/install/error_handler/lib/python3.12/site-packages:${PYTHONPATH} /usr/bin/python3 -W ignore:setup.py install is deprecated -W ignore:easy_install command is deprecated setup.py egg_info --egg-base ../build/error_handler build --build-base /home/frans/mega_ws/src/build/error_handler/build install --record /home/frans/mega_ws/src/build/error_handler/install.log --single-version-externally-managed install_data
[4.047s] Level 1:colcon.colcon_core.environment:checking '/home/frans/mega_ws/src/install/error_handler' for CMake config files
[4.048s] Level 1:colcon.colcon_core.environment:checking '/home/frans/mega_ws/src/install/error_handler/lib'
[4.048s] Level 1:colcon.colcon_core.environment:checking '/home/frans/mega_ws/src/install/error_handler/bin'
[4.048s] Level 1:colcon.colcon_core.environment:checking '/home/frans/mega_ws/src/install/error_handler/lib/pkgconfig/error_handler.pc'
[4.048s] Level 1:colcon.colcon_core.environment:checking '/home/frans/mega_ws/src/install/error_handler/lib/python3.12/site-packages'
[4.048s] Level 1:colcon.colcon_core.shell:create_environment_hook('error_handler', 'pythonpath')
[4.049s] INFO:colcon.colcon_core.shell:Creating environment hook '/home/frans/mega_ws/src/install/error_handler/share/error_handler/hook/pythonpath.ps1'
[4.049s] INFO:colcon.colcon_core.shell:Creating environment descriptor '/home/frans/mega_ws/src/install/error_handler/share/error_handler/hook/pythonpath.dsv'
[4.050s] INFO:colcon.colcon_core.shell:Creating environment hook '/home/frans/mega_ws/src/install/error_handler/share/error_handler/hook/pythonpath.sh'
[4.051s] Level 1:colcon.colcon_core.environment:checking '/home/frans/mega_ws/src/install/error_handler/bin'
[4.051s] Level 1:colcon.colcon_core.environment:create_environment_scripts_only(error_handler)
[4.051s] INFO:colcon.colcon_core.shell:Creating package script '/home/frans/mega_ws/src/install/error_handler/share/error_handler/package.ps1'
[4.052s] INFO:colcon.colcon_core.shell:Creating package descriptor '/home/frans/mega_ws/src/install/error_handler/share/error_handler/package.dsv'
[4.053s] INFO:colcon.colcon_core.shell:Creating package script '/home/frans/mega_ws/src/install/error_handler/share/error_handler/package.sh'
[4.054s] INFO:colcon.colcon_core.shell:Creating package script '/home/frans/mega_ws/src/install/error_handler/share/error_handler/package.bash'
[4.054s] INFO:colcon.colcon_core.shell:Creating package script '/home/frans/mega_ws/src/install/error_handler/share/error_handler/package.zsh'
[4.055s] Level 1:colcon.colcon_core.environment:create_file_with_runtime_dependencies(/home/frans/mega_ws/src/install/error_handler/share/colcon-core/packages/error_handler)
[4.099s] Level 1:colcon.colcon_core.environment:checking '/home/frans/mega_ws/src/install/movement_controller' for CMake module files
[4.100s] DEBUG:colcon.colcon_core.event_handler.log_command:Invoked command in '/home/frans/mega_ws/src/movement_controller' returned '0': DEBUGINFOD_URLS=https://debuginfod.ubuntu.com PYTHONPATH=/home/frans/mega_ws/src/build/movement_controller/prefix_override:/usr/lib/python3/dist-packages/colcon_core/task/python/colcon_distutils_commands:/home/frans/mega_ws/src/install/movement_controller/lib/python3.12/site-packages:${PYTHONPATH} /usr/bin/python3 -W ignore:setup.py install is deprecated -W ignore:easy_install command is deprecated setup.py egg_info --egg-base ../build/movement_controller build --build-base /home/frans/mega_ws/src/build/movement_controller/build install --record /home/frans/mega_ws/src/build/movement_controller/install.log --single-version-externally-managed install_data
[4.100s] Level 1:colcon.colcon_core.environment:checking '/home/frans/mega_ws/src/install/movement_controller' for CMake config files
[4.101s] Level 1:colcon.colcon_core.environment:checking '/home/frans/mega_ws/src/install/movement_controller/lib'
[4.101s] Level 1:colcon.colcon_core.environment:checking '/home/frans/mega_ws/src/install/movement_controller/bin'
[4.101s] Level 1:colcon.colcon_core.environment:checking '/home/frans/mega_ws/src/install/movement_controller/lib/pkgconfig/movement_controller.pc'
[4.101s] Level 1:colcon.colcon_core.environment:checking '/home/frans/mega_ws/src/install/movement_controller/lib/python3.12/site-packages'
[4.101s] Level 1:colcon.colcon_core.shell:create_environment_hook('movement_controller', 'pythonpath')
[4.102s] INFO:colcon.colcon_core.shell:Creating environment hook '/home/frans/mega_ws/src/install/movement_controller/share/movement_controller/hook/pythonpath.ps1'
[4.102s] INFO:colcon.colcon_core.shell:Creating environment descriptor '/home/frans/mega_ws/src/install/movement_controller/share/movement_controller/hook/pythonpath.dsv'
[4.103s] INFO:colcon.colcon_core.shell:Creating environment hook '/home/frans/mega_ws/src/install/movement_controller/share/movement_controller/hook/pythonpath.sh'
[4.103s] Level 1:colcon.colcon_core.environment:checking '/home/frans/mega_ws/src/install/movement_controller/bin'
[4.103s] Level 1:colcon.colcon_core.environment:create_environment_scripts_only(movement_controller)
[4.104s] INFO:colcon.colcon_core.shell:Creating package script '/home/frans/mega_ws/src/install/movement_controller/share/movement_controller/package.ps1'
[4.104s] INFO:colcon.colcon_core.shell:Creating package descriptor '/home/frans/mega_ws/src/install/movement_controller/share/movement_controller/package.dsv'
[4.105s] INFO:colcon.colcon_core.shell:Creating package script '/home/frans/mega_ws/src/install/movement_controller/share/movement_controller/package.sh'
[4.106s] INFO:colcon.colcon_core.shell:Creating package script '/home/frans/mega_ws/src/install/movement_controller/share/movement_controller/package.bash'
[4.106s] INFO:colcon.colcon_core.shell:Creating package script '/home/frans/mega_ws/src/install/movement_controller/share/movement_controller/package.zsh'
[4.107s] Level 1:colcon.colcon_core.environment:create_file_with_runtime_dependencies(/home/frans/mega_ws/src/install/movement_controller/share/colcon-core/packages/movement_controller)
[4.107s] DEBUG:colcon.colcon_parallel_executor.executor.parallel:closing loop
[4.107s] DEBUG:colcon.colcon_parallel_executor.executor.parallel:loop closed
[4.108s] DEBUG:colcon.colcon_parallel_executor.executor.parallel:run_until_complete finished with '0'
[4.108s] DEBUG:colcon.colcon_core.event_reactor:joining thread
[4.116s] INFO:colcon.colcon_core.plugin_system:Skipping extension 'colcon_notification.desktop_notification.terminal_notifier': Not used on non-Darwin systems
[4.117s] INFO:colcon.colcon_core.plugin_system:Skipping extension 'colcon_notification.desktop_notification.win32': Not used on non-Windows systems
[4.117s] INFO:colcon.colcon_notification.desktop_notification:Sending desktop notification using 'notify2'
[4.132s] DEBUG:colcon.colcon_core.event_reactor:joined thread
[4.133s] INFO:colcon.colcon_core.shell:Creating prefix script '/home/frans/mega_ws/src/install/local_setup.ps1'
[4.134s] INFO:colcon.colcon_core.shell:Creating prefix util module '/home/frans/mega_ws/src/install/_local_setup_util_ps1.py'
[4.135s] INFO:colcon.colcon_core.shell:Creating prefix chain script '/home/frans/mega_ws/src/install/setup.ps1'
[4.137s] INFO:colcon.colcon_core.shell:Creating prefix script '/home/frans/mega_ws/src/install/local_setup.sh'
[4.138s] INFO:colcon.colcon_core.shell:Creating prefix util module '/home/frans/mega_ws/src/install/_local_setup_util_sh.py'
[4.138s] INFO:colcon.colcon_core.shell:Creating prefix chain script '/home/frans/mega_ws/src/install/setup.sh'
[4.140s] INFO:colcon.colcon_core.shell:Creating prefix script '/home/frans/mega_ws/src/install/local_setup.bash'
[4.141s] INFO:colcon.colcon_core.shell:Creating prefix chain script '/home/frans/mega_ws/src/install/setup.bash'
[4.142s] INFO:colcon.colcon_core.shell:Creating prefix script '/home/frans/mega_ws/src/install/local_setup.zsh'
[4.143s] INFO:colcon.colcon_core.shell:Creating prefix chain script '/home/frans/mega_ws/src/install/setup.zsh'
