[1.471s] Invoking command in '/home/frans/mega_ws/src/camera_pipeline': DEBUGINFOD_URLS=https://debuginfod.ubuntu.com PYTHONPATH=/home/frans/mega_ws/src/build/camera_pipeline/prefix_override:/usr/lib/python3/dist-packages/colcon_core/task/python/colcon_distutils_commands:/home/frans/mega_ws/src/install/camera_pipeline/lib/python3.12/site-packages:${PYTHONPATH} /usr/bin/python3 -W ignore:setup.py install is deprecated -W ignore:easy_install command is deprecated setup.py egg_info --egg-base ../build/camera_pipeline build --build-base /home/frans/mega_ws/src/build/camera_pipeline/build install --record /home/frans/mega_ws/src/build/camera_pipeline/install.log --single-version-externally-managed install_data
[1.745s] running egg_info
[1.766s] writing ../build/camera_pipeline/camera_pipeline.egg-info/PKG-INFO
[1.766s] writing dependency_links to ../build/camera_pipeline/camera_pipeline.egg-info/dependency_links.txt
[1.766s] writing entry points to ../build/camera_pipeline/camera_pipeline.egg-info/entry_points.txt
[1.767s] writing requirements to ../build/camera_pipeline/camera_pipeline.egg-info/requires.txt
[1.767s] writing top-level names to ../build/camera_pipeline/camera_pipeline.egg-info/top_level.txt
[1.815s] reading manifest file '../build/camera_pipeline/camera_pipeline.egg-info/SOURCES.txt'
[1.815s] writing manifest file '../build/camera_pipeline/camera_pipeline.egg-info/SOURCES.txt'
[1.815s] running build
[1.816s] running build_py
[1.816s] copying camera_pipeline/color_detector.py -> /home/frans/mega_ws/src/build/camera_pipeline/build/lib/camera_pipeline
[1.816s] running install
[1.822s] running install_lib
[1.844s] copying /home/frans/mega_ws/src/build/camera_pipeline/build/lib/camera_pipeline/color_detector.py -> /home/frans/mega_ws/src/install/camera_pipeline/lib/python3.12/site-packages/camera_pipeline
[1.845s] byte-compiling /home/frans/mega_ws/src/install/camera_pipeline/lib/python3.12/site-packages/camera_pipeline/color_detector.py to color_detector.cpython-312.pyc
[1.847s] running install_data
[1.847s] running install_egg_info
[1.870s] removing '/home/frans/mega_ws/src/install/camera_pipeline/lib/python3.12/site-packages/camera_pipeline-0.0.0-py3.12.egg-info' (and everything under it)
[1.870s] Copying ../build/camera_pipeline/camera_pipeline.egg-info to /home/frans/mega_ws/src/install/camera_pipeline/lib/python3.12/site-packages/camera_pipeline-0.0.0-py3.12.egg-info
[1.870s] running install_scripts
[2.014s] Installing canny_edge script to /home/frans/mega_ws/src/install/camera_pipeline/lib/camera_pipeline
[2.014s] Installing color_detector script to /home/frans/mega_ws/src/install/camera_pipeline/lib/camera_pipeline
[2.014s] Installing cube_task_controller script to /home/frans/mega_ws/src/install/camera_pipeline/lib/camera_pipeline
[2.015s] Installing gaussian_blur script to /home/frans/mega_ws/src/install/camera_pipeline/lib/camera_pipeline
[2.015s] writing list of installed files to '/home/frans/mega_ws/src/build/camera_pipeline/install.log'
[2.061s] Invoked command in '/home/frans/mega_ws/src/camera_pipeline' returned '0': DEBUGINFOD_URLS=https://debuginfod.ubuntu.com PYTHONPATH=/home/frans/mega_ws/src/build/camera_pipeline/prefix_override:/usr/lib/python3/dist-packages/colcon_core/task/python/colcon_distutils_commands:/home/frans/mega_ws/src/install/camera_pipeline/lib/python3.12/site-packages:${PYTHONPATH} /usr/bin/python3 -W ignore:setup.py install is deprecated -W ignore:easy_install command is deprecated setup.py egg_info --egg-base ../build/camera_pipeline build --build-base /home/frans/mega_ws/src/build/camera_pipeline/build install --record /home/frans/mega_ws/src/build/camera_pipeline/install.log --single-version-externally-managed install_data
