[1.240s] Invoking command in '/home/frans/mega_ws/src/error_handler': DEBUGINFOD_URLS=https://debuginfod.ubuntu.com PYTHONPATH=/home/frans/mega_ws/src/build/error_handler/prefix_override:/usr/lib/python3/dist-packages/colcon_core/task/python/colcon_distutils_commands:/home/frans/mega_ws/src/install/error_handler/lib/python3.12/site-packages:${PYTHONPATH} /usr/bin/python3 -W ignore:setup.py install is deprecated -W ignore:easy_install command is deprecated setup.py egg_info --egg-base ../build/error_handler build --build-base /home/frans/mega_ws/src/build/error_handler/build install --record /home/frans/mega_ws/src/build/error_handler/install.log --single-version-externally-managed install_data
[1.663s] running egg_info
[1.695s] writing ../build/error_handler/error_handler.egg-info/PKG-INFO
[1.695s] writing dependency_links to ../build/error_handler/error_handler.egg-info/dependency_links.txt
[1.696s] writing entry points to ../build/error_handler/error_handler.egg-info/entry_points.txt
[1.696s] writing requirements to ../build/error_handler/error_handler.egg-info/requires.txt
[1.696s] writing top-level names to ../build/error_handler/error_handler.egg-info/top_level.txt
[1.763s] reading manifest file '../build/error_handler/error_handler.egg-info/SOURCES.txt'
[1.763s] adding license file 'LICENSE'
[1.764s] writing manifest file '../build/error_handler/error_handler.egg-info/SOURCES.txt'
[1.764s] running build
[1.764s] running build_py
[1.764s] running install
[1.773s] running install_lib
[1.807s] running install_data
[1.807s] running install_egg_info
[1.842s] removing '/home/frans/mega_ws/src/install/error_handler/lib/python3.12/site-packages/error_handler-0.0.0-py3.12.egg-info' (and everything under it)
[1.842s] Copying ../build/error_handler/error_handler.egg-info to /home/frans/mega_ws/src/install/error_handler/lib/python3.12/site-packages/error_handler-0.0.0-py3.12.egg-info
[1.843s] running install_scripts
[2.050s] Installing error_handler_node script to /home/frans/mega_ws/src/install/error_handler/lib/error_handler
[2.050s] writing list of installed files to '/home/frans/mega_ws/src/build/error_handler/install.log'
[2.080s] Invoked command in '/home/frans/mega_ws/src/error_handler' returned '0': DEBUGINFOD_URLS=https://debuginfod.ubuntu.com PYTHONPATH=/home/frans/mega_ws/src/build/error_handler/prefix_override:/usr/lib/python3/dist-packages/colcon_core/task/python/colcon_distutils_commands:/home/frans/mega_ws/src/install/error_handler/lib/python3.12/site-packages:${PYTHONPATH} /usr/bin/python3 -W ignore:setup.py install is deprecated -W ignore:easy_install command is deprecated setup.py egg_info --egg-base ../build/error_handler build --build-base /home/frans/mega_ws/src/build/error_handler/build install --record /home/frans/mega_ws/src/build/error_handler/install.log --single-version-externally-managed install_data
