[0.089s] DEBUG:colcon:Command line arguments: ['/usr/bin/colcon', 'build']
[0.089s] DEBUG:colcon:Parsed command line arguments: Namespace(log_base=None, log_level=None, verb_name='build', build_base='build', install_base='install', merge_install=False, symlink_install=False, test_result_base=None, continue_on_error=False, executor='parallel', parallel_workers=8, event_handlers=None, ignore_user_meta=False, metas=['./colcon.meta'], base_paths=['.'], packages_ignore=None, packages_ignore_regex=None, paths=None, packages_up_to=None, packages_up_to_regex=None, packages_above=None, packages_above_and_dependencies=None, packages_above_depth=None, packages_select_by_dep=None, packages_skip_by_dep=None, packages_skip_up_to=None, packages_select_build_failed=False, packages_skip_build_finished=False, packages_select_test_failures=False, packages_skip_test_passed=False, packages_select=None, packages_skip=None, packages_select_regex=None, packages_skip_regex=None, packages_start=None, packages_end=None, allow_overriding=[], cmake_args=None, cmake_target=None, cmake_target_skip_unavailable=False, cmake_clean_cache=False, cmake_clean_first=False, cmake_force_configure=False, ament_cmake_args=None, catkin_cmake_args=None, catkin_skip_building_tests=False, mixin_files=None, mixin=None, verb_parser=<colcon_mixin.mixin.mixin_argument.MixinArgumentDecorator object at 0x72a727189280>, verb_extension=<colcon_core.verb.build.BuildVerb object at 0x72a7272b17f0>, main=<bound method BuildVerb.main of <colcon_core.verb.build.BuildVerb object at 0x72a7272b17f0>>, mixin_verb=('build',))
[0.119s] Level 1:colcon.colcon_core.package_discovery:discover_packages(colcon_meta) check parameters
[0.119s] Level 1:colcon.colcon_core.package_discovery:discover_packages(recursive) check parameters
[0.119s] Level 1:colcon.colcon_core.package_discovery:discover_packages(ignore) check parameters
[0.120s] Level 1:colcon.colcon_core.package_discovery:discover_packages(path) check parameters
[0.120s] Level 1:colcon.colcon_core.package_discovery:discover_packages(colcon_meta) discover
[0.120s] Level 1:colcon.colcon_core.package_discovery:discover_packages(recursive) discover
[0.120s] INFO:colcon.colcon_core.package_discovery:Crawling recursively for packages in '/home/frans/mega_ws/src'
[0.120s] Level 1:colcon.colcon_core.package_identification:_identify(.) by extensions ['ignore', 'ignore_ament_install']
[0.120s] Level 1:colcon.colcon_core.package_identification:_identify(.) by extension 'ignore'
[0.120s] Level 1:colcon.colcon_core.package_identification:_identify(.) by extension 'ignore_ament_install'
[0.120s] Level 1:colcon.colcon_core.package_identification:_identify(.) by extensions ['colcon_pkg']
[0.120s] Level 1:colcon.colcon_core.package_identification:_identify(.) by extension 'colcon_pkg'
[0.120s] Level 1:colcon.colcon_core.package_identification:_identify(.) by extensions ['colcon_meta']
[0.120s] Level 1:colcon.colcon_core.package_identification:_identify(.) by extension 'colcon_meta'
[0.120s] Level 1:colcon.colcon_core.package_identification:_identify(.) by extensions ['ros']
[0.120s] Level 1:colcon.colcon_core.package_identification:_identify(.) by extension 'ros'
[0.141s] Level 1:colcon.colcon_core.package_identification:_identify(.) by extensions ['cmake', 'python']
[0.141s] Level 1:colcon.colcon_core.package_identification:_identify(.) by extension 'cmake'
[0.141s] Level 1:colcon.colcon_core.package_identification:_identify(.) by extension 'python'
[0.141s] Level 1:colcon.colcon_core.package_identification:_identify(.) by extensions ['python_setup_py']
[0.141s] Level 1:colcon.colcon_core.package_identification:_identify(.) by extension 'python_setup_py'
[0.141s] Level 1:colcon.colcon_core.package_identification:_identify(build) by extensions ['ignore', 'ignore_ament_install']
[0.141s] Level 1:colcon.colcon_core.package_identification:_identify(build) by extension 'ignore'
[0.141s] Level 1:colcon.colcon_core.package_identification:_identify(build) ignored
[0.142s] Level 1:colcon.colcon_core.package_identification:_identify(camera_pipeline) by extensions ['ignore', 'ignore_ament_install']
[0.142s] Level 1:colcon.colcon_core.package_identification:_identify(camera_pipeline) by extension 'ignore'
[0.142s] Level 1:colcon.colcon_core.package_identification:_identify(camera_pipeline) by extension 'ignore_ament_install'
[0.142s] Level 1:colcon.colcon_core.package_identification:_identify(camera_pipeline) by extensions ['colcon_pkg']
[0.142s] Level 1:colcon.colcon_core.package_identification:_identify(camera_pipeline) by extension 'colcon_pkg'
[0.142s] Level 1:colcon.colcon_core.package_identification:_identify(camera_pipeline) by extensions ['colcon_meta']
[0.142s] Level 1:colcon.colcon_core.package_identification:_identify(camera_pipeline) by extension 'colcon_meta'
[0.142s] Level 1:colcon.colcon_core.package_identification:_identify(camera_pipeline) by extensions ['ros']
[0.142s] Level 1:colcon.colcon_core.package_identification:_identify(camera_pipeline) by extension 'ros'
[0.144s] DEBUG:colcon.colcon_core.package_identification:Package 'camera_pipeline' with type 'ros.ament_python' and name 'camera_pipeline'
[0.144s] Level 1:colcon.colcon_core.package_identification:_identify(cube_bringup) by extensions ['ignore', 'ignore_ament_install']
[0.144s] Level 1:colcon.colcon_core.package_identification:_identify(cube_bringup) by extension 'ignore'
[0.144s] Level 1:colcon.colcon_core.package_identification:_identify(cube_bringup) by extension 'ignore_ament_install'
[0.145s] Level 1:colcon.colcon_core.package_identification:_identify(cube_bringup) by extensions ['colcon_pkg']
[0.145s] Level 1:colcon.colcon_core.package_identification:_identify(cube_bringup) by extension 'colcon_pkg'
[0.145s] Level 1:colcon.colcon_core.package_identification:_identify(cube_bringup) by extensions ['colcon_meta']
[0.145s] Level 1:colcon.colcon_core.package_identification:_identify(cube_bringup) by extension 'colcon_meta'
[0.145s] Level 1:colcon.colcon_core.package_identification:_identify(cube_bringup) by extensions ['ros']
[0.145s] Level 1:colcon.colcon_core.package_identification:_identify(cube_bringup) by extension 'ros'
[0.145s] DEBUG:colcon.colcon_core.package_identification:Package 'cube_bringup' with type 'ros.ament_python' and name 'cube_bringup'
[0.145s] Level 1:colcon.colcon_core.package_identification:_identify(custom_cube_msgs) by extensions ['ignore', 'ignore_ament_install']
[0.145s] Level 1:colcon.colcon_core.package_identification:_identify(custom_cube_msgs) by extension 'ignore'
[0.145s] Level 1:colcon.colcon_core.package_identification:_identify(custom_cube_msgs) by extension 'ignore_ament_install'
[0.146s] Level 1:colcon.colcon_core.package_identification:_identify(custom_cube_msgs) by extensions ['colcon_pkg']
[0.146s] Level 1:colcon.colcon_core.package_identification:_identify(custom_cube_msgs) by extension 'colcon_pkg'
[0.146s] Level 1:colcon.colcon_core.package_identification:_identify(custom_cube_msgs) by extensions ['colcon_meta']
[0.146s] Level 1:colcon.colcon_core.package_identification:_identify(custom_cube_msgs) by extension 'colcon_meta'
[0.146s] Level 1:colcon.colcon_core.package_identification:_identify(custom_cube_msgs) by extensions ['ros']
[0.146s] Level 1:colcon.colcon_core.package_identification:_identify(custom_cube_msgs) by extension 'ros'
[0.146s] DEBUG:colcon.colcon_core.package_identification:Package 'custom_cube_msgs' with type 'ros.ament_cmake' and name 'custom_cube_msgs'
[0.146s] Level 1:colcon.colcon_core.package_identification:_identify(error_handler) by extensions ['ignore', 'ignore_ament_install']
[0.146s] Level 1:colcon.colcon_core.package_identification:_identify(error_handler) by extension 'ignore'
[0.147s] Level 1:colcon.colcon_core.package_identification:_identify(error_handler) by extension 'ignore_ament_install'
[0.147s] Level 1:colcon.colcon_core.package_identification:_identify(error_handler) by extensions ['colcon_pkg']
[0.147s] Level 1:colcon.colcon_core.package_identification:_identify(error_handler) by extension 'colcon_pkg'
[0.147s] Level 1:colcon.colcon_core.package_identification:_identify(error_handler) by extensions ['colcon_meta']
[0.147s] Level 1:colcon.colcon_core.package_identification:_identify(error_handler) by extension 'colcon_meta'
[0.147s] Level 1:colcon.colcon_core.package_identification:_identify(error_handler) by extensions ['ros']
[0.147s] Level 1:colcon.colcon_core.package_identification:_identify(error_handler) by extension 'ros'
[0.147s] DEBUG:colcon.colcon_core.package_identification:Package 'error_handler' with type 'ros.ament_python' and name 'error_handler'
[0.147s] Level 1:colcon.colcon_core.package_identification:_identify(install) by extensions ['ignore', 'ignore_ament_install']
[0.148s] Level 1:colcon.colcon_core.package_identification:_identify(install) by extension 'ignore'
[0.148s] Level 1:colcon.colcon_core.package_identification:_identify(install) ignored
[0.148s] Level 1:colcon.colcon_core.package_identification:_identify(log) by extensions ['ignore', 'ignore_ament_install']
[0.148s] Level 1:colcon.colcon_core.package_identification:_identify(log) by extension 'ignore'
[0.148s] Level 1:colcon.colcon_core.package_identification:_identify(log) ignored
[0.148s] Level 1:colcon.colcon_core.package_identification:_identify(movement_controller) by extensions ['ignore', 'ignore_ament_install']
[0.148s] Level 1:colcon.colcon_core.package_identification:_identify(movement_controller) by extension 'ignore'
[0.148s] Level 1:colcon.colcon_core.package_identification:_identify(movement_controller) by extension 'ignore_ament_install'
[0.148s] Level 1:colcon.colcon_core.package_identification:_identify(movement_controller) by extensions ['colcon_pkg']
[0.148s] Level 1:colcon.colcon_core.package_identification:_identify(movement_controller) by extension 'colcon_pkg'
[0.148s] Level 1:colcon.colcon_core.package_identification:_identify(movement_controller) by extensions ['colcon_meta']
[0.148s] Level 1:colcon.colcon_core.package_identification:_identify(movement_controller) by extension 'colcon_meta'
[0.148s] Level 1:colcon.colcon_core.package_identification:_identify(movement_controller) by extensions ['ros']
[0.148s] Level 1:colcon.colcon_core.package_identification:_identify(movement_controller) by extension 'ros'
[0.149s] DEBUG:colcon.colcon_core.package_identification:Package 'movement_controller' with type 'ros.ament_python' and name 'movement_controller'
[0.149s] Level 1:colcon.colcon_core.package_identification:_identify(movement_planner) by extensions ['ignore', 'ignore_ament_install']
[0.149s] Level 1:colcon.colcon_core.package_identification:_identify(movement_planner) by extension 'ignore'
[0.149s] Level 1:colcon.colcon_core.package_identification:_identify(movement_planner) by extension 'ignore_ament_install'
[0.149s] Level 1:colcon.colcon_core.package_identification:_identify(movement_planner) by extensions ['colcon_pkg']
[0.149s] Level 1:colcon.colcon_core.package_identification:_identify(movement_planner) by extension 'colcon_pkg'
[0.149s] Level 1:colcon.colcon_core.package_identification:_identify(movement_planner) by extensions ['colcon_meta']
[0.149s] Level 1:colcon.colcon_core.package_identification:_identify(movement_planner) by extension 'colcon_meta'
[0.149s] Level 1:colcon.colcon_core.package_identification:_identify(movement_planner) by extensions ['ros']
[0.149s] Level 1:colcon.colcon_core.package_identification:_identify(movement_planner) by extension 'ros'
[0.150s] DEBUG:colcon.colcon_core.package_identification:Package 'movement_planner' with type 'ros.ament_python' and name 'movement_planner'
[0.150s] Level 1:colcon.colcon_core.package_discovery:discover_packages(recursive) using defaults
[0.150s] Level 1:colcon.colcon_core.package_discovery:discover_packages(ignore) discover
[0.150s] Level 1:colcon.colcon_core.package_discovery:discover_packages(ignore) using defaults
[0.150s] Level 1:colcon.colcon_core.package_discovery:discover_packages(path) discover
[0.150s] Level 1:colcon.colcon_core.package_discovery:discover_packages(path) using defaults
[0.165s] Level 1:colcon.colcon_core.package_discovery:discover_packages(prefix_path) check parameters
[0.165s] Level 1:colcon.colcon_core.package_discovery:discover_packages(prefix_path) discover
[0.167s] DEBUG:colcon.colcon_installed_package_information.package_discovery:Found 5 installed packages in /home/frans/mega_ws/src/install
[0.169s] DEBUG:colcon.colcon_installed_package_information.package_discovery:Found 369 installed packages in /opt/ros/jazzy
[0.170s] Level 1:colcon.colcon_core.package_discovery:discover_packages(prefix_path) using defaults
[0.216s] Level 5:colcon.colcon_core.verb:set package 'camera_pipeline' build argument 'cmake_args' from command line to 'None'
[0.216s] Level 5:colcon.colcon_core.verb:set package 'camera_pipeline' build argument 'cmake_target' from command line to 'None'
[0.216s] Level 5:colcon.colcon_core.verb:set package 'camera_pipeline' build argument 'cmake_target_skip_unavailable' from command line to 'False'
[0.216s] Level 5:colcon.colcon_core.verb:set package 'camera_pipeline' build argument 'cmake_clean_cache' from command line to 'False'
[0.216s] Level 5:colcon.colcon_core.verb:set package 'camera_pipeline' build argument 'cmake_clean_first' from command line to 'False'
[0.217s] Level 5:colcon.colcon_core.verb:set package 'camera_pipeline' build argument 'cmake_force_configure' from command line to 'False'
[0.217s] Level 5:colcon.colcon_core.verb:set package 'camera_pipeline' build argument 'ament_cmake_args' from command line to 'None'
[0.217s] Level 5:colcon.colcon_core.verb:set package 'camera_pipeline' build argument 'catkin_cmake_args' from command line to 'None'
[0.217s] Level 5:colcon.colcon_core.verb:set package 'camera_pipeline' build argument 'catkin_skip_building_tests' from command line to 'False'
[0.217s] DEBUG:colcon.colcon_core.verb:Building package 'camera_pipeline' with the following arguments: {'ament_cmake_args': None, 'build_base': '/home/frans/mega_ws/src/build/camera_pipeline', 'catkin_cmake_args': None, 'catkin_skip_building_tests': False, 'cmake_args': None, 'cmake_clean_cache': False, 'cmake_clean_first': False, 'cmake_force_configure': False, 'cmake_target': None, 'cmake_target_skip_unavailable': False, 'install_base': '/home/frans/mega_ws/src/install/camera_pipeline', 'merge_install': False, 'path': '/home/frans/mega_ws/src/camera_pipeline', 'symlink_install': False, 'test_result_base': None}
[0.217s] Level 5:colcon.colcon_core.verb:set package 'custom_cube_msgs' build argument 'cmake_args' from command line to 'None'
[0.217s] Level 5:colcon.colcon_core.verb:set package 'custom_cube_msgs' build argument 'cmake_target' from command line to 'None'
[0.217s] Level 5:colcon.colcon_core.verb:set package 'custom_cube_msgs' build argument 'cmake_target_skip_unavailable' from command line to 'False'
[0.217s] Level 5:colcon.colcon_core.verb:set package 'custom_cube_msgs' build argument 'cmake_clean_cache' from command line to 'False'
[0.217s] Level 5:colcon.colcon_core.verb:set package 'custom_cube_msgs' build argument 'cmake_clean_first' from command line to 'False'
[0.217s] Level 5:colcon.colcon_core.verb:set package 'custom_cube_msgs' build argument 'cmake_force_configure' from command line to 'False'
[0.217s] Level 5:colcon.colcon_core.verb:set package 'custom_cube_msgs' build argument 'ament_cmake_args' from command line to 'None'
[0.217s] Level 5:colcon.colcon_core.verb:set package 'custom_cube_msgs' build argument 'catkin_cmake_args' from command line to 'None'
[0.217s] Level 5:colcon.colcon_core.verb:set package 'custom_cube_msgs' build argument 'catkin_skip_building_tests' from command line to 'False'
[0.217s] DEBUG:colcon.colcon_core.verb:Building package 'custom_cube_msgs' with the following arguments: {'ament_cmake_args': None, 'build_base': '/home/frans/mega_ws/src/build/custom_cube_msgs', 'catkin_cmake_args': None, 'catkin_skip_building_tests': False, 'cmake_args': None, 'cmake_clean_cache': False, 'cmake_clean_first': False, 'cmake_force_configure': False, 'cmake_target': None, 'cmake_target_skip_unavailable': False, 'install_base': '/home/frans/mega_ws/src/install/custom_cube_msgs', 'merge_install': False, 'path': '/home/frans/mega_ws/src/custom_cube_msgs', 'symlink_install': False, 'test_result_base': None}
[0.218s] Level 5:colcon.colcon_core.verb:set package 'error_handler' build argument 'cmake_args' from command line to 'None'
[0.218s] Level 5:colcon.colcon_core.verb:set package 'error_handler' build argument 'cmake_target' from command line to 'None'
[0.218s] Level 5:colcon.colcon_core.verb:set package 'error_handler' build argument 'cmake_target_skip_unavailable' from command line to 'False'
[0.218s] Level 5:colcon.colcon_core.verb:set package 'error_handler' build argument 'cmake_clean_cache' from command line to 'False'
[0.218s] Level 5:colcon.colcon_core.verb:set package 'error_handler' build argument 'cmake_clean_first' from command line to 'False'
[0.218s] Level 5:colcon.colcon_core.verb:set package 'error_handler' build argument 'cmake_force_configure' from command line to 'False'
[0.218s] Level 5:colcon.colcon_core.verb:set package 'error_handler' build argument 'ament_cmake_args' from command line to 'None'
[0.218s] Level 5:colcon.colcon_core.verb:set package 'error_handler' build argument 'catkin_cmake_args' from command line to 'None'
[0.218s] Level 5:colcon.colcon_core.verb:set package 'error_handler' build argument 'catkin_skip_building_tests' from command line to 'False'
[0.218s] DEBUG:colcon.colcon_core.verb:Building package 'error_handler' with the following arguments: {'ament_cmake_args': None, 'build_base': '/home/frans/mega_ws/src/build/error_handler', 'catkin_cmake_args': None, 'catkin_skip_building_tests': False, 'cmake_args': None, 'cmake_clean_cache': False, 'cmake_clean_first': False, 'cmake_force_configure': False, 'cmake_target': None, 'cmake_target_skip_unavailable': False, 'install_base': '/home/frans/mega_ws/src/install/error_handler', 'merge_install': False, 'path': '/home/frans/mega_ws/src/error_handler', 'symlink_install': False, 'test_result_base': None}
[0.218s] Level 5:colcon.colcon_core.verb:set package 'movement_controller' build argument 'cmake_args' from command line to 'None'
[0.218s] Level 5:colcon.colcon_core.verb:set package 'movement_controller' build argument 'cmake_target' from command line to 'None'
[0.218s] Level 5:colcon.colcon_core.verb:set package 'movement_controller' build argument 'cmake_target_skip_unavailable' from command line to 'False'
[0.218s] Level 5:colcon.colcon_core.verb:set package 'movement_controller' build argument 'cmake_clean_cache' from command line to 'False'
[0.218s] Level 5:colcon.colcon_core.verb:set package 'movement_controller' build argument 'cmake_clean_first' from command line to 'False'
[0.218s] Level 5:colcon.colcon_core.verb:set package 'movement_controller' build argument 'cmake_force_configure' from command line to 'False'
[0.218s] Level 5:colcon.colcon_core.verb:set package 'movement_controller' build argument 'ament_cmake_args' from command line to 'None'
[0.218s] Level 5:colcon.colcon_core.verb:set package 'movement_controller' build argument 'catkin_cmake_args' from command line to 'None'
[0.218s] Level 5:colcon.colcon_core.verb:set package 'movement_controller' build argument 'catkin_skip_building_tests' from command line to 'False'
[0.218s] DEBUG:colcon.colcon_core.verb:Building package 'movement_controller' with the following arguments: {'ament_cmake_args': None, 'build_base': '/home/frans/mega_ws/src/build/movement_controller', 'catkin_cmake_args': None, 'catkin_skip_building_tests': False, 'cmake_args': None, 'cmake_clean_cache': False, 'cmake_clean_first': False, 'cmake_force_configure': False, 'cmake_target': None, 'cmake_target_skip_unavailable': False, 'install_base': '/home/frans/mega_ws/src/install/movement_controller', 'merge_install': False, 'path': '/home/frans/mega_ws/src/movement_controller', 'symlink_install': False, 'test_result_base': None}
[0.219s] Level 5:colcon.colcon_core.verb:set package 'movement_planner' build argument 'cmake_args' from command line to 'None'
[0.219s] Level 5:colcon.colcon_core.verb:set package 'movement_planner' build argument 'cmake_target' from command line to 'None'
[0.219s] Level 5:colcon.colcon_core.verb:set package 'movement_planner' build argument 'cmake_target_skip_unavailable' from command line to 'False'
[0.219s] Level 5:colcon.colcon_core.verb:set package 'movement_planner' build argument 'cmake_clean_cache' from command line to 'False'
[0.219s] Level 5:colcon.colcon_core.verb:set package 'movement_planner' build argument 'cmake_clean_first' from command line to 'False'
[0.219s] Level 5:colcon.colcon_core.verb:set package 'movement_planner' build argument 'cmake_force_configure' from command line to 'False'
[0.219s] Level 5:colcon.colcon_core.verb:set package 'movement_planner' build argument 'ament_cmake_args' from command line to 'None'
[0.219s] Level 5:colcon.colcon_core.verb:set package 'movement_planner' build argument 'catkin_cmake_args' from command line to 'None'
[0.219s] Level 5:colcon.colcon_core.verb:set package 'movement_planner' build argument 'catkin_skip_building_tests' from command line to 'False'
[0.219s] DEBUG:colcon.colcon_core.verb:Building package 'movement_planner' with the following arguments: {'ament_cmake_args': None, 'build_base': '/home/frans/mega_ws/src/build/movement_planner', 'catkin_cmake_args': None, 'catkin_skip_building_tests': False, 'cmake_args': None, 'cmake_clean_cache': False, 'cmake_clean_first': False, 'cmake_force_configure': False, 'cmake_target': None, 'cmake_target_skip_unavailable': False, 'install_base': '/home/frans/mega_ws/src/install/movement_planner', 'merge_install': False, 'path': '/home/frans/mega_ws/src/movement_planner', 'symlink_install': False, 'test_result_base': None}
[0.219s] Level 5:colcon.colcon_core.verb:set package 'cube_bringup' build argument 'cmake_args' from command line to 'None'
[0.219s] Level 5:colcon.colcon_core.verb:set package 'cube_bringup' build argument 'cmake_target' from command line to 'None'
[0.219s] Level 5:colcon.colcon_core.verb:set package 'cube_bringup' build argument 'cmake_target_skip_unavailable' from command line to 'False'
[0.219s] Level 5:colcon.colcon_core.verb:set package 'cube_bringup' build argument 'cmake_clean_cache' from command line to 'False'
[0.219s] Level 5:colcon.colcon_core.verb:set package 'cube_bringup' build argument 'cmake_clean_first' from command line to 'False'
[0.219s] Level 5:colcon.colcon_core.verb:set package 'cube_bringup' build argument 'cmake_force_configure' from command line to 'False'
[0.219s] Level 5:colcon.colcon_core.verb:set package 'cube_bringup' build argument 'ament_cmake_args' from command line to 'None'
[0.219s] Level 5:colcon.colcon_core.verb:set package 'cube_bringup' build argument 'catkin_cmake_args' from command line to 'None'
[0.219s] Level 5:colcon.colcon_core.verb:set package 'cube_bringup' build argument 'catkin_skip_building_tests' from command line to 'False'
[0.219s] DEBUG:colcon.colcon_core.verb:Building package 'cube_bringup' with the following arguments: {'ament_cmake_args': None, 'build_base': '/home/frans/mega_ws/src/build/cube_bringup', 'catkin_cmake_args': None, 'catkin_skip_building_tests': False, 'cmake_args': None, 'cmake_clean_cache': False, 'cmake_clean_first': False, 'cmake_force_configure': False, 'cmake_target': None, 'cmake_target_skip_unavailable': False, 'install_base': '/home/frans/mega_ws/src/install/cube_bringup', 'merge_install': False, 'path': '/home/frans/mega_ws/src/cube_bringup', 'symlink_install': False, 'test_result_base': None}
[0.220s] INFO:colcon.colcon_core.executor:Executing jobs using 'parallel' executor
[0.220s] DEBUG:colcon.colcon_parallel_executor.executor.parallel:run_until_complete
[0.221s] INFO:colcon.colcon_ros.task.ament_python.build:Building ROS package in '/home/frans/mega_ws/src/camera_pipeline' with build type 'ament_python'
[0.221s] Level 1:colcon.colcon_core.shell:create_environment_hook('camera_pipeline', 'ament_prefix_path')
[0.223s] INFO:colcon.colcon_core.plugin_system:Skipping extension 'colcon_core.shell.bat': Not used on non-Windows systems
[0.223s] INFO:colcon.colcon_core.shell:Creating environment hook '/home/frans/mega_ws/src/install/camera_pipeline/share/camera_pipeline/hook/ament_prefix_path.ps1'
[0.223s] INFO:colcon.colcon_core.shell:Creating environment descriptor '/home/frans/mega_ws/src/install/camera_pipeline/share/camera_pipeline/hook/ament_prefix_path.dsv'
[0.224s] INFO:colcon.colcon_core.shell:Creating environment hook '/home/frans/mega_ws/src/install/camera_pipeline/share/camera_pipeline/hook/ament_prefix_path.sh'
[0.224s] INFO:colcon.colcon_core.shell:Skip shell extension 'powershell' for command environment: Not usable outside of PowerShell
[0.225s] DEBUG:colcon.colcon_core.shell:Skip shell extension 'dsv' for command environment
[0.228s] INFO:colcon.colcon_ros.task.ament_python.build:Building ROS package in '/home/frans/mega_ws/src/error_handler' with build type 'ament_python'
[0.228s] Level 1:colcon.colcon_core.shell:create_environment_hook('error_handler', 'ament_prefix_path')
[0.228s] INFO:colcon.colcon_core.shell:Creating environment hook '/home/frans/mega_ws/src/install/error_handler/share/error_handler/hook/ament_prefix_path.ps1'
[0.228s] INFO:colcon.colcon_core.shell:Creating environment descriptor '/home/frans/mega_ws/src/install/error_handler/share/error_handler/hook/ament_prefix_path.dsv'
[0.229s] INFO:colcon.colcon_core.shell:Creating environment hook '/home/frans/mega_ws/src/install/error_handler/share/error_handler/hook/ament_prefix_path.sh'
[0.229s] INFO:colcon.colcon_core.shell:Skip shell extension 'powershell' for command environment: Not usable outside of PowerShell
[0.229s] DEBUG:colcon.colcon_core.shell:Skip shell extension 'dsv' for command environment
[0.232s] INFO:colcon.colcon_ros.task.ament_python.build:Building ROS package in '/home/frans/mega_ws/src/movement_controller' with build type 'ament_python'
[0.232s] Level 1:colcon.colcon_core.shell:create_environment_hook('movement_controller', 'ament_prefix_path')
[0.233s] INFO:colcon.colcon_core.shell:Creating environment hook '/home/frans/mega_ws/src/install/movement_controller/share/movement_controller/hook/ament_prefix_path.ps1'
[0.233s] INFO:colcon.colcon_core.shell:Creating environment descriptor '/home/frans/mega_ws/src/install/movement_controller/share/movement_controller/hook/ament_prefix_path.dsv'
[0.233s] INFO:colcon.colcon_core.shell:Creating environment hook '/home/frans/mega_ws/src/install/movement_controller/share/movement_controller/hook/ament_prefix_path.sh'
[0.234s] INFO:colcon.colcon_core.shell:Skip shell extension 'powershell' for command environment: Not usable outside of PowerShell
[0.234s] DEBUG:colcon.colcon_core.shell:Skip shell extension 'dsv' for command environment
[0.237s] INFO:colcon.colcon_ros.task.ament_python.build:Building ROS package in '/home/frans/mega_ws/src/movement_planner' with build type 'ament_python'
[0.237s] Level 1:colcon.colcon_core.shell:create_environment_hook('movement_planner', 'ament_prefix_path')
[0.237s] INFO:colcon.colcon_core.shell:Creating environment hook '/home/frans/mega_ws/src/install/movement_planner/share/movement_planner/hook/ament_prefix_path.ps1'
[0.237s] INFO:colcon.colcon_core.shell:Creating environment descriptor '/home/frans/mega_ws/src/install/movement_planner/share/movement_planner/hook/ament_prefix_path.dsv'
[0.238s] INFO:colcon.colcon_core.shell:Creating environment hook '/home/frans/mega_ws/src/install/movement_planner/share/movement_planner/hook/ament_prefix_path.sh'
[0.238s] INFO:colcon.colcon_core.shell:Skip shell extension 'powershell' for command environment: Not usable outside of PowerShell
[0.238s] DEBUG:colcon.colcon_core.shell:Skip shell extension 'dsv' for command environment
[0.241s] INFO:colcon.colcon_ros.task.ament_cmake.build:Building ROS package in '/home/frans/mega_ws/src/custom_cube_msgs' with build type 'ament_cmake'
[0.241s] INFO:colcon.colcon_cmake.task.cmake.build:Building CMake package in '/home/frans/mega_ws/src/custom_cube_msgs'
[0.242s] INFO:colcon.colcon_core.shell:Skip shell extension 'powershell' for command environment: Not usable outside of PowerShell
[0.242s] DEBUG:colcon.colcon_core.shell:Skip shell extension 'dsv' for command environment
[0.441s] INFO:colcon.colcon_core.task.python.build:Building Python package in '/home/frans/mega_ws/src/camera_pipeline'
[0.442s] INFO:colcon.colcon_core.shell:Skip shell extension 'powershell' for command environment: Not usable outside of PowerShell
[0.442s] DEBUG:colcon.colcon_core.shell:Skip shell extension 'dsv' for command environment
[0.675s] INFO:colcon.colcon_core.task.python.build:Building Python package in '/home/frans/mega_ws/src/error_handler'
[0.675s] INFO:colcon.colcon_core.shell:Skip shell extension 'powershell' for command environment: Not usable outside of PowerShell
[0.675s] DEBUG:colcon.colcon_core.shell:Skip shell extension 'dsv' for command environment
[0.890s] INFO:colcon.colcon_core.task.python.build:Building Python package in '/home/frans/mega_ws/src/movement_controller'
[0.890s] INFO:colcon.colcon_core.shell:Skip shell extension 'powershell' for command environment: Not usable outside of PowerShell
[0.890s] DEBUG:colcon.colcon_core.shell:Skip shell extension 'dsv' for command environment
[1.078s] INFO:colcon.colcon_core.task.python.build:Building Python package in '/home/frans/mega_ws/src/movement_planner'
[1.078s] INFO:colcon.colcon_core.shell:Skip shell extension 'powershell' for command environment: Not usable outside of PowerShell
[1.078s] DEBUG:colcon.colcon_core.shell:Skip shell extension 'dsv' for command environment
[1.085s] DEBUG:colcon.colcon_core.event_handler.log_command:Invoking command in '/home/frans/mega_ws/src/build/custom_cube_msgs': CMAKE_PREFIX_PATH=${CMAKE_PREFIX_PATH}:/home/frans/mega_ws/src/install/movement_planner:/home/frans/mega_ws/src/install/movement_controller:/home/frans/mega_ws/src/install/error_handler:/home/frans/mega_ws/src/install/camera_pipeline:/opt/ros/jazzy DEBUGINFOD_URLS=https://debuginfod.ubuntu.com /usr/bin/cmake --build /home/frans/mega_ws/src/build/custom_cube_msgs -- -j8 -l8
[1.544s] DEBUG:colcon.colcon_core.event_handler.log_command:Invoked command in '/home/frans/mega_ws/src/build/custom_cube_msgs' returned '0': CMAKE_PREFIX_PATH=${CMAKE_PREFIX_PATH}:/home/frans/mega_ws/src/install/movement_planner:/home/frans/mega_ws/src/install/movement_controller:/home/frans/mega_ws/src/install/error_handler:/home/frans/mega_ws/src/install/camera_pipeline:/opt/ros/jazzy DEBUGINFOD_URLS=https://debuginfod.ubuntu.com /usr/bin/cmake --build /home/frans/mega_ws/src/build/custom_cube_msgs -- -j8 -l8
[1.552s] DEBUG:colcon.colcon_core.event_handler.log_command:Invoking command in '/home/frans/mega_ws/src/build/custom_cube_msgs': CMAKE_PREFIX_PATH=${CMAKE_PREFIX_PATH}:/home/frans/mega_ws/src/install/movement_planner:/home/frans/mega_ws/src/install/movement_controller:/home/frans/mega_ws/src/install/error_handler:/home/frans/mega_ws/src/install/camera_pipeline:/opt/ros/jazzy DEBUGINFOD_URLS=https://debuginfod.ubuntu.com /usr/bin/cmake --install /home/frans/mega_ws/src/build/custom_cube_msgs
[1.627s] Level 1:colcon.colcon_core.environment:create_environment_scripts_only(custom_cube_msgs)
[1.627s] DEBUG:colcon.colcon_core.event_handler.log_command:Invoked command in '/home/frans/mega_ws/src/build/custom_cube_msgs' returned '0': CMAKE_PREFIX_PATH=${CMAKE_PREFIX_PATH}:/home/frans/mega_ws/src/install/movement_planner:/home/frans/mega_ws/src/install/movement_controller:/home/frans/mega_ws/src/install/error_handler:/home/frans/mega_ws/src/install/camera_pipeline:/opt/ros/jazzy DEBUGINFOD_URLS=https://debuginfod.ubuntu.com /usr/bin/cmake --install /home/frans/mega_ws/src/build/custom_cube_msgs
[1.629s] Level 1:colcon.colcon_core.environment:checking '/home/frans/mega_ws/src/install/custom_cube_msgs' for CMake module files
[1.629s] Level 1:colcon.colcon_core.environment:checking '/home/frans/mega_ws/src/install/custom_cube_msgs' for CMake config files
[1.630s] Level 1:colcon.colcon_core.shell:create_environment_hook('custom_cube_msgs', 'cmake_prefix_path')
[1.630s] INFO:colcon.colcon_core.shell:Creating environment hook '/home/frans/mega_ws/src/install/custom_cube_msgs/share/custom_cube_msgs/hook/cmake_prefix_path.ps1'
[1.630s] INFO:colcon.colcon_core.shell:Creating environment descriptor '/home/frans/mega_ws/src/install/custom_cube_msgs/share/custom_cube_msgs/hook/cmake_prefix_path.dsv'
[1.630s] INFO:colcon.colcon_core.shell:Creating environment hook '/home/frans/mega_ws/src/install/custom_cube_msgs/share/custom_cube_msgs/hook/cmake_prefix_path.sh'
[1.631s] Level 1:colcon.colcon_core.environment:checking '/home/frans/mega_ws/src/install/custom_cube_msgs/lib'
[1.631s] Level 1:colcon.colcon_core.shell:create_environment_hook('custom_cube_msgs', 'ld_library_path_lib')
[1.631s] INFO:colcon.colcon_core.shell:Creating environment hook '/home/frans/mega_ws/src/install/custom_cube_msgs/share/custom_cube_msgs/hook/ld_library_path_lib.ps1'
[1.632s] INFO:colcon.colcon_core.shell:Creating environment descriptor '/home/frans/mega_ws/src/install/custom_cube_msgs/share/custom_cube_msgs/hook/ld_library_path_lib.dsv'
[1.632s] INFO:colcon.colcon_core.shell:Creating environment hook '/home/frans/mega_ws/src/install/custom_cube_msgs/share/custom_cube_msgs/hook/ld_library_path_lib.sh'
[1.632s] Level 1:colcon.colcon_core.environment:checking '/home/frans/mega_ws/src/install/custom_cube_msgs/bin'
[1.632s] Level 1:colcon.colcon_core.environment:checking '/home/frans/mega_ws/src/install/custom_cube_msgs/lib/pkgconfig/custom_cube_msgs.pc'
[1.633s] Level 1:colcon.colcon_core.environment:checking '/home/frans/mega_ws/src/install/custom_cube_msgs/lib/python3.12/site-packages'
[1.633s] Level 1:colcon.colcon_core.shell:create_environment_hook('custom_cube_msgs', 'pythonpath')
[1.633s] INFO:colcon.colcon_core.shell:Creating environment hook '/home/frans/mega_ws/src/install/custom_cube_msgs/share/custom_cube_msgs/hook/pythonpath.ps1'
[1.633s] INFO:colcon.colcon_core.shell:Creating environment descriptor '/home/frans/mega_ws/src/install/custom_cube_msgs/share/custom_cube_msgs/hook/pythonpath.dsv'
[1.633s] INFO:colcon.colcon_core.shell:Creating environment hook '/home/frans/mega_ws/src/install/custom_cube_msgs/share/custom_cube_msgs/hook/pythonpath.sh'
[1.634s] Level 1:colcon.colcon_core.environment:checking '/home/frans/mega_ws/src/install/custom_cube_msgs/bin'
[1.634s] INFO:colcon.colcon_core.shell:Creating package script '/home/frans/mega_ws/src/install/custom_cube_msgs/share/custom_cube_msgs/package.ps1'
[1.635s] INFO:colcon.colcon_core.shell:Creating package descriptor '/home/frans/mega_ws/src/install/custom_cube_msgs/share/custom_cube_msgs/package.dsv'
[1.635s] INFO:colcon.colcon_core.shell:Creating package script '/home/frans/mega_ws/src/install/custom_cube_msgs/share/custom_cube_msgs/package.sh'
[1.636s] INFO:colcon.colcon_core.shell:Creating package script '/home/frans/mega_ws/src/install/custom_cube_msgs/share/custom_cube_msgs/package.bash'
[1.636s] INFO:colcon.colcon_core.shell:Creating package script '/home/frans/mega_ws/src/install/custom_cube_msgs/share/custom_cube_msgs/package.zsh'
[1.637s] Level 1:colcon.colcon_core.environment:create_file_with_runtime_dependencies(/home/frans/mega_ws/src/install/custom_cube_msgs/share/colcon-core/packages/custom_cube_msgs)
[1.637s] Level 1:colcon.colcon_core.environment:create_environment_scripts_only(custom_cube_msgs)
[1.637s] Level 1:colcon.colcon_core.environment:checking '/home/frans/mega_ws/src/install/custom_cube_msgs' for CMake module files
[1.638s] Level 1:colcon.colcon_core.environment:checking '/home/frans/mega_ws/src/install/custom_cube_msgs' for CMake config files
[1.638s] Level 1:colcon.colcon_core.shell:create_environment_hook('custom_cube_msgs', 'cmake_prefix_path')
[1.638s] INFO:colcon.colcon_core.shell:Creating environment hook '/home/frans/mega_ws/src/install/custom_cube_msgs/share/custom_cube_msgs/hook/cmake_prefix_path.ps1'
[1.639s] INFO:colcon.colcon_core.shell:Creating environment descriptor '/home/frans/mega_ws/src/install/custom_cube_msgs/share/custom_cube_msgs/hook/cmake_prefix_path.dsv'
[1.639s] INFO:colcon.colcon_core.shell:Creating environment hook '/home/frans/mega_ws/src/install/custom_cube_msgs/share/custom_cube_msgs/hook/cmake_prefix_path.sh'
[1.640s] Level 1:colcon.colcon_core.environment:checking '/home/frans/mega_ws/src/install/custom_cube_msgs/lib'
[1.640s] Level 1:colcon.colcon_core.shell:create_environment_hook('custom_cube_msgs', 'ld_library_path_lib')
[1.640s] INFO:colcon.colcon_core.shell:Creating environment hook '/home/frans/mega_ws/src/install/custom_cube_msgs/share/custom_cube_msgs/hook/ld_library_path_lib.ps1'
[1.640s] INFO:colcon.colcon_core.shell:Creating environment descriptor '/home/frans/mega_ws/src/install/custom_cube_msgs/share/custom_cube_msgs/hook/ld_library_path_lib.dsv'
[1.640s] INFO:colcon.colcon_core.shell:Creating environment hook '/home/frans/mega_ws/src/install/custom_cube_msgs/share/custom_cube_msgs/hook/ld_library_path_lib.sh'
[1.641s] Level 1:colcon.colcon_core.environment:checking '/home/frans/mega_ws/src/install/custom_cube_msgs/bin'
[1.641s] Level 1:colcon.colcon_core.environment:checking '/home/frans/mega_ws/src/install/custom_cube_msgs/lib/pkgconfig/custom_cube_msgs.pc'
[1.641s] Level 1:colcon.colcon_core.environment:checking '/home/frans/mega_ws/src/install/custom_cube_msgs/lib/python3.12/site-packages'
[1.641s] Level 1:colcon.colcon_core.shell:create_environment_hook('custom_cube_msgs', 'pythonpath')
[1.641s] INFO:colcon.colcon_core.shell:Creating environment hook '/home/frans/mega_ws/src/install/custom_cube_msgs/share/custom_cube_msgs/hook/pythonpath.ps1'
[1.641s] INFO:colcon.colcon_core.shell:Creating environment descriptor '/home/frans/mega_ws/src/install/custom_cube_msgs/share/custom_cube_msgs/hook/pythonpath.dsv'
[1.642s] INFO:colcon.colcon_core.shell:Creating environment hook '/home/frans/mega_ws/src/install/custom_cube_msgs/share/custom_cube_msgs/hook/pythonpath.sh'
[1.642s] Level 1:colcon.colcon_core.environment:checking '/home/frans/mega_ws/src/install/custom_cube_msgs/bin'
[1.642s] INFO:colcon.colcon_core.shell:Creating package script '/home/frans/mega_ws/src/install/custom_cube_msgs/share/custom_cube_msgs/package.ps1'
[1.643s] INFO:colcon.colcon_core.shell:Creating package descriptor '/home/frans/mega_ws/src/install/custom_cube_msgs/share/custom_cube_msgs/package.dsv'
[1.643s] INFO:colcon.colcon_core.shell:Creating package script '/home/frans/mega_ws/src/install/custom_cube_msgs/share/custom_cube_msgs/package.sh'
[1.644s] INFO:colcon.colcon_core.shell:Creating package script '/home/frans/mega_ws/src/install/custom_cube_msgs/share/custom_cube_msgs/package.bash'
[1.644s] INFO:colcon.colcon_core.shell:Creating package script '/home/frans/mega_ws/src/install/custom_cube_msgs/share/custom_cube_msgs/package.zsh'
[1.644s] Level 1:colcon.colcon_core.environment:create_file_with_runtime_dependencies(/home/frans/mega_ws/src/install/custom_cube_msgs/share/colcon-core/packages/custom_cube_msgs)
[1.810s] DEBUG:colcon.colcon_core.event_handler.log_command:Invoking command in '/home/frans/mega_ws/src/movement_planner': DEBUGINFOD_URLS=https://debuginfod.ubuntu.com PYTHONPATH=/home/frans/mega_ws/src/build/movement_planner/prefix_override:/usr/lib/python3/dist-packages/colcon_core/task/python/colcon_distutils_commands:/home/frans/mega_ws/src/install/movement_planner/lib/python3.12/site-packages:${PYTHONPATH} /usr/bin/python3 -W ignore:setup.py install is deprecated -W ignore:easy_install command is deprecated setup.py egg_info --egg-base ../build/movement_planner build --build-base /home/frans/mega_ws/src/build/movement_planner/build install --record /home/frans/mega_ws/src/build/movement_planner/install.log --single-version-externally-managed install_data
[1.816s] DEBUG:colcon.colcon_core.event_handler.log_command:Invoking command in '/home/frans/mega_ws/src/movement_controller': DEBUGINFOD_URLS=https://debuginfod.ubuntu.com PYTHONPATH=/home/frans/mega_ws/src/build/movement_controller/prefix_override:/usr/lib/python3/dist-packages/colcon_core/task/python/colcon_distutils_commands:/home/frans/mega_ws/src/install/movement_controller/lib/python3.12/site-packages:${PYTHONPATH} /usr/bin/python3 -W ignore:setup.py install is deprecated -W ignore:easy_install command is deprecated setup.py egg_info --egg-base ../build/movement_controller build --build-base /home/frans/mega_ws/src/build/movement_controller/build install --record /home/frans/mega_ws/src/build/movement_controller/install.log --single-version-externally-managed install_data
[1.911s] DEBUG:colcon.colcon_core.event_handler.log_command:Invoking command in '/home/frans/mega_ws/src/error_handler': DEBUGINFOD_URLS=https://debuginfod.ubuntu.com PYTHONPATH=/home/frans/mega_ws/src/build/error_handler/prefix_override:/usr/lib/python3/dist-packages/colcon_core/task/python/colcon_distutils_commands:/home/frans/mega_ws/src/install/error_handler/lib/python3.12/site-packages:${PYTHONPATH} /usr/bin/python3 -W ignore:setup.py install is deprecated -W ignore:easy_install command is deprecated setup.py egg_info --egg-base ../build/error_handler build --build-base /home/frans/mega_ws/src/build/error_handler/build install --record /home/frans/mega_ws/src/build/error_handler/install.log --single-version-externally-managed install_data
[1.919s] DEBUG:colcon.colcon_core.event_handler.log_command:Invoking command in '/home/frans/mega_ws/src/camera_pipeline': DEBUGINFOD_URLS=https://debuginfod.ubuntu.com PYTHONPATH=/home/frans/mega_ws/src/build/camera_pipeline/prefix_override:/usr/lib/python3/dist-packages/colcon_core/task/python/colcon_distutils_commands:/home/frans/mega_ws/src/install/camera_pipeline/lib/python3.12/site-packages:${PYTHONPATH} /usr/bin/python3 -W ignore:setup.py install is deprecated -W ignore:easy_install command is deprecated setup.py egg_info --egg-base ../build/camera_pipeline build --build-base /home/frans/mega_ws/src/build/camera_pipeline/build install --record /home/frans/mega_ws/src/build/camera_pipeline/install.log --single-version-externally-managed install_data
[2.401s] Level 1:colcon.colcon_core.environment:checking '/home/frans/mega_ws/src/install/movement_controller' for CMake module files
[2.402s] DEBUG:colcon.colcon_core.event_handler.log_command:Invoked command in '/home/frans/mega_ws/src/movement_controller' returned '0': DEBUGINFOD_URLS=https://debuginfod.ubuntu.com PYTHONPATH=/home/frans/mega_ws/src/build/movement_controller/prefix_override:/usr/lib/python3/dist-packages/colcon_core/task/python/colcon_distutils_commands:/home/frans/mega_ws/src/install/movement_controller/lib/python3.12/site-packages:${PYTHONPATH} /usr/bin/python3 -W ignore:setup.py install is deprecated -W ignore:easy_install command is deprecated setup.py egg_info --egg-base ../build/movement_controller build --build-base /home/frans/mega_ws/src/build/movement_controller/build install --record /home/frans/mega_ws/src/build/movement_controller/install.log --single-version-externally-managed install_data
[2.402s] Level 1:colcon.colcon_core.environment:checking '/home/frans/mega_ws/src/install/movement_controller' for CMake config files
[2.402s] Level 1:colcon.colcon_core.environment:checking '/home/frans/mega_ws/src/install/movement_controller/lib'
[2.403s] Level 1:colcon.colcon_core.environment:checking '/home/frans/mega_ws/src/install/movement_controller/bin'
[2.403s] Level 1:colcon.colcon_core.environment:checking '/home/frans/mega_ws/src/install/movement_controller/lib/pkgconfig/movement_controller.pc'
[2.403s] Level 1:colcon.colcon_core.environment:checking '/home/frans/mega_ws/src/install/movement_controller/lib/python3.12/site-packages'
[2.403s] Level 1:colcon.colcon_core.shell:create_environment_hook('movement_controller', 'pythonpath')
[2.403s] INFO:colcon.colcon_core.shell:Creating environment hook '/home/frans/mega_ws/src/install/movement_controller/share/movement_controller/hook/pythonpath.ps1'
[2.404s] INFO:colcon.colcon_core.shell:Creating environment descriptor '/home/frans/mega_ws/src/install/movement_controller/share/movement_controller/hook/pythonpath.dsv'
[2.404s] INFO:colcon.colcon_core.shell:Creating environment hook '/home/frans/mega_ws/src/install/movement_controller/share/movement_controller/hook/pythonpath.sh'
[2.405s] Level 1:colcon.colcon_core.environment:checking '/home/frans/mega_ws/src/install/movement_controller/bin'
[2.405s] Level 1:colcon.colcon_core.environment:create_environment_scripts_only(movement_controller)
[2.405s] INFO:colcon.colcon_core.shell:Creating package script '/home/frans/mega_ws/src/install/movement_controller/share/movement_controller/package.ps1'
[2.406s] INFO:colcon.colcon_core.shell:Creating package descriptor '/home/frans/mega_ws/src/install/movement_controller/share/movement_controller/package.dsv'
[2.406s] INFO:colcon.colcon_core.shell:Creating package script '/home/frans/mega_ws/src/install/movement_controller/share/movement_controller/package.sh'
[2.407s] INFO:colcon.colcon_core.shell:Creating package script '/home/frans/mega_ws/src/install/movement_controller/share/movement_controller/package.bash'
[2.407s] INFO:colcon.colcon_core.shell:Creating package script '/home/frans/mega_ws/src/install/movement_controller/share/movement_controller/package.zsh'
[2.407s] Level 1:colcon.colcon_core.environment:create_file_with_runtime_dependencies(/home/frans/mega_ws/src/install/movement_controller/share/colcon-core/packages/movement_controller)
[2.434s] Level 1:colcon.colcon_core.environment:checking '/home/frans/mega_ws/src/install/movement_planner' for CMake module files
[2.435s] DEBUG:colcon.colcon_core.event_handler.log_command:Invoked command in '/home/frans/mega_ws/src/movement_planner' returned '0': DEBUGINFOD_URLS=https://debuginfod.ubuntu.com PYTHONPATH=/home/frans/mega_ws/src/build/movement_planner/prefix_override:/usr/lib/python3/dist-packages/colcon_core/task/python/colcon_distutils_commands:/home/frans/mega_ws/src/install/movement_planner/lib/python3.12/site-packages:${PYTHONPATH} /usr/bin/python3 -W ignore:setup.py install is deprecated -W ignore:easy_install command is deprecated setup.py egg_info --egg-base ../build/movement_planner build --build-base /home/frans/mega_ws/src/build/movement_planner/build install --record /home/frans/mega_ws/src/build/movement_planner/install.log --single-version-externally-managed install_data
[2.435s] Level 1:colcon.colcon_core.environment:checking '/home/frans/mega_ws/src/install/movement_planner' for CMake config files
[2.436s] Level 1:colcon.colcon_core.environment:checking '/home/frans/mega_ws/src/install/movement_planner/lib'
[2.436s] Level 1:colcon.colcon_core.environment:checking '/home/frans/mega_ws/src/install/movement_planner/bin'
[2.436s] Level 1:colcon.colcon_core.environment:checking '/home/frans/mega_ws/src/install/movement_planner/lib/pkgconfig/movement_planner.pc'
[2.436s] Level 1:colcon.colcon_core.environment:checking '/home/frans/mega_ws/src/install/movement_planner/lib/python3.12/site-packages'
[2.436s] Level 1:colcon.colcon_core.shell:create_environment_hook('movement_planner', 'pythonpath')
[2.436s] INFO:colcon.colcon_core.shell:Creating environment hook '/home/frans/mega_ws/src/install/movement_planner/share/movement_planner/hook/pythonpath.ps1'
[2.437s] INFO:colcon.colcon_core.shell:Creating environment descriptor '/home/frans/mega_ws/src/install/movement_planner/share/movement_planner/hook/pythonpath.dsv'
[2.437s] INFO:colcon.colcon_core.shell:Creating environment hook '/home/frans/mega_ws/src/install/movement_planner/share/movement_planner/hook/pythonpath.sh'
[2.438s] Level 1:colcon.colcon_core.environment:checking '/home/frans/mega_ws/src/install/movement_planner/bin'
[2.438s] Level 1:colcon.colcon_core.environment:create_environment_scripts_only(movement_planner)
[2.438s] INFO:colcon.colcon_core.shell:Creating package script '/home/frans/mega_ws/src/install/movement_planner/share/movement_planner/package.ps1'
[2.438s] INFO:colcon.colcon_core.shell:Creating package descriptor '/home/frans/mega_ws/src/install/movement_planner/share/movement_planner/package.dsv'
[2.439s] INFO:colcon.colcon_core.shell:Creating package script '/home/frans/mega_ws/src/install/movement_planner/share/movement_planner/package.sh'
[2.439s] INFO:colcon.colcon_core.shell:Creating package script '/home/frans/mega_ws/src/install/movement_planner/share/movement_planner/package.bash'
[2.439s] INFO:colcon.colcon_core.shell:Creating package script '/home/frans/mega_ws/src/install/movement_planner/share/movement_planner/package.zsh'
[2.440s] Level 1:colcon.colcon_core.environment:create_file_with_runtime_dependencies(/home/frans/mega_ws/src/install/movement_planner/share/colcon-core/packages/movement_planner)
[2.507s] Level 1:colcon.colcon_core.environment:checking '/home/frans/mega_ws/src/install/camera_pipeline' for CMake module files
[2.508s] DEBUG:colcon.colcon_core.event_handler.log_command:Invoked command in '/home/frans/mega_ws/src/camera_pipeline' returned '0': DEBUGINFOD_URLS=https://debuginfod.ubuntu.com PYTHONPATH=/home/frans/mega_ws/src/build/camera_pipeline/prefix_override:/usr/lib/python3/dist-packages/colcon_core/task/python/colcon_distutils_commands:/home/frans/mega_ws/src/install/camera_pipeline/lib/python3.12/site-packages:${PYTHONPATH} /usr/bin/python3 -W ignore:setup.py install is deprecated -W ignore:easy_install command is deprecated setup.py egg_info --egg-base ../build/camera_pipeline build --build-base /home/frans/mega_ws/src/build/camera_pipeline/build install --record /home/frans/mega_ws/src/build/camera_pipeline/install.log --single-version-externally-managed install_data
[2.508s] Level 1:colcon.colcon_core.environment:checking '/home/frans/mega_ws/src/install/camera_pipeline' for CMake config files
[2.509s] Level 1:colcon.colcon_core.environment:checking '/home/frans/mega_ws/src/install/camera_pipeline/lib'
[2.509s] Level 1:colcon.colcon_core.environment:checking '/home/frans/mega_ws/src/install/camera_pipeline/bin'
[2.509s] Level 1:colcon.colcon_core.environment:checking '/home/frans/mega_ws/src/install/camera_pipeline/lib/pkgconfig/camera_pipeline.pc'
[2.509s] Level 1:colcon.colcon_core.environment:checking '/home/frans/mega_ws/src/install/camera_pipeline/lib/python3.12/site-packages'
[2.509s] Level 1:colcon.colcon_core.shell:create_environment_hook('camera_pipeline', 'pythonpath')
[2.509s] INFO:colcon.colcon_core.shell:Creating environment hook '/home/frans/mega_ws/src/install/camera_pipeline/share/camera_pipeline/hook/pythonpath.ps1'
[2.510s] INFO:colcon.colcon_core.shell:Creating environment descriptor '/home/frans/mega_ws/src/install/camera_pipeline/share/camera_pipeline/hook/pythonpath.dsv'
[2.510s] INFO:colcon.colcon_core.shell:Creating environment hook '/home/frans/mega_ws/src/install/camera_pipeline/share/camera_pipeline/hook/pythonpath.sh'
[2.510s] Level 1:colcon.colcon_core.environment:checking '/home/frans/mega_ws/src/install/camera_pipeline/bin'
[2.510s] Level 1:colcon.colcon_core.environment:create_environment_scripts_only(camera_pipeline)
[2.511s] INFO:colcon.colcon_core.shell:Creating package script '/home/frans/mega_ws/src/install/camera_pipeline/share/camera_pipeline/package.ps1'
[2.511s] INFO:colcon.colcon_core.shell:Creating package descriptor '/home/frans/mega_ws/src/install/camera_pipeline/share/camera_pipeline/package.dsv'
[2.511s] INFO:colcon.colcon_core.shell:Creating package script '/home/frans/mega_ws/src/install/camera_pipeline/share/camera_pipeline/package.sh'
[2.512s] INFO:colcon.colcon_core.shell:Creating package script '/home/frans/mega_ws/src/install/camera_pipeline/share/camera_pipeline/package.bash'
[2.512s] INFO:colcon.colcon_core.shell:Creating package script '/home/frans/mega_ws/src/install/camera_pipeline/share/camera_pipeline/package.zsh'
[2.512s] Level 1:colcon.colcon_core.environment:create_file_with_runtime_dependencies(/home/frans/mega_ws/src/install/camera_pipeline/share/colcon-core/packages/camera_pipeline)
[2.554s] Level 1:colcon.colcon_core.environment:checking '/home/frans/mega_ws/src/install/error_handler' for CMake module files
[2.555s] DEBUG:colcon.colcon_core.event_handler.log_command:Invoked command in '/home/frans/mega_ws/src/error_handler' returned '0': DEBUGINFOD_URLS=https://debuginfod.ubuntu.com PYTHONPATH=/home/frans/mega_ws/src/build/error_handler/prefix_override:/usr/lib/python3/dist-packages/colcon_core/task/python/colcon_distutils_commands:/home/frans/mega_ws/src/install/error_handler/lib/python3.12/site-packages:${PYTHONPATH} /usr/bin/python3 -W ignore:setup.py install is deprecated -W ignore:easy_install command is deprecated setup.py egg_info --egg-base ../build/error_handler build --build-base /home/frans/mega_ws/src/build/error_handler/build install --record /home/frans/mega_ws/src/build/error_handler/install.log --single-version-externally-managed install_data
[2.555s] Level 1:colcon.colcon_core.environment:checking '/home/frans/mega_ws/src/install/error_handler' for CMake config files
[2.556s] Level 1:colcon.colcon_core.environment:checking '/home/frans/mega_ws/src/install/error_handler/lib'
[2.556s] Level 1:colcon.colcon_core.environment:checking '/home/frans/mega_ws/src/install/error_handler/bin'
[2.556s] Level 1:colcon.colcon_core.environment:checking '/home/frans/mega_ws/src/install/error_handler/lib/pkgconfig/error_handler.pc'
[2.556s] Level 1:colcon.colcon_core.environment:checking '/home/frans/mega_ws/src/install/error_handler/lib/python3.12/site-packages'
[2.556s] Level 1:colcon.colcon_core.shell:create_environment_hook('error_handler', 'pythonpath')
[2.556s] INFO:colcon.colcon_core.shell:Creating environment hook '/home/frans/mega_ws/src/install/error_handler/share/error_handler/hook/pythonpath.ps1'
[2.557s] INFO:colcon.colcon_core.shell:Creating environment descriptor '/home/frans/mega_ws/src/install/error_handler/share/error_handler/hook/pythonpath.dsv'
[2.557s] INFO:colcon.colcon_core.shell:Creating environment hook '/home/frans/mega_ws/src/install/error_handler/share/error_handler/hook/pythonpath.sh'
[2.558s] Level 1:colcon.colcon_core.environment:checking '/home/frans/mega_ws/src/install/error_handler/bin'
[2.558s] Level 1:colcon.colcon_core.environment:create_environment_scripts_only(error_handler)
[2.558s] INFO:colcon.colcon_core.shell:Creating package script '/home/frans/mega_ws/src/install/error_handler/share/error_handler/package.ps1'
[2.558s] INFO:colcon.colcon_core.shell:Creating package descriptor '/home/frans/mega_ws/src/install/error_handler/share/error_handler/package.dsv'
[2.559s] INFO:colcon.colcon_core.shell:Creating package script '/home/frans/mega_ws/src/install/error_handler/share/error_handler/package.sh'
[2.559s] INFO:colcon.colcon_core.shell:Creating package script '/home/frans/mega_ws/src/install/error_handler/share/error_handler/package.bash'
[2.560s] INFO:colcon.colcon_core.shell:Creating package script '/home/frans/mega_ws/src/install/error_handler/share/error_handler/package.zsh'
[2.560s] Level 1:colcon.colcon_core.environment:create_file_with_runtime_dependencies(/home/frans/mega_ws/src/install/error_handler/share/colcon-core/packages/error_handler)
[2.560s] INFO:colcon.colcon_ros.task.ament_python.build:Building ROS package in '/home/frans/mega_ws/src/cube_bringup' with build type 'ament_python'
[2.560s] Level 1:colcon.colcon_core.shell:create_environment_hook('cube_bringup', 'ament_prefix_path')
[2.560s] INFO:colcon.colcon_core.shell:Creating environment hook '/home/frans/mega_ws/src/install/cube_bringup/share/cube_bringup/hook/ament_prefix_path.ps1'
[2.561s] INFO:colcon.colcon_core.shell:Creating environment descriptor '/home/frans/mega_ws/src/install/cube_bringup/share/cube_bringup/hook/ament_prefix_path.dsv'
[2.562s] INFO:colcon.colcon_core.shell:Creating environment hook '/home/frans/mega_ws/src/install/cube_bringup/share/cube_bringup/hook/ament_prefix_path.sh'
[2.562s] INFO:colcon.colcon_core.shell:Skip shell extension 'powershell' for command environment: Not usable outside of PowerShell
[2.562s] DEBUG:colcon.colcon_core.shell:Skip shell extension 'dsv' for command environment
[2.780s] INFO:colcon.colcon_core.task.python.build:Building Python package in '/home/frans/mega_ws/src/cube_bringup'
[2.781s] INFO:colcon.colcon_core.shell:Skip shell extension 'powershell' for command environment: Not usable outside of PowerShell
[2.781s] DEBUG:colcon.colcon_core.shell:Skip shell extension 'dsv' for command environment
[3.346s] DEBUG:colcon.colcon_core.event_handler.log_command:Invoking command in '/home/frans/mega_ws/src/cube_bringup': AMENT_PREFIX_PATH=/home/frans/mega_ws/src/install/movement_planner:/home/frans/mega_ws/src/install/movement_controller:/home/frans/mega_ws/src/install/error_handler:/home/frans/mega_ws/src/install/camera_pipeline:/home/frans/mega_ws/src/install/custom_cube_msgs:/opt/ros/jazzy DEBUGINFOD_URLS=https://debuginfod.ubuntu.com PYTHONPATH=/home/frans/mega_ws/src/build/cube_bringup/prefix_override:/usr/lib/python3/dist-packages/colcon_core/task/python/colcon_distutils_commands:/home/frans/mega_ws/src/install/cube_bringup/lib/python3.12/site-packages:/home/frans/mega_ws/src/install/movement_planner/lib/python3.12/site-packages:/home/frans/mega_ws/src/install/movement_controller/lib/python3.12/site-packages:/home/frans/mega_ws/src/install/error_handler/lib/python3.12/site-packages:/home/frans/mega_ws/src/install/camera_pipeline/lib/python3.12/site-packages:/home/frans/mega_ws/src/install/custom_cube_msgs/lib/python3.12/site-packages:/opt/ros/jazzy/lib/python3.12/site-packages /usr/bin/python3 -W ignore:setup.py install is deprecated -W ignore:easy_install command is deprecated setup.py egg_info --egg-base ../build/cube_bringup build --build-base /home/frans/mega_ws/src/build/cube_bringup/build install --record /home/frans/mega_ws/src/build/cube_bringup/install.log --single-version-externally-managed install_data
[3.850s] Level 1:colcon.colcon_core.environment:checking '/home/frans/mega_ws/src/install/cube_bringup' for CMake module files
[3.850s] Level 1:colcon.colcon_core.environment:checking '/home/frans/mega_ws/src/install/cube_bringup' for CMake config files
[3.850s] DEBUG:colcon.colcon_core.event_handler.log_command:Invoked command in '/home/frans/mega_ws/src/cube_bringup' returned '0': AMENT_PREFIX_PATH=/home/frans/mega_ws/src/install/movement_planner:/home/frans/mega_ws/src/install/movement_controller:/home/frans/mega_ws/src/install/error_handler:/home/frans/mega_ws/src/install/camera_pipeline:/home/frans/mega_ws/src/install/custom_cube_msgs:/opt/ros/jazzy DEBUGINFOD_URLS=https://debuginfod.ubuntu.com PYTHONPATH=/home/frans/mega_ws/src/build/cube_bringup/prefix_override:/usr/lib/python3/dist-packages/colcon_core/task/python/colcon_distutils_commands:/home/frans/mega_ws/src/install/cube_bringup/lib/python3.12/site-packages:/home/frans/mega_ws/src/install/movement_planner/lib/python3.12/site-packages:/home/frans/mega_ws/src/install/movement_controller/lib/python3.12/site-packages:/home/frans/mega_ws/src/install/error_handler/lib/python3.12/site-packages:/home/frans/mega_ws/src/install/camera_pipeline/lib/python3.12/site-packages:/home/frans/mega_ws/src/install/custom_cube_msgs/lib/python3.12/site-packages:/opt/ros/jazzy/lib/python3.12/site-packages /usr/bin/python3 -W ignore:setup.py install is deprecated -W ignore:easy_install command is deprecated setup.py egg_info --egg-base ../build/cube_bringup build --build-base /home/frans/mega_ws/src/build/cube_bringup/build install --record /home/frans/mega_ws/src/build/cube_bringup/install.log --single-version-externally-managed install_data
[3.851s] Level 1:colcon.colcon_core.environment:checking '/home/frans/mega_ws/src/install/cube_bringup/lib'
[3.851s] Level 1:colcon.colcon_core.environment:checking '/home/frans/mega_ws/src/install/cube_bringup/bin'
[3.851s] Level 1:colcon.colcon_core.environment:checking '/home/frans/mega_ws/src/install/cube_bringup/lib/pkgconfig/cube_bringup.pc'
[3.851s] Level 1:colcon.colcon_core.environment:checking '/home/frans/mega_ws/src/install/cube_bringup/lib/python3.12/site-packages'
[3.851s] Level 1:colcon.colcon_core.shell:create_environment_hook('cube_bringup', 'pythonpath')
[3.851s] INFO:colcon.colcon_core.shell:Creating environment hook '/home/frans/mega_ws/src/install/cube_bringup/share/cube_bringup/hook/pythonpath.ps1'
[3.852s] INFO:colcon.colcon_core.shell:Creating environment descriptor '/home/frans/mega_ws/src/install/cube_bringup/share/cube_bringup/hook/pythonpath.dsv'
[3.852s] INFO:colcon.colcon_core.shell:Creating environment hook '/home/frans/mega_ws/src/install/cube_bringup/share/cube_bringup/hook/pythonpath.sh'
[3.852s] Level 1:colcon.colcon_core.environment:checking '/home/frans/mega_ws/src/install/cube_bringup/bin'
[3.852s] Level 1:colcon.colcon_core.environment:create_environment_scripts_only(cube_bringup)
[3.852s] INFO:colcon.colcon_core.shell:Creating package script '/home/frans/mega_ws/src/install/cube_bringup/share/cube_bringup/package.ps1'
[3.853s] INFO:colcon.colcon_core.shell:Creating package descriptor '/home/frans/mega_ws/src/install/cube_bringup/share/cube_bringup/package.dsv'
[3.853s] INFO:colcon.colcon_core.shell:Creating package script '/home/frans/mega_ws/src/install/cube_bringup/share/cube_bringup/package.sh'
[3.853s] INFO:colcon.colcon_core.shell:Creating package script '/home/frans/mega_ws/src/install/cube_bringup/share/cube_bringup/package.bash'
[3.854s] INFO:colcon.colcon_core.shell:Creating package script '/home/frans/mega_ws/src/install/cube_bringup/share/cube_bringup/package.zsh'
[3.854s] Level 1:colcon.colcon_core.environment:create_file_with_runtime_dependencies(/home/frans/mega_ws/src/install/cube_bringup/share/colcon-core/packages/cube_bringup)
[3.854s] DEBUG:colcon.colcon_parallel_executor.executor.parallel:closing loop
[3.854s] DEBUG:colcon.colcon_parallel_executor.executor.parallel:loop closed
[3.855s] DEBUG:colcon.colcon_parallel_executor.executor.parallel:run_until_complete finished with '0'
[3.855s] DEBUG:colcon.colcon_core.event_reactor:joining thread
[3.861s] INFO:colcon.colcon_core.plugin_system:Skipping extension 'colcon_notification.desktop_notification.terminal_notifier': Not used on non-Darwin systems
[3.861s] INFO:colcon.colcon_core.plugin_system:Skipping extension 'colcon_notification.desktop_notification.win32': Not used on non-Windows systems
[3.861s] INFO:colcon.colcon_notification.desktop_notification:Sending desktop notification using 'notify2'
[3.871s] DEBUG:colcon.colcon_core.event_reactor:joined thread
[3.871s] INFO:colcon.colcon_core.shell:Creating prefix script '/home/frans/mega_ws/src/install/local_setup.ps1'
[3.872s] INFO:colcon.colcon_core.shell:Creating prefix util module '/home/frans/mega_ws/src/install/_local_setup_util_ps1.py'
[3.874s] INFO:colcon.colcon_core.shell:Creating prefix chain script '/home/frans/mega_ws/src/install/setup.ps1'
[3.875s] INFO:colcon.colcon_core.shell:Creating prefix script '/home/frans/mega_ws/src/install/local_setup.sh'
[3.876s] INFO:colcon.colcon_core.shell:Creating prefix util module '/home/frans/mega_ws/src/install/_local_setup_util_sh.py'
[3.876s] INFO:colcon.colcon_core.shell:Creating prefix chain script '/home/frans/mega_ws/src/install/setup.sh'
[3.878s] INFO:colcon.colcon_core.shell:Creating prefix script '/home/frans/mega_ws/src/install/local_setup.bash'
[3.878s] INFO:colcon.colcon_core.shell:Creating prefix chain script '/home/frans/mega_ws/src/install/setup.bash'
[3.879s] INFO:colcon.colcon_core.shell:Creating prefix script '/home/frans/mega_ws/src/install/local_setup.zsh'
[3.880s] INFO:colcon.colcon_core.shell:Creating prefix chain script '/home/frans/mega_ws/src/install/setup.zsh'
