[0.210s] Invoking command in '/home/frans/mega_ws/src/build/custom_cube_msgs': CMAKE_PREFIX_PATH=${CMAKE_PREFIX_PATH}:/home/frans/mega_ws/src/install/movement_planner:/home/frans/mega_ws/src/install/movement_controller:/home/frans/mega_ws/src/install/error_handler:/home/frans/mega_ws/src/install/camera_pipeline:/opt/ros/jazzy DEBUGINFOD_URLS=https://debuginfod.ubuntu.com /usr/bin/cmake --build /home/frans/mega_ws/src/build/custom_cube_msgs -- -j8 -l8
[0.629s] [  2%] Built target custom_cube_msgs__rosidl_generator_type_description
[0.629s] [  2%] Built target ament_cmake_python_copy_custom_cube_msgs
[0.629s] [  4%] Built target custom_cube_msgs__cpp
[0.629s] [ 22%] Built target custom_cube_msgs__rosidl_generator_c
[0.629s] [ 59%] Built target custom_cube_msgs__rosidl_typesupport_cpp
[0.630s] [ 59%] Built target custom_cube_msgs__rosidl_typesupport_introspection_c
[0.630s] [ 59%] Built target custom_cube_msgs__rosidl_typesupport_fastrtps_cpp
[0.630s] [ 59%] Built target custom_cube_msgs__rosidl_typesupport_introspection_cpp
[0.630s] [ 68%] Built target custom_cube_msgs__rosidl_typesupport_fastrtps_c
[0.630s] [ 77%] Built target custom_cube_msgs__rosidl_typesupport_c
[0.630s] [ 77%] Built target custom_cube_msgs
[0.630s] [ 79%] Built target custom_cube_msgs__py
[0.630s] [ 86%] Built target custom_cube_msgs__rosidl_generator_py
[0.630s] [ 90%] Built target custom_cube_msgs_s__rosidl_typesupport_introspection_c
[0.630s] [ 95%] Built target custom_cube_msgs_s__rosidl_typesupport_fastrtps_c
[0.630s] [100%] Built target custom_cube_msgs_s__rosidl_typesupport_c
[0.630s] running egg_info
[0.630s] writing custom_cube_msgs.egg-info/PKG-INFO
[0.631s] writing dependency_links to custom_cube_msgs.egg-info/dependency_links.txt
[0.631s] writing top-level names to custom_cube_msgs.egg-info/top_level.txt
[0.631s] reading manifest file 'custom_cube_msgs.egg-info/SOURCES.txt'
[0.631s] writing manifest file 'custom_cube_msgs.egg-info/SOURCES.txt'
[0.631s] [100%] Built target ament_cmake_python_build_custom_cube_msgs_egg
[0.817s] Invoked command in '/home/frans/mega_ws/src/build/custom_cube_msgs' returned '0': CMAKE_PREFIX_PATH=${CMAKE_PREFIX_PATH}:/home/frans/mega_ws/src/install/movement_planner:/home/frans/mega_ws/src/install/movement_controller:/home/frans/mega_ws/src/install/error_handler:/home/frans/mega_ws/src/install/camera_pipeline:/opt/ros/jazzy DEBUGINFOD_URLS=https://debuginfod.ubuntu.com /usr/bin/cmake --build /home/frans/mega_ws/src/build/custom_cube_msgs -- -j8 -l8
[0.825s] Invoking command in '/home/frans/mega_ws/src/build/custom_cube_msgs': CMAKE_PREFIX_PATH=${CMAKE_PREFIX_PATH}:/home/frans/mega_ws/src/install/movement_planner:/home/frans/mega_ws/src/install/movement_controller:/home/frans/mega_ws/src/install/error_handler:/home/frans/mega_ws/src/install/camera_pipeline:/opt/ros/jazzy DEBUGINFOD_URLS=https://debuginfod.ubuntu.com /usr/bin/cmake --install /home/frans/mega_ws/src/build/custom_cube_msgs
[0.831s] -- Install configuration: ""
[0.832s] -- Up-to-date: /home/frans/mega_ws/src/install/custom_cube_msgs/share/ament_index/resource_index/rosidl_interfaces/custom_cube_msgs
[0.832s] -- Up-to-date: /home/frans/mega_ws/src/install/custom_cube_msgs/share/custom_cube_msgs/msg/CubeDetection.json
[0.832s] -- Up-to-date: /home/frans/mega_ws/src/install/custom_cube_msgs/share/custom_cube_msgs/msg/CubeDetections.json
[0.832s] -- Up-to-date: /home/frans/mega_ws/src/install/custom_cube_msgs/include/custom_cube_msgs/custom_cube_msgs
[0.832s] -- Up-to-date: /home/frans/mega_ws/src/install/custom_cube_msgs/include/custom_cube_msgs/custom_cube_msgs/msg
[0.832s] -- Up-to-date: /home/frans/mega_ws/src/install/custom_cube_msgs/include/custom_cube_msgs/custom_cube_msgs/msg/detail
[0.833s] -- Up-to-date: /home/frans/mega_ws/src/install/custom_cube_msgs/include/custom_cube_msgs/custom_cube_msgs/msg/detail/cube_detections__type_support.c
[0.833s] -- Up-to-date: /home/frans/mega_ws/src/install/custom_cube_msgs/include/custom_cube_msgs/custom_cube_msgs/msg/detail/cube_detections__functions.h
[0.833s] -- Up-to-date: /home/frans/mega_ws/src/install/custom_cube_msgs/include/custom_cube_msgs/custom_cube_msgs/msg/detail/cube_detection__description.c
[0.833s] -- Up-to-date: /home/frans/mega_ws/src/install/custom_cube_msgs/include/custom_cube_msgs/custom_cube_msgs/msg/detail/cube_detections__struct.h
[0.833s] -- Up-to-date: /home/frans/mega_ws/src/install/custom_cube_msgs/include/custom_cube_msgs/custom_cube_msgs/msg/detail/cube_detection__type_support.h
[0.833s] -- Up-to-date: /home/frans/mega_ws/src/install/custom_cube_msgs/include/custom_cube_msgs/custom_cube_msgs/msg/detail/cube_detections__description.c
[0.833s] -- Up-to-date: /home/frans/mega_ws/src/install/custom_cube_msgs/include/custom_cube_msgs/custom_cube_msgs/msg/detail/cube_detection__type_support.c
[0.834s] -- Up-to-date: /home/frans/mega_ws/src/install/custom_cube_msgs/include/custom_cube_msgs/custom_cube_msgs/msg/detail/cube_detection__functions.h
[0.834s] -- Up-to-date: /home/frans/mega_ws/src/install/custom_cube_msgs/include/custom_cube_msgs/custom_cube_msgs/msg/detail/cube_detection__functions.c
[0.834s] -- Up-to-date: /home/frans/mega_ws/src/install/custom_cube_msgs/include/custom_cube_msgs/custom_cube_msgs/msg/detail/cube_detections__functions.c
[0.834s] -- Up-to-date: /home/frans/mega_ws/src/install/custom_cube_msgs/include/custom_cube_msgs/custom_cube_msgs/msg/detail/cube_detections__type_support.h
[0.834s] -- Up-to-date: /home/frans/mega_ws/src/install/custom_cube_msgs/include/custom_cube_msgs/custom_cube_msgs/msg/detail/cube_detection__struct.h
[0.834s] -- Up-to-date: /home/frans/mega_ws/src/install/custom_cube_msgs/include/custom_cube_msgs/custom_cube_msgs/msg/rosidl_generator_c__visibility_control.h
[0.835s] -- Up-to-date: /home/frans/mega_ws/src/install/custom_cube_msgs/include/custom_cube_msgs/custom_cube_msgs/msg/cube_detections.h
[0.835s] -- Up-to-date: /home/frans/mega_ws/src/install/custom_cube_msgs/include/custom_cube_msgs/custom_cube_msgs/msg/cube_detection.h
[0.835s] -- Up-to-date: /home/frans/mega_ws/src/install/custom_cube_msgs/share/custom_cube_msgs/environment/library_path.sh
[0.835s] -- Up-to-date: /home/frans/mega_ws/src/install/custom_cube_msgs/share/custom_cube_msgs/environment/library_path.dsv
[0.835s] -- Up-to-date: /home/frans/mega_ws/src/install/custom_cube_msgs/lib/libcustom_cube_msgs__rosidl_generator_c.so
[0.835s] -- Up-to-date: /home/frans/mega_ws/src/install/custom_cube_msgs/include/custom_cube_msgs/custom_cube_msgs
[0.835s] -- Up-to-date: /home/frans/mega_ws/src/install/custom_cube_msgs/include/custom_cube_msgs/custom_cube_msgs/msg
[0.836s] -- Up-to-date: /home/frans/mega_ws/src/install/custom_cube_msgs/include/custom_cube_msgs/custom_cube_msgs/msg/rosidl_typesupport_fastrtps_c__visibility_control.h
[0.836s] -- Up-to-date: /home/frans/mega_ws/src/install/custom_cube_msgs/include/custom_cube_msgs/custom_cube_msgs/msg/detail
[0.836s] -- Up-to-date: /home/frans/mega_ws/src/install/custom_cube_msgs/include/custom_cube_msgs/custom_cube_msgs/msg/detail/cube_detection__rosidl_typesupport_fastrtps_c.h
[0.836s] -- Up-to-date: /home/frans/mega_ws/src/install/custom_cube_msgs/include/custom_cube_msgs/custom_cube_msgs/msg/detail/cube_detections__rosidl_typesupport_fastrtps_c.h
[0.836s] -- Up-to-date: /home/frans/mega_ws/src/install/custom_cube_msgs/lib/libcustom_cube_msgs__rosidl_typesupport_fastrtps_c.so
[0.836s] -- Up-to-date: /home/frans/mega_ws/src/install/custom_cube_msgs/include/custom_cube_msgs/custom_cube_msgs
[0.836s] -- Up-to-date: /home/frans/mega_ws/src/install/custom_cube_msgs/include/custom_cube_msgs/custom_cube_msgs/msg
[0.836s] -- Up-to-date: /home/frans/mega_ws/src/install/custom_cube_msgs/include/custom_cube_msgs/custom_cube_msgs/msg/detail
[0.837s] -- Up-to-date: /home/frans/mega_ws/src/install/custom_cube_msgs/include/custom_cube_msgs/custom_cube_msgs/msg/detail/cube_detections__type_support.c
[0.837s] -- Up-to-date: /home/frans/mega_ws/src/install/custom_cube_msgs/include/custom_cube_msgs/custom_cube_msgs/msg/detail/cube_detection__type_support.c
[0.837s] -- Up-to-date: /home/frans/mega_ws/src/install/custom_cube_msgs/include/custom_cube_msgs/custom_cube_msgs/msg/detail/cube_detection__rosidl_typesupport_introspection_c.h
[0.837s] -- Up-to-date: /home/frans/mega_ws/src/install/custom_cube_msgs/include/custom_cube_msgs/custom_cube_msgs/msg/detail/cube_detections__rosidl_typesupport_introspection_c.h
[0.837s] -- Up-to-date: /home/frans/mega_ws/src/install/custom_cube_msgs/include/custom_cube_msgs/custom_cube_msgs/msg/rosidl_typesupport_introspection_c__visibility_control.h
[0.837s] -- Up-to-date: /home/frans/mega_ws/src/install/custom_cube_msgs/lib/libcustom_cube_msgs__rosidl_typesupport_introspection_c.so
[0.837s] -- Up-to-date: /home/frans/mega_ws/src/install/custom_cube_msgs/lib/libcustom_cube_msgs__rosidl_typesupport_c.so
[0.837s] -- Up-to-date: /home/frans/mega_ws/src/install/custom_cube_msgs/include/custom_cube_msgs/custom_cube_msgs
[0.838s] -- Up-to-date: /home/frans/mega_ws/src/install/custom_cube_msgs/include/custom_cube_msgs/custom_cube_msgs/msg
[0.838s] -- Up-to-date: /home/frans/mega_ws/src/install/custom_cube_msgs/include/custom_cube_msgs/custom_cube_msgs/msg/detail
[0.838s] -- Up-to-date: /home/frans/mega_ws/src/install/custom_cube_msgs/include/custom_cube_msgs/custom_cube_msgs/msg/detail/cube_detection__builder.hpp
[0.838s] -- Up-to-date: /home/frans/mega_ws/src/install/custom_cube_msgs/include/custom_cube_msgs/custom_cube_msgs/msg/detail/cube_detection__type_support.hpp
[0.838s] -- Up-to-date: /home/frans/mega_ws/src/install/custom_cube_msgs/include/custom_cube_msgs/custom_cube_msgs/msg/detail/cube_detections__struct.hpp
[0.838s] -- Up-to-date: /home/frans/mega_ws/src/install/custom_cube_msgs/include/custom_cube_msgs/custom_cube_msgs/msg/detail/cube_detections__type_support.hpp
[0.838s] -- Up-to-date: /home/frans/mega_ws/src/install/custom_cube_msgs/include/custom_cube_msgs/custom_cube_msgs/msg/detail/cube_detection__struct.hpp
[0.838s] -- Up-to-date: /home/frans/mega_ws/src/install/custom_cube_msgs/include/custom_cube_msgs/custom_cube_msgs/msg/detail/cube_detection__traits.hpp
[0.839s] -- Up-to-date: /home/frans/mega_ws/src/install/custom_cube_msgs/include/custom_cube_msgs/custom_cube_msgs/msg/detail/cube_detections__builder.hpp
[0.839s] -- Up-to-date: /home/frans/mega_ws/src/install/custom_cube_msgs/include/custom_cube_msgs/custom_cube_msgs/msg/detail/cube_detections__traits.hpp
[0.839s] -- Up-to-date: /home/frans/mega_ws/src/install/custom_cube_msgs/include/custom_cube_msgs/custom_cube_msgs/msg/rosidl_generator_cpp__visibility_control.hpp
[0.839s] -- Up-to-date: /home/frans/mega_ws/src/install/custom_cube_msgs/include/custom_cube_msgs/custom_cube_msgs/msg/cube_detections.hpp
[0.839s] -- Up-to-date: /home/frans/mega_ws/src/install/custom_cube_msgs/include/custom_cube_msgs/custom_cube_msgs/msg/cube_detection.hpp
[0.839s] -- Up-to-date: /home/frans/mega_ws/src/install/custom_cube_msgs/include/custom_cube_msgs/custom_cube_msgs
[0.839s] -- Up-to-date: /home/frans/mega_ws/src/install/custom_cube_msgs/include/custom_cube_msgs/custom_cube_msgs/msg
[0.840s] -- Up-to-date: /home/frans/mega_ws/src/install/custom_cube_msgs/include/custom_cube_msgs/custom_cube_msgs/msg/detail
[0.840s] -- Up-to-date: /home/frans/mega_ws/src/install/custom_cube_msgs/include/custom_cube_msgs/custom_cube_msgs/msg/detail/cube_detections__rosidl_typesupport_fastrtps_cpp.hpp
[0.840s] -- Up-to-date: /home/frans/mega_ws/src/install/custom_cube_msgs/include/custom_cube_msgs/custom_cube_msgs/msg/detail/dds_fastrtps
[0.840s] -- Up-to-date: /home/frans/mega_ws/src/install/custom_cube_msgs/include/custom_cube_msgs/custom_cube_msgs/msg/detail/cube_detection__rosidl_typesupport_fastrtps_cpp.hpp
[0.840s] -- Up-to-date: /home/frans/mega_ws/src/install/custom_cube_msgs/include/custom_cube_msgs/custom_cube_msgs/msg/rosidl_typesupport_fastrtps_cpp__visibility_control.h
[0.840s] -- Up-to-date: /home/frans/mega_ws/src/install/custom_cube_msgs/lib/libcustom_cube_msgs__rosidl_typesupport_fastrtps_cpp.so
[0.840s] -- Up-to-date: /home/frans/mega_ws/src/install/custom_cube_msgs/include/custom_cube_msgs/custom_cube_msgs
[0.840s] -- Up-to-date: /home/frans/mega_ws/src/install/custom_cube_msgs/include/custom_cube_msgs/custom_cube_msgs/msg
[0.840s] -- Up-to-date: /home/frans/mega_ws/src/install/custom_cube_msgs/include/custom_cube_msgs/custom_cube_msgs/msg/detail
[0.841s] -- Up-to-date: /home/frans/mega_ws/src/install/custom_cube_msgs/include/custom_cube_msgs/custom_cube_msgs/msg/detail/cube_detection__type_support.cpp
[0.841s] -- Up-to-date: /home/frans/mega_ws/src/install/custom_cube_msgs/include/custom_cube_msgs/custom_cube_msgs/msg/detail/cube_detections__type_support.cpp
[0.841s] -- Up-to-date: /home/frans/mega_ws/src/install/custom_cube_msgs/include/custom_cube_msgs/custom_cube_msgs/msg/detail/cube_detections__rosidl_typesupport_introspection_cpp.hpp
[0.841s] -- Up-to-date: /home/frans/mega_ws/src/install/custom_cube_msgs/include/custom_cube_msgs/custom_cube_msgs/msg/detail/cube_detection__rosidl_typesupport_introspection_cpp.hpp
[0.841s] -- Up-to-date: /home/frans/mega_ws/src/install/custom_cube_msgs/lib/libcustom_cube_msgs__rosidl_typesupport_introspection_cpp.so
[0.841s] -- Up-to-date: /home/frans/mega_ws/src/install/custom_cube_msgs/lib/libcustom_cube_msgs__rosidl_typesupport_cpp.so
[0.841s] -- Up-to-date: /home/frans/mega_ws/src/install/custom_cube_msgs/share/custom_cube_msgs/environment/pythonpath.sh
[0.841s] -- Up-to-date: /home/frans/mega_ws/src/install/custom_cube_msgs/share/custom_cube_msgs/environment/pythonpath.dsv
[0.842s] -- Up-to-date: /home/frans/mega_ws/src/install/custom_cube_msgs/lib/python3.12/site-packages/custom_cube_msgs-0.0.0-py3.12.egg-info
[0.842s] -- Installing: /home/frans/mega_ws/src/install/custom_cube_msgs/lib/python3.12/site-packages/custom_cube_msgs-0.0.0-py3.12.egg-info/top_level.txt
[0.842s] -- Installing: /home/frans/mega_ws/src/install/custom_cube_msgs/lib/python3.12/site-packages/custom_cube_msgs-0.0.0-py3.12.egg-info/dependency_links.txt
[0.842s] -- Installing: /home/frans/mega_ws/src/install/custom_cube_msgs/lib/python3.12/site-packages/custom_cube_msgs-0.0.0-py3.12.egg-info/SOURCES.txt
[0.842s] -- Installing: /home/frans/mega_ws/src/install/custom_cube_msgs/lib/python3.12/site-packages/custom_cube_msgs-0.0.0-py3.12.egg-info/PKG-INFO
[0.842s] -- Up-to-date: /home/frans/mega_ws/src/install/custom_cube_msgs/lib/python3.12/site-packages/custom_cube_msgs
[0.842s] -- Up-to-date: /home/frans/mega_ws/src/install/custom_cube_msgs/lib/python3.12/site-packages/custom_cube_msgs/_custom_cube_msgs_s.ep.rosidl_typesupport_fastrtps_c.c
[0.842s] -- Up-to-date: /home/frans/mega_ws/src/install/custom_cube_msgs/lib/python3.12/site-packages/custom_cube_msgs/__init__.py
[0.843s] -- Up-to-date: /home/frans/mega_ws/src/install/custom_cube_msgs/lib/python3.12/site-packages/custom_cube_msgs/msg
[0.843s] -- Up-to-date: /home/frans/mega_ws/src/install/custom_cube_msgs/lib/python3.12/site-packages/custom_cube_msgs/msg/__init__.py
[0.843s] -- Up-to-date: /home/frans/mega_ws/src/install/custom_cube_msgs/lib/python3.12/site-packages/custom_cube_msgs/msg/_cube_detections.py
[0.843s] -- Up-to-date: /home/frans/mega_ws/src/install/custom_cube_msgs/lib/python3.12/site-packages/custom_cube_msgs/msg/_cube_detection.py
[0.843s] -- Up-to-date: /home/frans/mega_ws/src/install/custom_cube_msgs/lib/python3.12/site-packages/custom_cube_msgs/msg/_cube_detections_s.c
[0.843s] -- Up-to-date: /home/frans/mega_ws/src/install/custom_cube_msgs/lib/python3.12/site-packages/custom_cube_msgs/msg/_cube_detection_s.c
[0.843s] -- Up-to-date: /home/frans/mega_ws/src/install/custom_cube_msgs/lib/python3.12/site-packages/custom_cube_msgs/custom_cube_msgs_s__rosidl_typesupport_c.so
[0.843s] -- Up-to-date: /home/frans/mega_ws/src/install/custom_cube_msgs/lib/python3.12/site-packages/custom_cube_msgs/custom_cube_msgs_s__rosidl_typesupport_introspection_c.so
[0.844s] -- Up-to-date: /home/frans/mega_ws/src/install/custom_cube_msgs/lib/python3.12/site-packages/custom_cube_msgs/_custom_cube_msgs_s.ep.rosidl_typesupport_introspection_c.c
[0.844s] -- Up-to-date: /home/frans/mega_ws/src/install/custom_cube_msgs/lib/python3.12/site-packages/custom_cube_msgs/custom_cube_msgs_s__rosidl_typesupport_fastrtps_c.so
[0.844s] -- Up-to-date: /home/frans/mega_ws/src/install/custom_cube_msgs/lib/python3.12/site-packages/custom_cube_msgs/_custom_cube_msgs_s.ep.rosidl_typesupport_c.c
[0.869s] Listing '/home/frans/mega_ws/src/install/custom_cube_msgs/lib/python3.12/site-packages/custom_cube_msgs'...
[0.869s] Listing '/home/frans/mega_ws/src/install/custom_cube_msgs/lib/python3.12/site-packages/custom_cube_msgs/msg'...
[0.874s] -- Up-to-date: /home/frans/mega_ws/src/install/custom_cube_msgs/lib/python3.12/site-packages/custom_cube_msgs/custom_cube_msgs_s__rosidl_typesupport_fastrtps_c.so
[0.874s] -- Up-to-date: /home/frans/mega_ws/src/install/custom_cube_msgs/lib/python3.12/site-packages/custom_cube_msgs/custom_cube_msgs_s__rosidl_typesupport_introspection_c.so
[0.875s] -- Up-to-date: /home/frans/mega_ws/src/install/custom_cube_msgs/lib/python3.12/site-packages/custom_cube_msgs/custom_cube_msgs_s__rosidl_typesupport_c.so
[0.875s] -- Up-to-date: /home/frans/mega_ws/src/install/custom_cube_msgs/lib/libcustom_cube_msgs__rosidl_generator_py.so
[0.875s] -- Up-to-date: /home/frans/mega_ws/src/install/custom_cube_msgs/share/custom_cube_msgs/msg/CubeDetection.idl
[0.875s] -- Up-to-date: /home/frans/mega_ws/src/install/custom_cube_msgs/share/custom_cube_msgs/msg/CubeDetections.idl
[0.875s] -- Up-to-date: /home/frans/mega_ws/src/install/custom_cube_msgs/share/custom_cube_msgs/msg/CubeDetection.msg
[0.875s] -- Up-to-date: /home/frans/mega_ws/src/install/custom_cube_msgs/share/custom_cube_msgs/msg/CubeDetections.msg
[0.875s] -- Up-to-date: /home/frans/mega_ws/src/install/custom_cube_msgs/share/ament_index/resource_index/package_run_dependencies/custom_cube_msgs
[0.876s] -- Up-to-date: /home/frans/mega_ws/src/install/custom_cube_msgs/share/ament_index/resource_index/parent_prefix_path/custom_cube_msgs
[0.876s] -- Up-to-date: /home/frans/mega_ws/src/install/custom_cube_msgs/share/custom_cube_msgs/environment/ament_prefix_path.sh
[0.876s] -- Up-to-date: /home/frans/mega_ws/src/install/custom_cube_msgs/share/custom_cube_msgs/environment/ament_prefix_path.dsv
[0.876s] -- Up-to-date: /home/frans/mega_ws/src/install/custom_cube_msgs/share/custom_cube_msgs/environment/path.sh
[0.876s] -- Up-to-date: /home/frans/mega_ws/src/install/custom_cube_msgs/share/custom_cube_msgs/environment/path.dsv
[0.876s] -- Up-to-date: /home/frans/mega_ws/src/install/custom_cube_msgs/share/custom_cube_msgs/local_setup.bash
[0.877s] -- Up-to-date: /home/frans/mega_ws/src/install/custom_cube_msgs/share/custom_cube_msgs/local_setup.sh
[0.877s] -- Up-to-date: /home/frans/mega_ws/src/install/custom_cube_msgs/share/custom_cube_msgs/local_setup.zsh
[0.877s] -- Up-to-date: /home/frans/mega_ws/src/install/custom_cube_msgs/share/custom_cube_msgs/local_setup.dsv
[0.877s] -- Installing: /home/frans/mega_ws/src/install/custom_cube_msgs/share/custom_cube_msgs/package.dsv
[0.877s] -- Up-to-date: /home/frans/mega_ws/src/install/custom_cube_msgs/share/ament_index/resource_index/packages/custom_cube_msgs
[0.877s] -- Up-to-date: /home/frans/mega_ws/src/install/custom_cube_msgs/share/custom_cube_msgs/cmake/export_custom_cube_msgs__rosidl_generator_cExport.cmake
[0.877s] -- Up-to-date: /home/frans/mega_ws/src/install/custom_cube_msgs/share/custom_cube_msgs/cmake/export_custom_cube_msgs__rosidl_generator_cExport-noconfig.cmake
[0.878s] -- Up-to-date: /home/frans/mega_ws/src/install/custom_cube_msgs/share/custom_cube_msgs/cmake/export_custom_cube_msgs__rosidl_typesupport_fastrtps_cExport.cmake
[0.878s] -- Up-to-date: /home/frans/mega_ws/src/install/custom_cube_msgs/share/custom_cube_msgs/cmake/export_custom_cube_msgs__rosidl_typesupport_fastrtps_cExport-noconfig.cmake
[0.878s] -- Up-to-date: /home/frans/mega_ws/src/install/custom_cube_msgs/share/custom_cube_msgs/cmake/custom_cube_msgs__rosidl_typesupport_introspection_cExport.cmake
[0.878s] -- Up-to-date: /home/frans/mega_ws/src/install/custom_cube_msgs/share/custom_cube_msgs/cmake/custom_cube_msgs__rosidl_typesupport_introspection_cExport-noconfig.cmake
[0.878s] -- Up-to-date: /home/frans/mega_ws/src/install/custom_cube_msgs/share/custom_cube_msgs/cmake/custom_cube_msgs__rosidl_typesupport_cExport.cmake
[0.878s] -- Up-to-date: /home/frans/mega_ws/src/install/custom_cube_msgs/share/custom_cube_msgs/cmake/custom_cube_msgs__rosidl_typesupport_cExport-noconfig.cmake
[0.878s] -- Up-to-date: /home/frans/mega_ws/src/install/custom_cube_msgs/share/custom_cube_msgs/cmake/export_custom_cube_msgs__rosidl_generator_cppExport.cmake
[0.878s] -- Up-to-date: /home/frans/mega_ws/src/install/custom_cube_msgs/share/custom_cube_msgs/cmake/export_custom_cube_msgs__rosidl_typesupport_fastrtps_cppExport.cmake
[0.879s] -- Up-to-date: /home/frans/mega_ws/src/install/custom_cube_msgs/share/custom_cube_msgs/cmake/export_custom_cube_msgs__rosidl_typesupport_fastrtps_cppExport-noconfig.cmake
[0.879s] -- Up-to-date: /home/frans/mega_ws/src/install/custom_cube_msgs/share/custom_cube_msgs/cmake/custom_cube_msgs__rosidl_typesupport_introspection_cppExport.cmake
[0.879s] -- Up-to-date: /home/frans/mega_ws/src/install/custom_cube_msgs/share/custom_cube_msgs/cmake/custom_cube_msgs__rosidl_typesupport_introspection_cppExport-noconfig.cmake
[0.879s] -- Up-to-date: /home/frans/mega_ws/src/install/custom_cube_msgs/share/custom_cube_msgs/cmake/custom_cube_msgs__rosidl_typesupport_cppExport.cmake
[0.880s] -- Up-to-date: /home/frans/mega_ws/src/install/custom_cube_msgs/share/custom_cube_msgs/cmake/custom_cube_msgs__rosidl_typesupport_cppExport-noconfig.cmake
[0.880s] -- Up-to-date: /home/frans/mega_ws/src/install/custom_cube_msgs/share/custom_cube_msgs/cmake/export_custom_cube_msgs__rosidl_generator_pyExport.cmake
[0.880s] -- Up-to-date: /home/frans/mega_ws/src/install/custom_cube_msgs/share/custom_cube_msgs/cmake/export_custom_cube_msgs__rosidl_generator_pyExport-noconfig.cmake
[0.880s] -- Up-to-date: /home/frans/mega_ws/src/install/custom_cube_msgs/share/custom_cube_msgs/cmake/rosidl_cmake-extras.cmake
[0.881s] -- Up-to-date: /home/frans/mega_ws/src/install/custom_cube_msgs/share/custom_cube_msgs/cmake/ament_cmake_export_dependencies-extras.cmake
[0.881s] -- Up-to-date: /home/frans/mega_ws/src/install/custom_cube_msgs/share/custom_cube_msgs/cmake/ament_cmake_export_include_directories-extras.cmake
[0.881s] -- Up-to-date: /home/frans/mega_ws/src/install/custom_cube_msgs/share/custom_cube_msgs/cmake/ament_cmake_export_libraries-extras.cmake
[0.881s] -- Up-to-date: /home/frans/mega_ws/src/install/custom_cube_msgs/share/custom_cube_msgs/cmake/ament_cmake_export_targets-extras.cmake
[0.881s] -- Up-to-date: /home/frans/mega_ws/src/install/custom_cube_msgs/share/custom_cube_msgs/cmake/rosidl_cmake_export_typesupport_targets-extras.cmake
[0.882s] -- Up-to-date: /home/frans/mega_ws/src/install/custom_cube_msgs/share/custom_cube_msgs/cmake/rosidl_cmake_export_typesupport_libraries-extras.cmake
[0.882s] -- Up-to-date: /home/frans/mega_ws/src/install/custom_cube_msgs/share/custom_cube_msgs/cmake/custom_cube_msgsConfig.cmake
[0.882s] -- Up-to-date: /home/frans/mega_ws/src/install/custom_cube_msgs/share/custom_cube_msgs/cmake/custom_cube_msgsConfig-version.cmake
[0.882s] -- Up-to-date: /home/frans/mega_ws/src/install/custom_cube_msgs/share/custom_cube_msgs/package.xml
[0.883s] Invoked command in '/home/frans/mega_ws/src/build/custom_cube_msgs' returned '0': CMAKE_PREFIX_PATH=${CMAKE_PREFIX_PATH}:/home/frans/mega_ws/src/install/movement_planner:/home/frans/mega_ws/src/install/movement_controller:/home/frans/mega_ws/src/install/error_handler:/home/frans/mega_ws/src/install/camera_pipeline:/opt/ros/jazzy DEBUGINFOD_URLS=https://debuginfod.ubuntu.com /usr/bin/cmake --install /home/frans/mega_ws/src/build/custom_cube_msgs
