[  2%] Built target custom_cube_msgs__rosidl_generator_type_description
[  4%] Built target custom_cube_msgs__cpp
[  4%] Built target ament_cmake_python_copy_custom_cube_msgs
[ 22%] Built target custom_cube_msgs__rosidl_generator_c
[ 31%] Built target custom_cube_msgs__rosidl_typesupport_fastrtps_cpp
[ 40%] Built target custom_cube_msgs__rosidl_typesupport_introspection_cpp
[ 50%] Built target custom_cube_msgs__rosidl_typesupport_fastrtps_c
[ 59%] Built target custom_cube_msgs__rosidl_typesupport_c
[ 68%] Built target custom_cube_msgs__rosidl_typesupport_introspection_c
[ 77%] Built target custom_cube_msgs__rosidl_typesupport_cpp
[ 77%] Built target custom_cube_msgs
[ 79%] Built target custom_cube_msgs__py
[ 86%] Built target custom_cube_msgs__rosidl_generator_py
[100%] Built target custom_cube_msgs_s__rosidl_typesupport_c
[100%] Built target custom_cube_msgs_s__rosidl_typesupport_introspection_c
[100%] Built target custom_cube_msgs_s__rosidl_typesupport_fastrtps_c
running egg_info
writing custom_cube_msgs.egg-info/PKG-INFO
writing dependency_links to custom_cube_msgs.egg-info/dependency_links.txt
writing top-level names to custom_cube_msgs.egg-info/top_level.txt
reading manifest file 'custom_cube_msgs.egg-info/SOURCES.txt'
writing manifest file 'custom_cube_msgs.egg-info/SOURCES.txt'
[100%] Built target ament_cmake_python_build_custom_cube_msgs_egg
-- Install configuration: ""
-- Up-to-date: /home/frans/mega_ws/src/install/custom_cube_msgs/share/ament_index/resource_index/rosidl_interfaces/custom_cube_msgs
-- Up-to-date: /home/frans/mega_ws/src/install/custom_cube_msgs/share/custom_cube_msgs/msg/CubeDetection.json
-- Up-to-date: /home/frans/mega_ws/src/install/custom_cube_msgs/share/custom_cube_msgs/msg/CubeDetections.json
-- Up-to-date: /home/frans/mega_ws/src/install/custom_cube_msgs/include/custom_cube_msgs/custom_cube_msgs
-- Up-to-date: /home/frans/mega_ws/src/install/custom_cube_msgs/include/custom_cube_msgs/custom_cube_msgs/msg
-- Up-to-date: /home/frans/mega_ws/src/install/custom_cube_msgs/include/custom_cube_msgs/custom_cube_msgs/msg/detail
-- Up-to-date: /home/frans/mega_ws/src/install/custom_cube_msgs/include/custom_cube_msgs/custom_cube_msgs/msg/detail/cube_detections__type_support.c
-- Up-to-date: /home/frans/mega_ws/src/install/custom_cube_msgs/include/custom_cube_msgs/custom_cube_msgs/msg/detail/cube_detections__functions.h
-- Up-to-date: /home/frans/mega_ws/src/install/custom_cube_msgs/include/custom_cube_msgs/custom_cube_msgs/msg/detail/cube_detection__description.c
-- Up-to-date: /home/frans/mega_ws/src/install/custom_cube_msgs/include/custom_cube_msgs/custom_cube_msgs/msg/detail/cube_detections__struct.h
-- Up-to-date: /home/frans/mega_ws/src/install/custom_cube_msgs/include/custom_cube_msgs/custom_cube_msgs/msg/detail/cube_detection__type_support.h
-- Up-to-date: /home/frans/mega_ws/src/install/custom_cube_msgs/include/custom_cube_msgs/custom_cube_msgs/msg/detail/cube_detections__description.c
-- Up-to-date: /home/frans/mega_ws/src/install/custom_cube_msgs/include/custom_cube_msgs/custom_cube_msgs/msg/detail/cube_detection__type_support.c
-- Up-to-date: /home/frans/mega_ws/src/install/custom_cube_msgs/include/custom_cube_msgs/custom_cube_msgs/msg/detail/cube_detection__functions.h
-- Up-to-date: /home/frans/mega_ws/src/install/custom_cube_msgs/include/custom_cube_msgs/custom_cube_msgs/msg/detail/cube_detection__functions.c
-- Up-to-date: /home/frans/mega_ws/src/install/custom_cube_msgs/include/custom_cube_msgs/custom_cube_msgs/msg/detail/cube_detections__functions.c
-- Up-to-date: /home/frans/mega_ws/src/install/custom_cube_msgs/include/custom_cube_msgs/custom_cube_msgs/msg/detail/cube_detections__type_support.h
-- Up-to-date: /home/frans/mega_ws/src/install/custom_cube_msgs/include/custom_cube_msgs/custom_cube_msgs/msg/detail/cube_detection__struct.h
-- Up-to-date: /home/frans/mega_ws/src/install/custom_cube_msgs/include/custom_cube_msgs/custom_cube_msgs/msg/rosidl_generator_c__visibility_control.h
-- Up-to-date: /home/frans/mega_ws/src/install/custom_cube_msgs/include/custom_cube_msgs/custom_cube_msgs/msg/cube_detections.h
-- Up-to-date: /home/frans/mega_ws/src/install/custom_cube_msgs/include/custom_cube_msgs/custom_cube_msgs/msg/cube_detection.h
-- Up-to-date: /home/frans/mega_ws/src/install/custom_cube_msgs/share/custom_cube_msgs/environment/library_path.sh
-- Up-to-date: /home/frans/mega_ws/src/install/custom_cube_msgs/share/custom_cube_msgs/environment/library_path.dsv
-- Up-to-date: /home/frans/mega_ws/src/install/custom_cube_msgs/lib/libcustom_cube_msgs__rosidl_generator_c.so
-- Up-to-date: /home/frans/mega_ws/src/install/custom_cube_msgs/include/custom_cube_msgs/custom_cube_msgs
-- Up-to-date: /home/frans/mega_ws/src/install/custom_cube_msgs/include/custom_cube_msgs/custom_cube_msgs/msg
-- Up-to-date: /home/frans/mega_ws/src/install/custom_cube_msgs/include/custom_cube_msgs/custom_cube_msgs/msg/rosidl_typesupport_fastrtps_c__visibility_control.h
-- Up-to-date: /home/frans/mega_ws/src/install/custom_cube_msgs/include/custom_cube_msgs/custom_cube_msgs/msg/detail
-- Up-to-date: /home/frans/mega_ws/src/install/custom_cube_msgs/include/custom_cube_msgs/custom_cube_msgs/msg/detail/cube_detection__rosidl_typesupport_fastrtps_c.h
-- Up-to-date: /home/frans/mega_ws/src/install/custom_cube_msgs/include/custom_cube_msgs/custom_cube_msgs/msg/detail/cube_detections__rosidl_typesupport_fastrtps_c.h
-- Up-to-date: /home/frans/mega_ws/src/install/custom_cube_msgs/lib/libcustom_cube_msgs__rosidl_typesupport_fastrtps_c.so
-- Up-to-date: /home/frans/mega_ws/src/install/custom_cube_msgs/include/custom_cube_msgs/custom_cube_msgs
-- Up-to-date: /home/frans/mega_ws/src/install/custom_cube_msgs/include/custom_cube_msgs/custom_cube_msgs/msg
-- Up-to-date: /home/frans/mega_ws/src/install/custom_cube_msgs/include/custom_cube_msgs/custom_cube_msgs/msg/detail
-- Up-to-date: /home/frans/mega_ws/src/install/custom_cube_msgs/include/custom_cube_msgs/custom_cube_msgs/msg/detail/cube_detections__type_support.c
-- Up-to-date: /home/frans/mega_ws/src/install/custom_cube_msgs/include/custom_cube_msgs/custom_cube_msgs/msg/detail/cube_detection__type_support.c
-- Up-to-date: /home/frans/mega_ws/src/install/custom_cube_msgs/include/custom_cube_msgs/custom_cube_msgs/msg/detail/cube_detection__rosidl_typesupport_introspection_c.h
-- Up-to-date: /home/frans/mega_ws/src/install/custom_cube_msgs/include/custom_cube_msgs/custom_cube_msgs/msg/detail/cube_detections__rosidl_typesupport_introspection_c.h
-- Up-to-date: /home/frans/mega_ws/src/install/custom_cube_msgs/include/custom_cube_msgs/custom_cube_msgs/msg/rosidl_typesupport_introspection_c__visibility_control.h
-- Up-to-date: /home/frans/mega_ws/src/install/custom_cube_msgs/lib/libcustom_cube_msgs__rosidl_typesupport_introspection_c.so
-- Up-to-date: /home/frans/mega_ws/src/install/custom_cube_msgs/lib/libcustom_cube_msgs__rosidl_typesupport_c.so
-- Up-to-date: /home/frans/mega_ws/src/install/custom_cube_msgs/include/custom_cube_msgs/custom_cube_msgs
-- Up-to-date: /home/frans/mega_ws/src/install/custom_cube_msgs/include/custom_cube_msgs/custom_cube_msgs/msg
-- Up-to-date: /home/frans/mega_ws/src/install/custom_cube_msgs/include/custom_cube_msgs/custom_cube_msgs/msg/detail
-- Up-to-date: /home/frans/mega_ws/src/install/custom_cube_msgs/include/custom_cube_msgs/custom_cube_msgs/msg/detail/cube_detection__builder.hpp
-- Up-to-date: /home/frans/mega_ws/src/install/custom_cube_msgs/include/custom_cube_msgs/custom_cube_msgs/msg/detail/cube_detection__type_support.hpp
-- Up-to-date: /home/frans/mega_ws/src/install/custom_cube_msgs/include/custom_cube_msgs/custom_cube_msgs/msg/detail/cube_detections__struct.hpp
-- Up-to-date: /home/frans/mega_ws/src/install/custom_cube_msgs/include/custom_cube_msgs/custom_cube_msgs/msg/detail/cube_detections__type_support.hpp
-- Up-to-date: /home/frans/mega_ws/src/install/custom_cube_msgs/include/custom_cube_msgs/custom_cube_msgs/msg/detail/cube_detection__struct.hpp
-- Up-to-date: /home/frans/mega_ws/src/install/custom_cube_msgs/include/custom_cube_msgs/custom_cube_msgs/msg/detail/cube_detection__traits.hpp
-- Up-to-date: /home/frans/mega_ws/src/install/custom_cube_msgs/include/custom_cube_msgs/custom_cube_msgs/msg/detail/cube_detections__builder.hpp
-- Up-to-date: /home/frans/mega_ws/src/install/custom_cube_msgs/include/custom_cube_msgs/custom_cube_msgs/msg/detail/cube_detections__traits.hpp
-- Up-to-date: /home/frans/mega_ws/src/install/custom_cube_msgs/include/custom_cube_msgs/custom_cube_msgs/msg/rosidl_generator_cpp__visibility_control.hpp
-- Up-to-date: /home/frans/mega_ws/src/install/custom_cube_msgs/include/custom_cube_msgs/custom_cube_msgs/msg/cube_detections.hpp
-- Up-to-date: /home/frans/mega_ws/src/install/custom_cube_msgs/include/custom_cube_msgs/custom_cube_msgs/msg/cube_detection.hpp
-- Up-to-date: /home/frans/mega_ws/src/install/custom_cube_msgs/include/custom_cube_msgs/custom_cube_msgs
-- Up-to-date: /home/frans/mega_ws/src/install/custom_cube_msgs/include/custom_cube_msgs/custom_cube_msgs/msg
-- Up-to-date: /home/frans/mega_ws/src/install/custom_cube_msgs/include/custom_cube_msgs/custom_cube_msgs/msg/detail
-- Up-to-date: /home/frans/mega_ws/src/install/custom_cube_msgs/include/custom_cube_msgs/custom_cube_msgs/msg/detail/cube_detections__rosidl_typesupport_fastrtps_cpp.hpp
-- Up-to-date: /home/frans/mega_ws/src/install/custom_cube_msgs/include/custom_cube_msgs/custom_cube_msgs/msg/detail/dds_fastrtps
-- Up-to-date: /home/frans/mega_ws/src/install/custom_cube_msgs/include/custom_cube_msgs/custom_cube_msgs/msg/detail/cube_detection__rosidl_typesupport_fastrtps_cpp.hpp
-- Up-to-date: /home/frans/mega_ws/src/install/custom_cube_msgs/include/custom_cube_msgs/custom_cube_msgs/msg/rosidl_typesupport_fastrtps_cpp__visibility_control.h
-- Up-to-date: /home/frans/mega_ws/src/install/custom_cube_msgs/lib/libcustom_cube_msgs__rosidl_typesupport_fastrtps_cpp.so
-- Up-to-date: /home/frans/mega_ws/src/install/custom_cube_msgs/include/custom_cube_msgs/custom_cube_msgs
-- Up-to-date: /home/frans/mega_ws/src/install/custom_cube_msgs/include/custom_cube_msgs/custom_cube_msgs/msg
-- Up-to-date: /home/frans/mega_ws/src/install/custom_cube_msgs/include/custom_cube_msgs/custom_cube_msgs/msg/detail
-- Up-to-date: /home/frans/mega_ws/src/install/custom_cube_msgs/include/custom_cube_msgs/custom_cube_msgs/msg/detail/cube_detection__type_support.cpp
-- Up-to-date: /home/frans/mega_ws/src/install/custom_cube_msgs/include/custom_cube_msgs/custom_cube_msgs/msg/detail/cube_detections__type_support.cpp
-- Up-to-date: /home/frans/mega_ws/src/install/custom_cube_msgs/include/custom_cube_msgs/custom_cube_msgs/msg/detail/cube_detections__rosidl_typesupport_introspection_cpp.hpp
-- Up-to-date: /home/frans/mega_ws/src/install/custom_cube_msgs/include/custom_cube_msgs/custom_cube_msgs/msg/detail/cube_detection__rosidl_typesupport_introspection_cpp.hpp
-- Up-to-date: /home/frans/mega_ws/src/install/custom_cube_msgs/lib/libcustom_cube_msgs__rosidl_typesupport_introspection_cpp.so
-- Up-to-date: /home/frans/mega_ws/src/install/custom_cube_msgs/lib/libcustom_cube_msgs__rosidl_typesupport_cpp.so
-- Up-to-date: /home/frans/mega_ws/src/install/custom_cube_msgs/share/custom_cube_msgs/environment/pythonpath.sh
-- Up-to-date: /home/frans/mega_ws/src/install/custom_cube_msgs/share/custom_cube_msgs/environment/pythonpath.dsv
-- Up-to-date: /home/frans/mega_ws/src/install/custom_cube_msgs/lib/python3.12/site-packages/custom_cube_msgs-0.0.0-py3.12.egg-info
-- Installing: /home/frans/mega_ws/src/install/custom_cube_msgs/lib/python3.12/site-packages/custom_cube_msgs-0.0.0-py3.12.egg-info/top_level.txt
-- Installing: /home/frans/mega_ws/src/install/custom_cube_msgs/lib/python3.12/site-packages/custom_cube_msgs-0.0.0-py3.12.egg-info/dependency_links.txt
-- Installing: /home/frans/mega_ws/src/install/custom_cube_msgs/lib/python3.12/site-packages/custom_cube_msgs-0.0.0-py3.12.egg-info/SOURCES.txt
-- Installing: /home/frans/mega_ws/src/install/custom_cube_msgs/lib/python3.12/site-packages/custom_cube_msgs-0.0.0-py3.12.egg-info/PKG-INFO
-- Up-to-date: /home/frans/mega_ws/src/install/custom_cube_msgs/lib/python3.12/site-packages/custom_cube_msgs
-- Up-to-date: /home/frans/mega_ws/src/install/custom_cube_msgs/lib/python3.12/site-packages/custom_cube_msgs/_custom_cube_msgs_s.ep.rosidl_typesupport_fastrtps_c.c
-- Up-to-date: /home/frans/mega_ws/src/install/custom_cube_msgs/lib/python3.12/site-packages/custom_cube_msgs/__init__.py
-- Up-to-date: /home/frans/mega_ws/src/install/custom_cube_msgs/lib/python3.12/site-packages/custom_cube_msgs/msg
-- Up-to-date: /home/frans/mega_ws/src/install/custom_cube_msgs/lib/python3.12/site-packages/custom_cube_msgs/msg/__init__.py
-- Up-to-date: /home/frans/mega_ws/src/install/custom_cube_msgs/lib/python3.12/site-packages/custom_cube_msgs/msg/_cube_detections.py
-- Up-to-date: /home/frans/mega_ws/src/install/custom_cube_msgs/lib/python3.12/site-packages/custom_cube_msgs/msg/_cube_detection.py
-- Up-to-date: /home/frans/mega_ws/src/install/custom_cube_msgs/lib/python3.12/site-packages/custom_cube_msgs/msg/_cube_detections_s.c
-- Up-to-date: /home/frans/mega_ws/src/install/custom_cube_msgs/lib/python3.12/site-packages/custom_cube_msgs/msg/_cube_detection_s.c
-- Up-to-date: /home/frans/mega_ws/src/install/custom_cube_msgs/lib/python3.12/site-packages/custom_cube_msgs/custom_cube_msgs_s__rosidl_typesupport_c.so
-- Up-to-date: /home/frans/mega_ws/src/install/custom_cube_msgs/lib/python3.12/site-packages/custom_cube_msgs/custom_cube_msgs_s__rosidl_typesupport_introspection_c.so
-- Up-to-date: /home/frans/mega_ws/src/install/custom_cube_msgs/lib/python3.12/site-packages/custom_cube_msgs/_custom_cube_msgs_s.ep.rosidl_typesupport_introspection_c.c
-- Up-to-date: /home/frans/mega_ws/src/install/custom_cube_msgs/lib/python3.12/site-packages/custom_cube_msgs/custom_cube_msgs_s__rosidl_typesupport_fastrtps_c.so
-- Up-to-date: /home/frans/mega_ws/src/install/custom_cube_msgs/lib/python3.12/site-packages/custom_cube_msgs/_custom_cube_msgs_s.ep.rosidl_typesupport_c.c
Listing '/home/frans/mega_ws/src/install/custom_cube_msgs/lib/python3.12/site-packages/custom_cube_msgs'...
Listing '/home/frans/mega_ws/src/install/custom_cube_msgs/lib/python3.12/site-packages/custom_cube_msgs/msg'...
-- Up-to-date: /home/frans/mega_ws/src/install/custom_cube_msgs/lib/python3.12/site-packages/custom_cube_msgs/custom_cube_msgs_s__rosidl_typesupport_fastrtps_c.so
-- Up-to-date: /home/frans/mega_ws/src/install/custom_cube_msgs/lib/python3.12/site-packages/custom_cube_msgs/custom_cube_msgs_s__rosidl_typesupport_introspection_c.so
-- Up-to-date: /home/frans/mega_ws/src/install/custom_cube_msgs/lib/python3.12/site-packages/custom_cube_msgs/custom_cube_msgs_s__rosidl_typesupport_c.so
-- Up-to-date: /home/frans/mega_ws/src/install/custom_cube_msgs/lib/libcustom_cube_msgs__rosidl_generator_py.so
-- Up-to-date: /home/frans/mega_ws/src/install/custom_cube_msgs/share/custom_cube_msgs/msg/CubeDetection.idl
-- Up-to-date: /home/frans/mega_ws/src/install/custom_cube_msgs/share/custom_cube_msgs/msg/CubeDetections.idl
-- Up-to-date: /home/frans/mega_ws/src/install/custom_cube_msgs/share/custom_cube_msgs/msg/CubeDetection.msg
-- Up-to-date: /home/frans/mega_ws/src/install/custom_cube_msgs/share/custom_cube_msgs/msg/CubeDetections.msg
-- Up-to-date: /home/frans/mega_ws/src/install/custom_cube_msgs/share/ament_index/resource_index/package_run_dependencies/custom_cube_msgs
-- Up-to-date: /home/frans/mega_ws/src/install/custom_cube_msgs/share/ament_index/resource_index/parent_prefix_path/custom_cube_msgs
-- Up-to-date: /home/frans/mega_ws/src/install/custom_cube_msgs/share/custom_cube_msgs/environment/ament_prefix_path.sh
-- Up-to-date: /home/frans/mega_ws/src/install/custom_cube_msgs/share/custom_cube_msgs/environment/ament_prefix_path.dsv
-- Up-to-date: /home/frans/mega_ws/src/install/custom_cube_msgs/share/custom_cube_msgs/environment/path.sh
-- Up-to-date: /home/frans/mega_ws/src/install/custom_cube_msgs/share/custom_cube_msgs/environment/path.dsv
-- Up-to-date: /home/frans/mega_ws/src/install/custom_cube_msgs/share/custom_cube_msgs/local_setup.bash
-- Up-to-date: /home/frans/mega_ws/src/install/custom_cube_msgs/share/custom_cube_msgs/local_setup.sh
-- Up-to-date: /home/frans/mega_ws/src/install/custom_cube_msgs/share/custom_cube_msgs/local_setup.zsh
-- Up-to-date: /home/frans/mega_ws/src/install/custom_cube_msgs/share/custom_cube_msgs/local_setup.dsv
-- Installing: /home/frans/mega_ws/src/install/custom_cube_msgs/share/custom_cube_msgs/package.dsv
-- Up-to-date: /home/frans/mega_ws/src/install/custom_cube_msgs/share/ament_index/resource_index/packages/custom_cube_msgs
-- Up-to-date: /home/frans/mega_ws/src/install/custom_cube_msgs/share/custom_cube_msgs/cmake/export_custom_cube_msgs__rosidl_generator_cExport.cmake
-- Up-to-date: /home/frans/mega_ws/src/install/custom_cube_msgs/share/custom_cube_msgs/cmake/export_custom_cube_msgs__rosidl_generator_cExport-noconfig.cmake
-- Up-to-date: /home/frans/mega_ws/src/install/custom_cube_msgs/share/custom_cube_msgs/cmake/export_custom_cube_msgs__rosidl_typesupport_fastrtps_cExport.cmake
-- Up-to-date: /home/frans/mega_ws/src/install/custom_cube_msgs/share/custom_cube_msgs/cmake/export_custom_cube_msgs__rosidl_typesupport_fastrtps_cExport-noconfig.cmake
-- Up-to-date: /home/frans/mega_ws/src/install/custom_cube_msgs/share/custom_cube_msgs/cmake/custom_cube_msgs__rosidl_typesupport_introspection_cExport.cmake
-- Up-to-date: /home/frans/mega_ws/src/install/custom_cube_msgs/share/custom_cube_msgs/cmake/custom_cube_msgs__rosidl_typesupport_introspection_cExport-noconfig.cmake
-- Up-to-date: /home/frans/mega_ws/src/install/custom_cube_msgs/share/custom_cube_msgs/cmake/custom_cube_msgs__rosidl_typesupport_cExport.cmake
-- Up-to-date: /home/frans/mega_ws/src/install/custom_cube_msgs/share/custom_cube_msgs/cmake/custom_cube_msgs__rosidl_typesupport_cExport-noconfig.cmake
-- Up-to-date: /home/frans/mega_ws/src/install/custom_cube_msgs/share/custom_cube_msgs/cmake/export_custom_cube_msgs__rosidl_generator_cppExport.cmake
-- Up-to-date: /home/frans/mega_ws/src/install/custom_cube_msgs/share/custom_cube_msgs/cmake/export_custom_cube_msgs__rosidl_typesupport_fastrtps_cppExport.cmake
-- Up-to-date: /home/frans/mega_ws/src/install/custom_cube_msgs/share/custom_cube_msgs/cmake/export_custom_cube_msgs__rosidl_typesupport_fastrtps_cppExport-noconfig.cmake
-- Up-to-date: /home/frans/mega_ws/src/install/custom_cube_msgs/share/custom_cube_msgs/cmake/custom_cube_msgs__rosidl_typesupport_introspection_cppExport.cmake
-- Up-to-date: /home/frans/mega_ws/src/install/custom_cube_msgs/share/custom_cube_msgs/cmake/custom_cube_msgs__rosidl_typesupport_introspection_cppExport-noconfig.cmake
-- Up-to-date: /home/frans/mega_ws/src/install/custom_cube_msgs/share/custom_cube_msgs/cmake/custom_cube_msgs__rosidl_typesupport_cppExport.cmake
-- Up-to-date: /home/frans/mega_ws/src/install/custom_cube_msgs/share/custom_cube_msgs/cmake/custom_cube_msgs__rosidl_typesupport_cppExport-noconfig.cmake
-- Up-to-date: /home/frans/mega_ws/src/install/custom_cube_msgs/share/custom_cube_msgs/cmake/export_custom_cube_msgs__rosidl_generator_pyExport.cmake
-- Up-to-date: /home/frans/mega_ws/src/install/custom_cube_msgs/share/custom_cube_msgs/cmake/export_custom_cube_msgs__rosidl_generator_pyExport-noconfig.cmake
-- Up-to-date: /home/frans/mega_ws/src/install/custom_cube_msgs/share/custom_cube_msgs/cmake/rosidl_cmake-extras.cmake
-- Up-to-date: /home/frans/mega_ws/src/install/custom_cube_msgs/share/custom_cube_msgs/cmake/ament_cmake_export_dependencies-extras.cmake
-- Up-to-date: /home/frans/mega_ws/src/install/custom_cube_msgs/share/custom_cube_msgs/cmake/ament_cmake_export_include_directories-extras.cmake
-- Up-to-date: /home/frans/mega_ws/src/install/custom_cube_msgs/share/custom_cube_msgs/cmake/ament_cmake_export_libraries-extras.cmake
-- Up-to-date: /home/frans/mega_ws/src/install/custom_cube_msgs/share/custom_cube_msgs/cmake/ament_cmake_export_targets-extras.cmake
-- Up-to-date: /home/frans/mega_ws/src/install/custom_cube_msgs/share/custom_cube_msgs/cmake/rosidl_cmake_export_typesupport_targets-extras.cmake
-- Up-to-date: /home/frans/mega_ws/src/install/custom_cube_msgs/share/custom_cube_msgs/cmake/rosidl_cmake_export_typesupport_libraries-extras.cmake
-- Up-to-date: /home/frans/mega_ws/src/install/custom_cube_msgs/share/custom_cube_msgs/cmake/custom_cube_msgsConfig.cmake
-- Up-to-date: /home/frans/mega_ws/src/install/custom_cube_msgs/share/custom_cube_msgs/cmake/custom_cube_msgsConfig-version.cmake
-- Up-to-date: /home/frans/mega_ws/src/install/custom_cube_msgs/share/custom_cube_msgs/package.xml
