[1.470s] Invoking command in '/home/frans/mega_ws/src/error_handler': DEBUGINFOD_URLS=https://debuginfod.ubuntu.com PYTHONPATH=/home/frans/mega_ws/src/build/error_handler/prefix_override:/usr/lib/python3/dist-packages/colcon_core/task/python/colcon_distutils_commands:/home/frans/mega_ws/src/install/error_handler/lib/python3.12/site-packages:${PYTHONPATH} /usr/bin/python3 -W ignore:setup.py install is deprecated -W ignore:easy_install command is deprecated setup.py egg_info --egg-base ../build/error_handler build --build-base /home/frans/mega_ws/src/build/error_handler/build install --record /home/frans/mega_ws/src/build/error_handler/install.log --single-version-externally-managed install_data
[1.779s] running egg_info
[1.801s] writing ../build/error_handler/error_handler.egg-info/PKG-INFO
[1.801s] writing dependency_links to ../build/error_handler/error_handler.egg-info/dependency_links.txt
[1.802s] writing entry points to ../build/error_handler/error_handler.egg-info/entry_points.txt
[1.802s] writing requirements to ../build/error_handler/error_handler.egg-info/requires.txt
[1.802s] writing top-level names to ../build/error_handler/error_handler.egg-info/top_level.txt
[1.852s] reading manifest file '../build/error_handler/error_handler.egg-info/SOURCES.txt'
[1.852s] adding license file 'LICENSE'
[1.853s] writing manifest file '../build/error_handler/error_handler.egg-info/SOURCES.txt'
[1.853s] running build
[1.853s] running build_py
[1.853s] running install
[1.860s] running install_lib
[1.883s] running install_data
[1.883s] running install_egg_info
[1.908s] removing '/home/frans/mega_ws/src/install/error_handler/lib/python3.12/site-packages/error_handler-0.0.0-py3.12.egg-info' (and everything under it)
[1.909s] Copying ../build/error_handler/error_handler.egg-info to /home/frans/mega_ws/src/install/error_handler/lib/python3.12/site-packages/error_handler-0.0.0-py3.12.egg-info
[1.910s] running install_scripts
[2.046s] Installing error_handler_node script to /home/frans/mega_ws/src/install/error_handler/lib/error_handler
[2.047s] writing list of installed files to '/home/frans/mega_ws/src/build/error_handler/install.log'
[2.082s] Invoked command in '/home/frans/mega_ws/src/error_handler' returned '0': DEBUGINFOD_URLS=https://debuginfod.ubuntu.com PYTHONPATH=/home/frans/mega_ws/src/build/error_handler/prefix_override:/usr/lib/python3/dist-packages/colcon_core/task/python/colcon_distutils_commands:/home/frans/mega_ws/src/install/error_handler/lib/python3.12/site-packages:${PYTHONPATH} /usr/bin/python3 -W ignore:setup.py install is deprecated -W ignore:easy_install command is deprecated setup.py egg_info --egg-base ../build/error_handler build --build-base /home/frans/mega_ws/src/build/error_handler/build install --record /home/frans/mega_ws/src/build/error_handler/install.log --single-version-externally-managed install_data
